#                                                                                                  --- full sequence --- -------------- this domain -------------   hmm coord   ali coord   env coord
# target name                              accession   tlen query name           accession   qlen   E-value  score  bias   #  of  c-Evalue  i-Evalue  score  bias  from    to  from    to  from    to  acc description of target
#                      ------------------- ---------- ----- -------------------- ---------- ----- --------- ------ ----- --- --- --------- --------- ------ ----- ----- ----- ----- ----- ----- ----- ---- ---------------------
6989at33634_0|contig_237:1264224-1266297|+ -            692 6989at33634          -            498  3.9e-219  715.9  64.0   1   4  2.7e-147  2.7e-147  478.9  13.7     1   269     1   280     1   317 0.90 <unknown description>
6989at33634_0|contig_237:1264224-1266297|+ -            692 6989at33634          -            498  3.9e-219  715.9  64.0   2   4      0.31      0.31   -2.9   6.5   410   443   303   346   280   379 0.48 <unknown description>
6989at33634_0|contig_237:1264224-1266297|+ -            692 6989at33634          -            498  3.9e-219  715.9  64.0   3   4   8.9e-60   8.9e-60  190.2  18.9   290   455   387   578   344   592 0.81 <unknown description>
6989at33634_0|contig_237:1264224-1266297|+ -            692 6989at33634          -            498  3.9e-219  715.9  64.0   4   4   1.1e-17   1.1e-17   51.4  30.5   390   497   540   659   539   660 0.74 <unknown description>
6989at33634|contig_237:1264224-1270576|+   -            916 6989at33634          -            498  3.7e-176  574.1  78.6   1   5   2.6e-43   2.6e-43  135.9   9.2     1    86     1    86     1    90 0.97 <unknown description>
6989at33634|contig_237:1264224-1270576|+   -            916 6989at33634          -            498  3.7e-176  574.1  78.6   2   5   2.9e-67   2.9e-67  214.9   3.0   143   269    94   228    87   264 0.84 <unknown description>
6989at33634|contig_237:1264224-1270576|+   -            916 6989at33634          -            498  3.7e-176  574.1  78.6   3   5      0.43      0.43   -3.4   6.3   409   442   250   293   229   322 0.47 <unknown description>
6989at33634|contig_237:1264224-1270576|+   -            916 6989at33634          -            498  3.7e-176  574.1  78.6   4   5   2.5e-73   2.5e-73  234.9  35.4   290   497   335   607   298   608 0.89 <unknown description>
6989at33634|contig_237:1264224-1270576|+   -            916 6989at33634          -            498  3.7e-176  574.1  78.6   5   5     0.069     0.069   -0.8   1.7   381   463   753   835   749   909 0.54 <unknown description>
6989at33634_3|contig_237:1264236-1265109|+ -            292 6989at33634          -            498  2.7e-148  482.2   7.2   1   1  3.1e-148  3.1e-148  482.0   7.2     5   267     1   274     1   291 0.95 <unknown description>
#
# Program:         hmmsearch
# Version:         3.4 (Aug 2023)
# Pipeline mode:   SEARCH
# Query file:      /data/djs217/PROJECTS/36_Hpa_genome_assembly/hpa-genome-assembly/busco_downloads/lineages/stramenopiles_odb10/hmms/6989at33634.hmm
# Target file:     /data/djs217/PROJECTS/36_Hpa_genome_assembly/hpa-genome-assembly/Noks1.01.busco/run_stramenopiles_odb10/miniprot_output/translated_proteins/6989at33634.faa
# Option settings: hmmsearch --domtblout /data/djs217/PROJECTS/36_Hpa_genome_assembly/hpa-genome-assembly/Noks1.01.busco/run_stramenopiles_odb10/hmmer_output/6989at33634.out --cpu 1 /data/djs217/PROJECTS/36_Hpa_genome_assembly/hpa-genome-assembly/busco_downloads/lineages/stramenopiles_odb10/hmms/6989at33634.hmm /data/djs217/PROJECTS/36_Hpa_genome_assembly/hpa-genome-assembly/Noks1.01.busco/run_stramenopiles_odb10/miniprot_output/translated_proteins/6989at33634.faa 
# Current dir:     /data/djs217/PROJECTS/36_Hpa_genome_assembly/hpa-genome-assembly
# Date:            Thu Jul 17 10:06:28 2025
# [ok]
