A	C	G	T	N	IUPAC	Other	GC	GC_stdev
0.2609	0.2392	0.2392	0.2607	0.0108	0.0001	0.0000	0.4784	0.0557

Main genome scaffold total:         	6436
Main genome contig total:           	18779
Main genome scaffold sequence total:	72155539
Main genome contig sequence total:  	71376825  	1.079% gap
Main genome scaffold N/L50:         	851/23534
Main genome contig N/L50:           	1871/10017
Main genome scaffold N/L90:         	3360/5400
Main genome contig N/L90:           	8341/1774
Max scaffold length:                	154210
Max contig length:                  	104194
Number of scaffolds > 50 KB:        	207
% main genome in scaffolds > 50 KB: 	20.27%


Minimum 	Number        	Number        	Total         	Total         	Scaffold
Scaffold	of            	of            	Scaffold      	Contig        	Contig  
Length  	Scaffolds     	Contigs       	Length        	Length        	Coverage
--------	--------------	--------------	--------------	--------------	--------
    All 	          6436	         18779	      72155539	      71376825	  98.92%
    250 	          6436	         18779	      72155539	      71376825	  98.92%
    500 	          6436	         18779	      72155539	      71376825	  98.92%
   1000 	          5730	         17722	      71646922	      70892231	  98.95%
   2500 	          4644	         15790	      69801908	      69103124	  99.00%
   5000 	          3498	         13380	      65659849	      65039582	  99.06%
  10000 	          2152	          9709	      55934630	      55460380	  99.15%
  25000 	           782	          4714	      34406212	      34158908	  99.28%
  50000 	           207	          1650	      14625165	      14530392	  99.35%
 100000 	            15	           153	       1786028	       1778038	  99.55%

