#                                                                                                  --- full sequence --- -------------- this domain -------------   hmm coord   ali coord   env coord
# target name                              accession   tlen query name           accession   qlen   E-value  score  bias   #  of  c-Evalue  i-Evalue  score  bias  from    to  from    to  from    to  acc description of target
#                      ------------------- ---------- ----- -------------------- ---------- ----- --------- ------ ----- --- --- --------- --------- ------ ----- ----- ----- ----- ----- ----- ----- ---- ---------------------
1803at33634_4|contig_233:1064944-1067773|+ -            920 1803at33634          -            592  5.8e-224  733.3  24.7   1   5    4e-169    4e-169  552.2   4.8     7   374    54   499    48   511 0.86 <unknown description>
1803at33634_4|contig_233:1064944-1067773|+ -            920 1803at33634          -            592  5.8e-224  733.3  24.7   2   5   1.2e-32   1.2e-32  101.5   2.9   378   453   530   629   523   635 0.85 <unknown description>
1803at33634_4|contig_233:1064944-1067773|+ -            920 1803at33634          -            592  5.8e-224  733.3  24.7   3   5   4.8e-15   4.8e-15   43.4   0.0   452   499   666   721   657   730 0.83 <unknown description>
1803at33634_4|contig_233:1064944-1067773|+ -            920 1803at33634          -            592  5.8e-224  733.3  24.7   4   5   2.2e-11   2.2e-11   31.3   0.1   483   551   734   818   725   824 0.78 <unknown description>
1803at33634_4|contig_233:1064944-1067773|+ -            920 1803at33634          -            592  5.8e-224  733.3  24.7   5   5   0.00085   0.00085    6.3   0.3   548   572   846   870   833   904 0.74 <unknown description>
1803at33634_2|contig_416:231739-234217|+   -            827 1803at33634          -            592  1.7e-182  596.4   5.7   1   4  1.5e-169  1.5e-169  553.6   0.2    11   468    10   577     4   581 0.83 <unknown description>
1803at33634_2|contig_416:231739-234217|+   -            827 1803at33634          -            592  1.7e-182  596.4   5.7   2   4   3.4e-10   3.4e-10   27.4   0.0   440   499   591   659   587   673 0.72 <unknown description>
1803at33634_2|contig_416:231739-234217|+   -            827 1803at33634          -            592  1.7e-182  596.4   5.7   3   4   0.00023   0.00023    8.2   0.3   487   534   678   727   660   758 0.74 <unknown description>
1803at33634_2|contig_416:231739-234217|+   -            827 1803at33634          -            592  1.7e-182  596.4   5.7   4   4     0.032     0.032    1.1   0.0   549   570   785   806   772   823 0.82 <unknown description>
1803at33634_9|contig_738:1553210-1555838|+ -            877 1803at33634          -            592  3.6e-177  578.8   3.4   1   5  1.2e-121  1.2e-121  395.5   0.1    11   306    31   365    24   381 0.87 <unknown description>
1803at33634_9|contig_738:1553210-1555838|+ -            877 1803at33634          -            592  3.6e-177  578.8   3.4   2   5   1.6e-41   1.6e-41  130.9   0.0   308   468   395   605   392   610 0.72 <unknown description>
1803at33634_9|contig_738:1553210-1555838|+ -            877 1803at33634          -            592  3.6e-177  578.8   3.4   3   5     3e-11     3e-11   30.9   0.0   452   503   632   691   618   701 0.77 <unknown description>
1803at33634_9|contig_738:1553210-1555838|+ -            877 1803at33634          -            592  3.6e-177  578.8   3.4   4   5   2.4e-05   2.4e-05   11.4   0.0   485   549   704   785   698   816 0.69 <unknown description>
1803at33634_9|contig_738:1553210-1555838|+ -            877 1803at33634          -            592  3.6e-177  578.8   3.4   5   5    0.0079    0.0079    3.1   0.0   549   572   814   837   801   850 0.83 <unknown description>
1803at33634_2|contig_734:2258918-2261405|+ -            830 1803at33634          -            592  1.3e-174  570.3  12.2   1   4  1.3e-163  1.3e-163  534.1   5.8    10   453    18   575    14   593 0.81 <unknown description>
1803at33634_2|contig_734:2258918-2261405|+ -            830 1803at33634          -            592  1.3e-174  570.3  12.2   2   4   4.9e-09   4.9e-09   23.6   0.0   440   498   605   672   600   707 0.77 <unknown description>
1803at33634_2|contig_734:2258918-2261405|+ -            830 1803at33634          -            592  1.3e-174  570.3  12.2   3   4     0.067     0.067    0.0   0.1   506   535   708   739   690   778 0.67 <unknown description>
1803at33634_2|contig_734:2258918-2261405|+ -            830 1803at33634          -            592  1.3e-174  570.3  12.2   4   4    0.0044    0.0044    3.9   0.1   548   572   796   820   767   830 0.81 <unknown description>
1803at33634_9|contig_553:981242-983736|+   -            832 1803at33634          -            592    4e-171  558.8   1.2   1   3  1.5e-158  1.5e-158  517.3   0.1     9   454    19   569    11   579 0.82 <unknown description>
1803at33634_9|contig_553:981242-983736|+   -            832 1803at33634          -            592    4e-171  558.8   1.2   2   3   1.7e-10   1.7e-10   28.4   0.1   453   550   607   744   601   750 0.76 <unknown description>
1803at33634_9|contig_553:981242-983736|+   -            832 1803at33634          -            592    4e-171  558.8   1.2   3   3      0.02      0.02    1.8   0.0   548   571   770   793   762   805 0.88 <unknown description>
1803at33634_9|contig_455:1730209-1733089|- -            863 1803at33634          -            592  2.5e-155  506.7   5.8   1   3  3.5e-114  3.5e-114  370.8   0.8     9   373    20   463     1   468 0.79 <unknown description>
1803at33634_9|contig_455:1730209-1733089|- -            863 1803at33634          -            592  2.5e-155  506.7   5.8   2   3   3.1e-25   3.1e-25   77.1   0.1   385   452   506   594   498   614 0.84 <unknown description>
1803at33634_9|contig_455:1730209-1733089|- -            863 1803at33634          -            592  2.5e-155  506.7   5.8   3   3   7.6e-16   7.6e-16   46.1   0.0   446   551   629   775   614   780 0.76 <unknown description>
#
# Program:         hmmsearch
# Version:         3.4 (Aug 2023)
# Pipeline mode:   SEARCH
# Query file:      /data/djs217/PROJECTS/36_Hpa_genome_assembly/hpa-genome-assembly/busco_downloads/lineages/stramenopiles_odb10/hmms/1803at33634.hmm
# Target file:     /data/djs217/PROJECTS/36_Hpa_genome_assembly/hpa-genome-assembly/Noks1.03.busco/run_stramenopiles_odb10/miniprot_output/translated_proteins/1803at33634.faa
# Option settings: hmmsearch --domtblout /data/djs217/PROJECTS/36_Hpa_genome_assembly/hpa-genome-assembly/Noks1.03.busco/run_stramenopiles_odb10/hmmer_output/1803at33634.out --cpu 1 /data/djs217/PROJECTS/36_Hpa_genome_assembly/hpa-genome-assembly/busco_downloads/lineages/stramenopiles_odb10/hmms/1803at33634.hmm /data/djs217/PROJECTS/36_Hpa_genome_assembly/hpa-genome-assembly/Noks1.03.busco/run_stramenopiles_odb10/miniprot_output/translated_proteins/1803at33634.faa 
# Current dir:     /data/djs217/PROJECTS/36_Hpa_genome_assembly/hpa-genome-assembly
# Date:            Thu Jul 17 10:07:22 2025
# [ok]
