#                                                                                                  --- full sequence --- -------------- this domain -------------   hmm coord   ali coord   env coord
# target name                              accession   tlen query name           accession   qlen   E-value  score  bias   #  of  c-Evalue  i-Evalue  score  bias  from    to  from    to  from    to  acc description of target
#                      ------------------- ---------- ----- -------------------- ---------- ----- --------- ------ ----- --- --- --------- --------- ------ ----- ----- ----- ----- ----- ----- ----- ---- ---------------------
1803at33634_4|contig_214:106212-109041|-   -            920 1803at33634          -            592  4.9e-224  733.3  24.7   1   5  3.3e-169  3.3e-169  552.2   4.8     7   374    54   499    48   511 0.86 <unknown description>
1803at33634_4|contig_214:106212-109041|-   -            920 1803at33634          -            592  4.9e-224  733.3  24.7   2   5     1e-32     1e-32  101.5   2.9   378   453   530   629   523   635 0.85 <unknown description>
1803at33634_4|contig_214:106212-109041|-   -            920 1803at33634          -            592  4.9e-224  733.3  24.7   3   5     4e-15     4e-15   43.4   0.0   452   499   666   721   657   730 0.83 <unknown description>
1803at33634_4|contig_214:106212-109041|-   -            920 1803at33634          -            592  4.9e-224  733.3  24.7   4   5   1.8e-11   1.8e-11   31.3   0.1   483   551   734   818   725   824 0.78 <unknown description>
1803at33634_4|contig_214:106212-109041|-   -            920 1803at33634          -            592  4.9e-224  733.3  24.7   5   5   0.00071   0.00071    6.3   0.3   548   572   846   870   833   904 0.74 <unknown description>
1803at33634_2|contig_505:2438520-2440998|+ -            827 1803at33634          -            592  1.4e-182  596.4   5.7   1   4  1.3e-169  1.3e-169  553.6   0.2    11   468    10   577     4   581 0.83 <unknown description>
1803at33634_2|contig_505:2438520-2440998|+ -            827 1803at33634          -            592  1.4e-182  596.4   5.7   2   4   2.8e-10   2.8e-10   27.4   0.0   440   499   591   659   587   673 0.72 <unknown description>
1803at33634_2|contig_505:2438520-2440998|+ -            827 1803at33634          -            592  1.4e-182  596.4   5.7   3   4   0.00019   0.00019    8.2   0.3   487   534   678   727   660   758 0.74 <unknown description>
1803at33634_2|contig_505:2438520-2440998|+ -            827 1803at33634          -            592  1.4e-182  596.4   5.7   4   4     0.026     0.026    1.1   0.0   549   570   785   806   772   823 0.82 <unknown description>
1803at33634_9|contig_750:3748694-3751322|- -            877 1803at33634          -            592    3e-177  578.8   3.4   1   5  9.8e-122  9.8e-122  395.5   0.1    11   306    31   365    24   381 0.87 <unknown description>
1803at33634_9|contig_750:3748694-3751322|- -            877 1803at33634          -            592    3e-177  578.8   3.4   2   5   1.3e-41   1.3e-41  130.9   0.0   308   468   395   605   392   610 0.72 <unknown description>
1803at33634_9|contig_750:3748694-3751322|- -            877 1803at33634          -            592    3e-177  578.8   3.4   3   5   2.5e-11   2.5e-11   30.9   0.0   452   503   632   691   618   701 0.77 <unknown description>
1803at33634_9|contig_750:3748694-3751322|- -            877 1803at33634          -            592    3e-177  578.8   3.4   4   5     2e-05     2e-05   11.4   0.0   485   549   704   785   698   816 0.69 <unknown description>
1803at33634_9|contig_750:3748694-3751322|- -            877 1803at33634          -            592    3e-177  578.8   3.4   5   5    0.0066    0.0066    3.1   0.0   549   572   814   837   801   850 0.83 <unknown description>
1803at33634_2|contig_617:2933242-2935729|+ -            830 1803at33634          -            592  1.1e-174  570.3  12.2   1   4    1e-163    1e-163  534.1   5.8    10   453    18   575    14   593 0.81 <unknown description>
1803at33634_2|contig_617:2933242-2935729|+ -            830 1803at33634          -            592  1.1e-174  570.3  12.2   2   4   4.1e-09   4.1e-09   23.6   0.0   440   498   605   672   600   707 0.77 <unknown description>
1803at33634_2|contig_617:2933242-2935729|+ -            830 1803at33634          -            592  1.1e-174  570.3  12.2   3   4     0.056     0.056    0.0   0.1   506   535   708   739   690   778 0.67 <unknown description>
1803at33634_2|contig_617:2933242-2935729|+ -            830 1803at33634          -            592  1.1e-174  570.3  12.2   4   4    0.0037    0.0037    3.9   0.1   548   572   796   820   767   830 0.81 <unknown description>
1803at33634_9|contig_323:970523-973413|-   -            856 1803at33634          -            592    7e-151  491.7   2.7   1   4  2.9e-102  2.9e-102  331.2   0.2     9   298    20   355     1   364 0.85 <unknown description>
1803at33634_9|contig_323:970523-973413|-   -            856 1803at33634          -            592    7e-151  491.7   2.7   2   4   1.4e-14   1.4e-14   41.7   0.0   307   374   389   466   379   472 0.79 <unknown description>
1803at33634_9|contig_323:970523-973413|-   -            856 1803at33634          -            592    7e-151  491.7   2.7   3   4   3.4e-25   3.4e-25   76.7   0.1   385   452   509   597   495   628 0.81 <unknown description>
1803at33634_9|contig_323:970523-973413|-   -            856 1803at33634          -            592    7e-151  491.7   2.7   4   4   1.2e-11   1.2e-11   32.0   0.0   451   552   628   770   619   780 0.76 <unknown description>
#
# Program:         hmmsearch
# Version:         3.4 (Aug 2023)
# Pipeline mode:   SEARCH
# Query file:      /data/djs217/PROJECTS/36_Hpa_genome_assembly/hpa-genome-assembly/busco_downloads/lineages/stramenopiles_odb10/hmms/1803at33634.hmm
# Target file:     /data/djs217/PROJECTS/36_Hpa_genome_assembly/hpa-genome-assembly/Noks1.05.busco/run_stramenopiles_odb10/miniprot_output/translated_proteins/1803at33634.faa
# Option settings: hmmsearch --domtblout /data/djs217/PROJECTS/36_Hpa_genome_assembly/hpa-genome-assembly/Noks1.05.busco/run_stramenopiles_odb10/hmmer_output/1803at33634.out --cpu 1 /data/djs217/PROJECTS/36_Hpa_genome_assembly/hpa-genome-assembly/busco_downloads/lineages/stramenopiles_odb10/hmms/1803at33634.hmm /data/djs217/PROJECTS/36_Hpa_genome_assembly/hpa-genome-assembly/Noks1.05.busco/run_stramenopiles_odb10/miniprot_output/translated_proteins/1803at33634.faa 
# Current dir:     /data/djs217/PROJECTS/36_Hpa_genome_assembly/hpa-genome-assembly
# Date:            Thu Jul 17 10:08:15 2025
# [ok]
