#                                                                                                --- full sequence --- -------------- this domain -------------   hmm coord   ali coord   env coord
# target name                            accession   tlen query name           accession   qlen   E-value  score  bias   #  of  c-Evalue  i-Evalue  score  bias  from    to  from    to  from    to  acc description of target
#                    ------------------- ---------- ----- -------------------- ---------- ----- --------- ------ ----- --- --- --------- --------- ------ ----- ----- ----- ----- ----- ----- ----- ---- ---------------------
1326at33634_1|SZZJ01002113.1:5357-9272|- -           1306 1326at33634          -            744  1.8e-235  770.4  42.0   1   7   5.4e-27   5.4e-27   81.1   3.0     6   113    47   185    41   209 0.82 <unknown description>
1326at33634_1|SZZJ01002113.1:5357-9272|- -           1306 1326at33634          -            744  1.8e-235  770.4  42.0   2   7    0.0013    0.0013    3.8   0.0   110   130   215   236   212   249 0.86 <unknown description>
1326at33634_1|SZZJ01002113.1:5357-9272|- -           1306 1326at33634          -            744  1.8e-235  770.4  42.0   3   7   9.4e-43   9.4e-43  133.2   0.1   140   266   280   422   253   447 0.79 <unknown description>
1326at33634_1|SZZJ01002113.1:5357-9272|- -           1306 1326at33634          -            744  1.8e-235  770.4  42.0   4   7  2.3e-125  2.3e-125  406.3   6.0   262   559   497   837   488   843 0.90 <unknown description>
1326at33634_1|SZZJ01002113.1:5357-9272|- -           1306 1326at33634          -            744  1.8e-235  770.4  42.0   5   7    0.0039    0.0039    2.2   0.3   535   559   843   868   838   877 0.84 <unknown description>
1326at33634_1|SZZJ01002113.1:5357-9272|- -           1306 1326at33634          -            744  1.8e-235  770.4  42.0   6   7   5.1e-24   5.1e-24   71.2   0.0   535   652   874  1019   871  1029 0.82 <unknown description>
1326at33634_1|SZZJ01002113.1:5357-9272|- -           1306 1326at33634          -            744  1.8e-235  770.4  42.0   7   7   1.3e-26   1.3e-26   79.8   5.3   643   735  1116  1237  1100  1242 0.78 <unknown description>
1326at33634_0|SZZJ01002113.1:5357-8201|- -            869 1326at33634          -            744  1.8e-186  608.4  27.1   1   6   3.3e-17   3.3e-17   48.7   0.0   218   266    17    65     3    90 0.75 <unknown description>
1326at33634_0|SZZJ01002113.1:5357-8201|- -            869 1326at33634          -            744  1.8e-186  608.4  27.1   2   6  5.3e-126  5.3e-126  408.4   5.2   262   559   140   480   131   490 0.90 <unknown description>
1326at33634_0|SZZJ01002113.1:5357-8201|- -            869 1326at33634          -            744  1.8e-186  608.4  27.1   3   6    0.0029    0.0029    2.6   0.4   535   559   486   511   483   516 0.83 <unknown description>
1326at33634_0|SZZJ01002113.1:5357-8201|- -            869 1326at33634          -            744  1.8e-186  608.4  27.1   4   6   2.7e-24   2.7e-24   72.2   0.0   535   653   517   663   515   681 0.83 <unknown description>
1326at33634_0|SZZJ01002113.1:5357-8201|- -            869 1326at33634          -            744  1.8e-186  608.4  27.1   5   6   2.7e-08   2.7e-08   19.3   0.2   643   682   679   727   666   732 0.79 <unknown description>
1326at33634_0|SZZJ01002113.1:5357-8201|- -            869 1326at33634          -            744  1.8e-186  608.4  27.1   6   6   2.6e-23   2.6e-23   68.9   0.2   680   735   745   800   737   805 0.94 <unknown description>
#
# Program:         hmmsearch
# Version:         3.4 (Aug 2023)
# Pipeline mode:   SEARCH
# Query file:      /data/djs217/PROJECTS/36_Hpa_genome_assembly/hpa-genome-assembly/final_assemblies/busco_downloads/lineages/stramenopiles_odb10/hmms/1326at33634.hmm
# Target file:     /data/djs217/PROJECTS/36_Hpa_genome_assembly/hpa-genome-assembly/final_assemblies/GCA_019297675.1_ASM1929767v1_genomic.fna.busco/run_stramenopiles_odb10/miniprot_output/translated_proteins/1326at33634.faa
# Option settings: hmmsearch --domtblout /data/djs217/PROJECTS/36_Hpa_genome_assembly/hpa-genome-assembly/final_assemblies/GCA_019297675.1_ASM1929767v1_genomic.fna.busco/run_stramenopiles_odb10/hmmer_output/1326at33634.out --cpu 1 /data/djs217/PROJECTS/36_Hpa_genome_assembly/hpa-genome-assembly/final_assemblies/busco_downloads/lineages/stramenopiles_odb10/hmms/1326at33634.hmm /data/djs217/PROJECTS/36_Hpa_genome_assembly/hpa-genome-assembly/final_assemblies/GCA_019297675.1_ASM1929767v1_genomic.fna.busco/run_stramenopiles_odb10/miniprot_output/translated_proteins/1326at33634.faa 
# Current dir:     /data/djs217/PROJECTS/36_Hpa_genome_assembly/hpa-genome-assembly/final_assemblies
# Date:            Sat Jul 19 09:42:26 2025
# [ok]
