#                                                                                                   --- full sequence --- -------------- this domain -------------   hmm coord   ali coord   env coord
# target name                               accession   tlen query name           accession   qlen   E-value  score  bias   #  of  c-Evalue  i-Evalue  score  bias  from    to  from    to  from    to  acc description of target
#                       ------------------- ---------- ----- -------------------- ---------- ----- --------- ------ ----- --- --- --------- --------- ------ ----- ----- ----- ----- ----- ----- ----- ---- ---------------------
18615at33634_1|SZZJ01000557.1:27858-30244|- -            656 18615at33634         -            377  3.5e-129  418.4  10.7   1   5   3.2e-27   3.2e-27   82.8   0.0     2    58     8    64     7    77 0.93 <unknown description>
18615at33634_1|SZZJ01000557.1:27858-30244|- -            656 18615at33634         -            377  3.5e-129  418.4  10.7   2   5   2.6e-16   2.6e-16   46.9   0.0    57   101   121   165   109   171 0.92 <unknown description>
18615at33634_1|SZZJ01000557.1:27858-30244|- -            656 18615at33634         -            377  3.5e-129  418.4  10.7   3   5   7.1e-68   7.1e-68  216.6   1.0   100   250   185   365   176   373 0.88 <unknown description>
18615at33634_1|SZZJ01000557.1:27858-30244|- -            656 18615at33634         -            377  3.5e-129  418.4  10.7   4   5   7.3e-08   7.3e-08   19.1   0.0   255   304   409   471   401   502 0.79 <unknown description>
18615at33634_1|SZZJ01000557.1:27858-30244|- -            656 18615at33634         -            377  3.5e-129  418.4  10.7   5   5   7.5e-18   7.5e-18   51.9   1.0   322   377   588   645   576   645 0.89 <unknown description>
18615at33634_9|SZZJ01000557.1:25599-30244|- -            682 18615at33634         -            377  2.6e-127  412.2   7.7   1   5   3.4e-27   3.4e-27   82.7   0.0     2    58     8    64     7    77 0.93 <unknown description>
18615at33634_9|SZZJ01000557.1:25599-30244|- -            682 18615at33634         -            377  2.6e-127  412.2   7.7   2   5   2.8e-16   2.8e-16   46.8   0.0    57   101   121   165   109   171 0.92 <unknown description>
18615at33634_9|SZZJ01000557.1:25599-30244|- -            682 18615at33634         -            377  2.6e-127  412.2   7.7   3   5   7.5e-68   7.5e-68  216.5   1.0   100   250   185   365   172   373 0.88 <unknown description>
18615at33634_9|SZZJ01000557.1:25599-30244|- -            682 18615at33634         -            377  2.6e-127  412.2   7.7   4   5   9.3e-08   9.3e-08   18.7   0.0   255   304   409   471   401   490 0.80 <unknown description>
18615at33634_9|SZZJ01000557.1:25599-30244|- -            682 18615at33634         -            377  2.6e-127  412.2   7.7   5   5   1.8e-15   1.8e-15   44.1   0.3   322   364   576   618   564   629 0.88 <unknown description>
18615at33634_0|SZZJ01000557.1:27741-28632|- -            192 18615at33634         -            377   4.5e-24   72.4   4.2   1   1   4.5e-21   4.5e-21   62.6   4.2   267   377     2   142     1   142 0.71 <unknown description>
#
# Program:         hmmsearch
# Version:         3.4 (Aug 2023)
# Pipeline mode:   SEARCH
# Query file:      /data/djs217/PROJECTS/36_Hpa_genome_assembly/hpa-genome-assembly/final_assemblies/busco_downloads/lineages/stramenopiles_odb10/hmms/18615at33634.hmm
# Target file:     /data/djs217/PROJECTS/36_Hpa_genome_assembly/hpa-genome-assembly/final_assemblies/GCA_019297675.1_ASM1929767v1_genomic.fna.busco/run_stramenopiles_odb10/miniprot_output/translated_proteins/18615at33634.faa
# Option settings: hmmsearch --domtblout /data/djs217/PROJECTS/36_Hpa_genome_assembly/hpa-genome-assembly/final_assemblies/GCA_019297675.1_ASM1929767v1_genomic.fna.busco/run_stramenopiles_odb10/hmmer_output/18615at33634.out --cpu 1 /data/djs217/PROJECTS/36_Hpa_genome_assembly/hpa-genome-assembly/final_assemblies/busco_downloads/lineages/stramenopiles_odb10/hmms/18615at33634.hmm /data/djs217/PROJECTS/36_Hpa_genome_assembly/hpa-genome-assembly/final_assemblies/GCA_019297675.1_ASM1929767v1_genomic.fna.busco/run_stramenopiles_odb10/miniprot_output/translated_proteins/18615at33634.faa 
# Current dir:     /data/djs217/PROJECTS/36_Hpa_genome_assembly/hpa-genome-assembly/final_assemblies
# Date:            Sat Jul 19 13:20:03 2025
# [ok]
