#                                                                                                  --- full sequence --- -------------- this domain -------------   hmm coord   ali coord   env coord
# target name                              accession   tlen query name           accession   qlen   E-value  score  bias   #  of  c-Evalue  i-Evalue  score  bias  from    to  from    to  from    to  acc description of target
#                      ------------------- ---------- ----- -------------------- ---------- ----- --------- ------ ----- --- --- --------- --------- ------ ----- ----- ----- ----- ----- ----- ----- ---- ---------------------
2880at33634_5|SZZJ01000142.1:13018-18244|+ -            838 2880at33634          -            582  5.6e-267  875.1  26.3   1   4  1.2e-203  1.7e-203  665.5   9.4     1   369    32   413    32   422 0.97 <unknown description>
2880at33634_5|SZZJ01000142.1:13018-18244|+ -            838 2880at33634          -            582  5.6e-267  875.1  26.3   2   4     8e-53   1.1e-52  167.5   2.6   361   493   444   600   428   623 0.83 <unknown description>
2880at33634_5|SZZJ01000142.1:13018-18244|+ -            838 2880at33634          -            582  5.6e-267  875.1  26.3   3   4   5.4e-07   7.2e-07   16.2   0.0   483   507   625   649   621   658 0.93 <unknown description>
2880at33634_5|SZZJ01000142.1:13018-18244|+ -            838 2880at33634          -            582  5.6e-267  875.1  26.3   4   4   7.6e-10     1e-09   25.6   0.1   534   572   766   811   725   819 0.74 <unknown description>
2880at33634_0|SZZJ01000142.1:15529-18250|+ -            844 2880at33634          -            582    6e-267  875.0  26.3   1   4  1.3e-203  1.7e-203  665.5   9.4     1   369    36   417    36   426 0.97 <unknown description>
2880at33634_0|SZZJ01000142.1:15529-18250|+ -            844 2880at33634          -            582    6e-267  875.0  26.3   2   4   8.1e-53   1.1e-52  167.5   2.6   361   493   448   604   432   627 0.83 <unknown description>
2880at33634_0|SZZJ01000142.1:15529-18250|+ -            844 2880at33634          -            582    6e-267  875.0  26.3   3   4   5.4e-07   7.2e-07   16.2   0.0   483   507   629   653   625   662 0.93 <unknown description>
2880at33634_0|SZZJ01000142.1:15529-18250|+ -            844 2880at33634          -            582    6e-267  875.0  26.3   4   4   7.6e-10     1e-09   25.6   0.1   534   572   770   815   729   823 0.74 <unknown description>
2880at33634|SZZJ01000142.1:15529-16945|+   -            409 2880at33634          -            582    2e-201  658.6  10.1   1   1  1.7e-201  2.3e-201  658.4  10.1     1   361    36   409    36   409 0.98 <unknown description>
#
# Program:         hmmsearch
# Version:         3.4 (Aug 2023)
# Pipeline mode:   SEARCH
# Query file:      /data/djs217/PROJECTS/36_Hpa_genome_assembly/hpa-genome-assembly/final_assemblies/busco_downloads/lineages/stramenopiles_odb10/hmms/2880at33634.hmm
# Target file:     /data/djs217/PROJECTS/36_Hpa_genome_assembly/hpa-genome-assembly/final_assemblies/GCA_019297675.1_ASM1929767v1_genomic.fna.busco/run_stramenopiles_odb10/miniprot_output/translated_proteins/2880at33634.faa
# Option settings: hmmsearch --domtblout /data/djs217/PROJECTS/36_Hpa_genome_assembly/hpa-genome-assembly/final_assemblies/GCA_019297675.1_ASM1929767v1_genomic.fna.busco/run_stramenopiles_odb10/hmmer_output/2880at33634.out --cpu 1 /data/djs217/PROJECTS/36_Hpa_genome_assembly/hpa-genome-assembly/final_assemblies/busco_downloads/lineages/stramenopiles_odb10/hmms/2880at33634.hmm /data/djs217/PROJECTS/36_Hpa_genome_assembly/hpa-genome-assembly/final_assemblies/GCA_019297675.1_ASM1929767v1_genomic.fna.busco/run_stramenopiles_odb10/miniprot_output/translated_proteins/2880at33634.faa 
# Current dir:     /data/djs217/PROJECTS/36_Hpa_genome_assembly/hpa-genome-assembly/final_assemblies
# Date:            Sat Jul 19 09:42:26 2025
# [ok]
