#                                                                                                --- full sequence --- -------------- this domain -------------   hmm coord   ali coord   env coord
# target name                            accession   tlen query name           accession   qlen   E-value  score  bias   #  of  c-Evalue  i-Evalue  score  bias  from    to  from    to  from    to  acc description of target
#                    ------------------- ---------- ----- -------------------- ---------- ----- --------- ------ ----- --- --- --------- --------- ------ ----- ----- ----- ----- ----- ----- ----- ---- ---------------------
1326at33634_1|JH598042.1:125800-128494|- -            899 1326at33634          -            744  1.1e-195  638.8  25.3   1   5   4.9e-27   4.9e-27   81.2   3.3     4   111    41   180    38   184 0.81 <unknown description>
1326at33634_1|JH598042.1:125800-128494|- -            899 1326at33634          -            744  1.1e-195  638.8  25.3   2   5    0.0004    0.0004    5.5   0.0   106   130   199   224   187   243 0.81 <unknown description>
1326at33634_1|JH598042.1:125800-128494|- -            899 1326at33634          -            744  1.1e-195  638.8  25.3   3   5   2.7e-43   2.7e-43  135.0   0.1   140   264   268   405   226   430 0.80 <unknown description>
1326at33634_1|JH598042.1:125800-128494|- -            899 1326at33634          -            744  1.1e-195  638.8  25.3   4   5  2.8e-124  2.8e-124  402.7   7.0   262   560   482   823   471   839 0.90 <unknown description>
1326at33634_1|JH598042.1:125800-128494|- -            899 1326at33634          -            744  1.1e-195  638.8  25.3   5   5   1.3e-07   1.3e-07   17.0   0.0   542   585   835   881   827   887 0.77 <unknown description>
1326at33634_0|JH598042.1:125800-127459|- -            554 1326at33634          -            744  2.5e-145  472.3  10.4   1   3   1.3e-17   1.3e-17   50.0   0.0   218   264    14    60     2    85 0.73 <unknown description>
1326at33634_0|JH598042.1:125800-127459|- -            554 1326at33634          -            744  2.5e-145  472.3  10.4   2   3  8.5e-125  8.5e-125  404.4   7.0   262   560   137   478   126   494 0.90 <unknown description>
1326at33634_0|JH598042.1:125800-127459|- -            554 1326at33634          -            744  2.5e-145  472.3  10.4   3   3   7.2e-08   7.2e-08   17.9   0.0   541   585   489   536   481   542 0.78 <unknown description>
#
# Program:         hmmsearch
# Version:         3.4 (Aug 2023)
# Pipeline mode:   SEARCH
# Query file:      /data/djs217/PROJECTS/36_Hpa_genome_assembly/hpa-genome-assembly/final_assemblies/busco_downloads/lineages/stramenopiles_odb10/hmms/1326at33634.hmm
# Target file:     /data/djs217/PROJECTS/36_Hpa_genome_assembly/hpa-genome-assembly/final_assemblies/GCA_000173235.2_HyaAraEmoy2_2.0_genomic.fna.busco/run_stramenopiles_odb10/miniprot_output/translated_proteins/1326at33634.faa
# Option settings: hmmsearch --domtblout /data/djs217/PROJECTS/36_Hpa_genome_assembly/hpa-genome-assembly/final_assemblies/GCA_000173235.2_HyaAraEmoy2_2.0_genomic.fna.busco/run_stramenopiles_odb10/hmmer_output/1326at33634.out --cpu 1 /data/djs217/PROJECTS/36_Hpa_genome_assembly/hpa-genome-assembly/final_assemblies/busco_downloads/lineages/stramenopiles_odb10/hmms/1326at33634.hmm /data/djs217/PROJECTS/36_Hpa_genome_assembly/hpa-genome-assembly/final_assemblies/GCA_000173235.2_HyaAraEmoy2_2.0_genomic.fna.busco/run_stramenopiles_odb10/miniprot_output/translated_proteins/1326at33634.faa 
# Current dir:     /data/djs217/PROJECTS/36_Hpa_genome_assembly/hpa-genome-assembly/final_assemblies
# Date:            Sat Jul 19 09:49:03 2025
# [ok]
