#                                                                                                --- full sequence --- -------------- this domain -------------   hmm coord   ali coord   env coord
# target name                            accession   tlen query name           accession   qlen   E-value  score  bias   #  of  c-Evalue  i-Evalue  score  bias  from    to  from    to  from    to  acc description of target
#                    ------------------- ---------- ----- -------------------- ---------- ----- --------- ------ ----- --- --- --------- --------- ------ ----- ----- ----- ----- ----- ----- ----- ---- ---------------------
4406at33634_1|JH598637.1:705254-708095|+ -            836 4406at33634          -            435  5.1e-210  685.9  12.4   1   2   2.8e-85   2.8e-85  274.8   2.5     1   233   184   488   184   527 0.84 <unknown description>
4406at33634_1|JH598637.1:705254-708095|+ -            836 4406at33634          -            435  5.1e-210  685.9  12.4   2   2  4.5e-128  4.5e-128  415.8   2.4   220   435   613   834   570   834 0.95 <unknown description>
4406at33634_7|JH598637.1:699666-708095|+ -            981 4406at33634          -            435  8.3e-210  685.1  12.0   1   2   3.5e-85   3.5e-85  274.5   2.3     1   233   329   633   329   664 0.85 <unknown description>
4406at33634_7|JH598637.1:699666-708095|+ -            981 4406at33634          -            435  8.3e-210  685.1  12.0   2   2    6e-128    6e-128  415.4   2.4   220   435   758   979   715   979 0.95 <unknown description>
4406at33634_5|JH598637.1:705847-708083|+ -            659 4406at33634          -            435  3.2e-209  683.2  13.5   1   2   2.4e-85   2.4e-85  275.0   3.1     1   233    11   315    11   354 0.84 <unknown description>
4406at33634_5|JH598637.1:705847-708083|+ -            659 4406at33634          -            435  3.2e-209  683.2  13.5   2   2  2.9e-127  2.9e-127  413.2   2.7   220   433   440   659   397   659 0.95 <unknown description>
4406at33634_0|JH598637.1:705254-706264|+ -            209 4406at33634          -            435   2.7e-30   93.6   1.4   1   1   4.3e-30   4.3e-30   92.9   1.4     1    84   104   209   104   209 0.85 <unknown description>
#
# Program:         hmmsearch
# Version:         3.4 (Aug 2023)
# Pipeline mode:   SEARCH
# Query file:      /data/djs217/PROJECTS/36_Hpa_genome_assembly/hpa-genome-assembly/final_assemblies/busco_downloads/lineages/stramenopiles_odb10/hmms/4406at33634.hmm
# Target file:     /data/djs217/PROJECTS/36_Hpa_genome_assembly/hpa-genome-assembly/final_assemblies/GCA_000173235.2_HyaAraEmoy2_2.0_genomic.fna.busco/run_stramenopiles_odb10/miniprot_output/translated_proteins/4406at33634.faa
# Option settings: hmmsearch --domtblout /data/djs217/PROJECTS/36_Hpa_genome_assembly/hpa-genome-assembly/final_assemblies/GCA_000173235.2_HyaAraEmoy2_2.0_genomic.fna.busco/run_stramenopiles_odb10/hmmer_output/4406at33634.out --cpu 1 /data/djs217/PROJECTS/36_Hpa_genome_assembly/hpa-genome-assembly/final_assemblies/busco_downloads/lineages/stramenopiles_odb10/hmms/4406at33634.hmm /data/djs217/PROJECTS/36_Hpa_genome_assembly/hpa-genome-assembly/final_assemblies/GCA_000173235.2_HyaAraEmoy2_2.0_genomic.fna.busco/run_stramenopiles_odb10/miniprot_output/translated_proteins/4406at33634.faa 
# Current dir:     /data/djs217/PROJECTS/36_Hpa_genome_assembly/hpa-genome-assembly/final_assemblies
# Date:            Sat Jul 19 09:49:03 2025
# [ok]
