#                                                                                             --- full sequence --- -------------- this domain -------------   hmm coord   ali coord   env coord
# target name                         accession   tlen query name           accession   qlen   E-value  score  bias   #  of  c-Evalue  i-Evalue  score  bias  from    to  from    to  from    to  acc description of target
#                 ------------------- ---------- ----- -------------------- ---------- ----- --------- ------ ----- --- --- --------- --------- ------ ----- ----- ----- ----- ----- ----- ----- ---- ---------------------
7485at33634_2|JH598233.1:9757-11482|+ -            576 7485at33634          -            342  2.3e-142  461.6  19.0   1   4   6.6e-68   6.6e-68  216.7   1.2     1   163    77   269    77   279 0.90 <unknown description>
7485at33634_2|JH598233.1:9757-11482|+ -            576 7485at33634          -            342  2.3e-142  461.6  19.0   2   4   1.3e-18   1.3e-18   54.7   1.9   156   210   291   361   282   367 0.85 <unknown description>
7485at33634_2|JH598233.1:9757-11482|+ -            576 7485at33634          -            342  2.3e-142  461.6  19.0   3   4   5.5e-52   5.5e-52  164.4   0.0   210   321   392   507   382   519 0.90 <unknown description>
7485at33634_2|JH598233.1:9757-11482|+ -            576 7485at33634          -            342  2.3e-142  461.6  19.0   4   4   4.2e-12   4.2e-12   33.2   1.6   306   342   531   575   518   575 0.84 <unknown description>
7485at33634_6|JH598233.1:9325-11665|+ -            781 7485at33634          -            342  1.1e-141  459.3  18.5   1   4   1.3e-67   1.3e-67  215.8   1.3     1   163   221   413   221   422 0.90 <unknown description>
7485at33634_6|JH598233.1:9325-11665|+ -            781 7485at33634          -            342  1.1e-141  459.3  18.5   2   4   1.4e-18   1.4e-18   54.5   1.5   155   210   434   505   425   511 0.85 <unknown description>
7485at33634_6|JH598233.1:9325-11665|+ -            781 7485at33634          -            342  1.1e-141  459.3  18.5   3   4   8.8e-52   8.8e-52  163.7   0.0   210   321   536   651   526   663 0.90 <unknown description>
7485at33634_6|JH598233.1:9325-11665|+ -            781 7485at33634          -            342  1.1e-141  459.3  18.5   4   4     6e-12     6e-12   32.7   1.6   306   342   675   719   662   719 0.84 <unknown description>
7485at33634_0|JH598233.1:9325-10970|+ -            532 7485at33634          -            342   1.3e-83  268.4  10.6   1   2   5.6e-68   5.6e-68  217.0   1.2     1   163   221   413   221   423 0.90 <unknown description>
7485at33634_0|JH598233.1:9325-10970|+ -            532 7485at33634          -            342   1.3e-83  268.4  10.6   2   2   1.5e-18   1.5e-18   54.5   2.4   156   210   435   505   426   509 0.85 <unknown description>
#
# Program:         hmmsearch
# Version:         3.4 (Aug 2023)
# Pipeline mode:   SEARCH
# Query file:      /data/djs217/PROJECTS/36_Hpa_genome_assembly/hpa-genome-assembly/final_assemblies/busco_downloads/lineages/stramenopiles_odb10/hmms/7485at33634.hmm
# Target file:     /data/djs217/PROJECTS/36_Hpa_genome_assembly/hpa-genome-assembly/final_assemblies/GCA_000173235.2_HyaAraEmoy2_2.0_genomic.fna.busco/run_stramenopiles_odb10/miniprot_output/translated_proteins/7485at33634.faa
# Option settings: hmmsearch --domtblout /data/djs217/PROJECTS/36_Hpa_genome_assembly/hpa-genome-assembly/final_assemblies/GCA_000173235.2_HyaAraEmoy2_2.0_genomic.fna.busco/run_stramenopiles_odb10/hmmer_output/7485at33634.out --cpu 1 /data/djs217/PROJECTS/36_Hpa_genome_assembly/hpa-genome-assembly/final_assemblies/busco_downloads/lineages/stramenopiles_odb10/hmms/7485at33634.hmm /data/djs217/PROJECTS/36_Hpa_genome_assembly/hpa-genome-assembly/final_assemblies/GCA_000173235.2_HyaAraEmoy2_2.0_genomic.fna.busco/run_stramenopiles_odb10/miniprot_output/translated_proteins/7485at33634.faa 
# Current dir:     /data/djs217/PROJECTS/36_Hpa_genome_assembly/hpa-genome-assembly/final_assemblies
# Date:            Sat Jul 19 09:49:03 2025
# [ok]
