#                                                                                                --- full sequence --- -------------- this domain -------------   hmm coord   ali coord   env coord
# target name                            accession   tlen query name           accession   qlen   E-value  score  bias   #  of  c-Evalue  i-Evalue  score  bias  from    to  from    to  from    to  acc description of target
#                    ------------------- ---------- ----- -------------------- ---------- ----- --------- ------ ----- --- --- --------- --------- ------ ----- ----- ----- ----- ----- ----- ----- ---- ---------------------
8760at33634_0|JH598180.1:131069-133271|- -            592 8760at33634          -            277  8.4e-110  355.0  24.4   1   5   2.9e-11   2.9e-11   31.8   0.2     1    35    50    84    50    94 0.91 <unknown description>
8760at33634_0|JH598180.1:131069-133271|- -            592 8760at33634          -            277  8.4e-110  355.0  24.4   2   5   3.7e-83   3.7e-83  267.6   4.2    32   194   137   322   128   351 0.86 <unknown description>
8760at33634_0|JH598180.1:131069-133271|- -            592 8760at33634          -            277  8.4e-110  355.0  24.4   3   5     0.011     0.011    3.6   0.2   189   214   363   390   345   393 0.68 <unknown description>
8760at33634_0|JH598180.1:131069-133271|- -            592 8760at33634          -            277  8.4e-110  355.0  24.4   4   5   1.9e-07   1.9e-07   19.2   0.0   205   235   409   439   394   473 0.82 <unknown description>
8760at33634_0|JH598180.1:131069-133271|- -            592 8760at33634          -            277  8.4e-110  355.0  24.4   5   5   1.3e-11   1.3e-11   32.9   2.7   220   276   473   544   446   545 0.74 <unknown description>
8760at33634|JH598180.1:118779-133223|-   -            928 8760at33634          -            277  1.9e-104  337.5  16.7   1   3   4.9e-11   4.9e-11   31.1   0.2     1    35    34    68    34    76 0.90 <unknown description>
8760at33634|JH598180.1:118779-133223|-   -            928 8760at33634          -            277  1.9e-104  337.5  16.7   2   3   3.2e-83   3.2e-83  267.8   1.6    32   235   121   364   112   370 0.77 <unknown description>
8760at33634|JH598180.1:118779-133223|-   -            928 8760at33634          -            277  1.9e-104  337.5  16.7   3   3   2.6e-11   2.6e-11   32.0   2.8   220   276   398   469   367   470 0.74 <unknown description>
8760at33634_2|JH598180.1:128604-133142|- -            355 8760at33634          -            277   1.7e-94  304.8   9.0   1   2   1.5e-11   1.5e-11   32.8   0.2     1    35     7    41     7    52 0.91 <unknown description>
8760at33634_2|JH598180.1:128604-133142|- -            355 8760at33634          -            277   1.7e-94  304.8   9.0   2   2   9.9e-84   9.9e-84  269.5   4.0    32   194    94   279    85   306 0.86 <unknown description>
8760at33634_5|JH598180.1:132041-133223|- -            305 8760at33634          -            277   5.9e-94  303.0   9.3   1   2   1.2e-11   1.2e-11   33.1   0.2     1    35    34    68    34    79 0.91 <unknown description>
8760at33634_5|JH598180.1:132041-133223|- -            305 8760at33634          -            277   5.9e-94  303.0   9.3   2   2   4.5e-83   4.5e-83  267.3   4.3    32   192   121   304   112   305 0.90 <unknown description>
8760at33634_6|JH598180.1:131579-132869|- -            358 8760at33634          -            277   1.1e-86  279.1  17.3   1   4   3.7e-78   3.7e-78  251.2   2.4    33   187     4   180     1   189 0.88 <unknown description>
8760at33634_6|JH598180.1:131579-132869|- -            358 8760at33634          -            277   1.1e-86  279.1  17.3   2   4    0.0032    0.0032    5.4   2.1   178   194   199   215   184   240 0.69 <unknown description>
8760at33634_6|JH598180.1:131579-132869|- -            358 8760at33634          -            277   1.1e-86  279.1  17.3   3   4    0.0038    0.0038    5.2   0.2   181   214   269   302   252   308 0.73 <unknown description>
8760at33634_6|JH598180.1:131579-132869|- -            358 8760at33634          -            277   1.1e-86  279.1  17.3   4   4   1.3e-07   1.3e-07   19.8   0.0   205   235   321   351   307   356 0.77 <unknown description>
8760at33634_1|JH598180.1:130435-131468|- -            294 8760at33634          -            277   6.9e-14   40.4   3.2   1   1   1.2e-11   1.2e-11   33.1   3.2   224   276    17    86     5    87 0.79 <unknown description>
#
# Program:         hmmsearch
# Version:         3.4 (Aug 2023)
# Pipeline mode:   SEARCH
# Query file:      /data/djs217/PROJECTS/36_Hpa_genome_assembly/hpa-genome-assembly/final_assemblies/busco_downloads/lineages/stramenopiles_odb10/hmms/8760at33634.hmm
# Target file:     /data/djs217/PROJECTS/36_Hpa_genome_assembly/hpa-genome-assembly/final_assemblies/GCA_000173235.2_HyaAraEmoy2_2.0_genomic.fna.busco/run_stramenopiles_odb10/miniprot_output/translated_proteins/8760at33634.faa
# Option settings: hmmsearch --domtblout /data/djs217/PROJECTS/36_Hpa_genome_assembly/hpa-genome-assembly/final_assemblies/GCA_000173235.2_HyaAraEmoy2_2.0_genomic.fna.busco/run_stramenopiles_odb10/hmmer_output/8760at33634.out --cpu 1 /data/djs217/PROJECTS/36_Hpa_genome_assembly/hpa-genome-assembly/final_assemblies/busco_downloads/lineages/stramenopiles_odb10/hmms/8760at33634.hmm /data/djs217/PROJECTS/36_Hpa_genome_assembly/hpa-genome-assembly/final_assemblies/GCA_000173235.2_HyaAraEmoy2_2.0_genomic.fna.busco/run_stramenopiles_odb10/miniprot_output/translated_proteins/8760at33634.faa 
# Current dir:     /data/djs217/PROJECTS/36_Hpa_genome_assembly/hpa-genome-assembly/final_assemblies
# Date:            Sat Jul 19 09:41:12 2025
# [ok]
