#                                                                                            --- full sequence --- -------------- this domain -------------   hmm coord   ali coord   env coord
# target name                        accession   tlen query name           accession   qlen   E-value  score  bias   #  of  c-Evalue  i-Evalue  score  bias  from    to  from    to  from    to  acc description of target
#                ------------------- ---------- ----- -------------------- ---------- ----- --------- ------ ----- --- --- --------- --------- ------ ----- ----- ----- ----- ----- ----- ----- ---- ---------------------
9939at33634_1|JH598099.1:5180-7028|+ -            617 9939at33634          -            388  7.2e-162  525.8   7.4   1   3  1.1e-127  1.1e-127  413.2   2.4     1   295    86   457    86   470 0.87 <unknown description>
9939at33634_1|JH598099.1:5180-7028|+ -            617 9939at33634          -            388  7.2e-162  525.8   7.4   2   3   1.3e-10   1.3e-10   27.9   0.0   284   324   487   527   478   530 0.86 <unknown description>
9939at33634_1|JH598099.1:5180-7028|+ -            617 9939at33634          -            388  7.2e-162  525.8   7.4   3   3   1.3e-27   1.3e-27   83.9   0.0   318   388   539   613   536   613 0.90 <unknown description>
9939at33634_6|JH598099.1:5774-7019|+ -            416 9939at33634          -            388  2.4e-124  402.3   7.4   1   3   1.3e-89   1.3e-89  287.9   2.5    89   295     8   259     3   273 0.86 <unknown description>
9939at33634_6|JH598099.1:5774-7019|+ -            416 9939at33634          -            388  2.4e-124  402.3   7.4   2   3   7.6e-11   7.6e-11   28.7   0.0   284   324   289   329   280   332 0.86 <unknown description>
9939at33634_6|JH598099.1:5774-7019|+ -            416 9939at33634          -            388  2.4e-124  402.3   7.4   3   3   7.2e-28   7.2e-28   84.7   0.0   318   388   341   415   338   415 0.90 <unknown description>
9939at33634_0|JH598099.1:5180-6152|+ -            325 9939at33634          -            388   6.3e-85  272.5   0.4   1   1   1.1e-84   1.1e-84  271.8   0.4     1   195    86   323    86   325 0.90 <unknown description>
#
# Program:         hmmsearch
# Version:         3.4 (Aug 2023)
# Pipeline mode:   SEARCH
# Query file:      /data/djs217/PROJECTS/36_Hpa_genome_assembly/hpa-genome-assembly/final_assemblies/busco_downloads/lineages/stramenopiles_odb10/hmms/9939at33634.hmm
# Target file:     /data/djs217/PROJECTS/36_Hpa_genome_assembly/hpa-genome-assembly/final_assemblies/GCA_000173235.2_HyaAraEmoy2_2.0_genomic.fna.busco/run_stramenopiles_odb10/miniprot_output/translated_proteins/9939at33634.faa
# Option settings: hmmsearch --domtblout /data/djs217/PROJECTS/36_Hpa_genome_assembly/hpa-genome-assembly/final_assemblies/GCA_000173235.2_HyaAraEmoy2_2.0_genomic.fna.busco/run_stramenopiles_odb10/hmmer_output/9939at33634.out --cpu 1 /data/djs217/PROJECTS/36_Hpa_genome_assembly/hpa-genome-assembly/final_assemblies/busco_downloads/lineages/stramenopiles_odb10/hmms/9939at33634.hmm /data/djs217/PROJECTS/36_Hpa_genome_assembly/hpa-genome-assembly/final_assemblies/GCA_000173235.2_HyaAraEmoy2_2.0_genomic.fna.busco/run_stramenopiles_odb10/miniprot_output/translated_proteins/9939at33634.faa 
# Current dir:     /data/djs217/PROJECTS/36_Hpa_genome_assembly/hpa-genome-assembly/final_assemblies
# Date:            Sat Jul 19 09:41:12 2025
# [ok]
