#                                                                                                 --- full sequence --- -------------- this domain -------------   hmm coord   ali coord   env coord
# target name                             accession   tlen query name           accession   qlen   E-value  score  bias   #  of  c-Evalue  i-Evalue  score  bias  from    to  from    to  from    to  acc description of target
#                     ------------------- ---------- ----- -------------------- ---------- ----- --------- ------ ----- --- --- --------- --------- ------ ----- ----- ----- ----- ----- ----- ----- ---- ---------------------
12562at33634_1|SZZI01000479.1:1032-3285|+ -            726 12562at33634         -            530  6.4e-217  708.4  20.2   1   4   7.6e-89   7.6e-89  285.7   0.0     1   167     4   176     4   184 0.95 <unknown description>
12562at33634_1|SZZI01000479.1:1032-3285|+ -            726 12562at33634         -            530  6.4e-217  708.4  20.2   2   4  2.8e-114  2.8e-114  369.7   0.0   197   420   229   468   211   482 0.91 <unknown description>
12562at33634_1|SZZI01000479.1:1032-3285|+ -            726 12562at33634         -            530  6.4e-217  708.4  20.2   3   4   5.6e-14   5.6e-14   38.7   7.4   411   478   483   549   468   575 0.69 <unknown description>
12562at33634_1|SZZI01000479.1:1032-3285|+ -            726 12562at33634         -            530  6.4e-217  708.4  20.2   4   4   5.4e-08   5.4e-08   18.9   3.4   473   530   610   675   572   675 0.75 <unknown description>
12562at33634|SZZI01000479.1:1538-3288|+   -            584 12562at33634         -            530  5.5e-141  457.8  21.2   1   4   9.9e-13   9.9e-13   34.6   0.0   137   167     1    33     1    41 0.88 <unknown description>
12562at33634|SZZI01000479.1:1538-3288|+   -            584 12562at33634         -            530  5.5e-141  457.8  21.2   2   4  1.8e-114  1.8e-114  370.3   0.0   197   420    86   325    68   339 0.91 <unknown description>
12562at33634|SZZI01000479.1:1538-3288|+   -            584 12562at33634         -            530  5.5e-141  457.8  21.2   3   4   3.9e-14   3.9e-14   39.2   7.6   410   478   339   406   322   432 0.68 <unknown description>
12562at33634|SZZI01000479.1:1538-3288|+   -            584 12562at33634         -            530  5.5e-141  457.8  21.2   4   4     4e-08     4e-08   19.3   3.4   473   530   467   532   429   532 0.75 <unknown description>
#
# Program:         hmmsearch
# Version:         3.4 (Aug 2023)
# Pipeline mode:   SEARCH
# Query file:      /data/djs217/PROJECTS/36_Hpa_genome_assembly/hpa-genome-assembly/final_assemblies/busco_downloads/lineages/stramenopiles_odb10/hmms/12562at33634.hmm
# Target file:     /data/djs217/PROJECTS/36_Hpa_genome_assembly/hpa-genome-assembly/final_assemblies/GCA_019297655.1_ASM1929765v1_genomic.fna.busco/run_stramenopiles_odb10/miniprot_output/translated_proteins/12562at33634.faa
# Option settings: hmmsearch --domtblout /data/djs217/PROJECTS/36_Hpa_genome_assembly/hpa-genome-assembly/final_assemblies/GCA_019297655.1_ASM1929765v1_genomic.fna.busco/run_stramenopiles_odb10/hmmer_output/12562at33634.out --cpu 1 /data/djs217/PROJECTS/36_Hpa_genome_assembly/hpa-genome-assembly/final_assemblies/busco_downloads/lineages/stramenopiles_odb10/hmms/12562at33634.hmm /data/djs217/PROJECTS/36_Hpa_genome_assembly/hpa-genome-assembly/final_assemblies/GCA_019297655.1_ASM1929765v1_genomic.fna.busco/run_stramenopiles_odb10/miniprot_output/translated_proteins/12562at33634.faa 
# Current dir:     /data/djs217/PROJECTS/36_Hpa_genome_assembly/hpa-genome-assembly/final_assemblies
# Date:            Sat Jul 19 09:42:07 2025
# [ok]
