#                                                                                                  --- full sequence --- -------------- this domain -------------   hmm coord   ali coord   env coord
# target name                              accession   tlen query name           accession   qlen   E-value  score  bias   #  of  c-Evalue  i-Evalue  score  bias  from    to  from    to  from    to  acc description of target
#                      ------------------- ---------- ----- -------------------- ---------- ----- --------- ------ ----- --- --- --------- --------- ------ ----- ----- ----- ----- ----- ----- ----- ---- ---------------------
18615at33634_1|SZZI01000423.1:5453-8066|+  -            678 18615at33634         -            377  2.1e-133  432.3  13.9   1   6   3.4e-27   3.4e-27   82.7   0.0     2    58     8    64     7    77 0.93 <unknown description>
18615at33634_1|SZZI01000423.1:5453-8066|+  -            678 18615at33634         -            377  2.1e-133  432.3  13.9   2   6   2.8e-16   2.8e-16   46.8   0.0    57   101   121   165   109   171 0.92 <unknown description>
18615at33634_1|SZZI01000423.1:5453-8066|+  -            678 18615at33634         -            377  2.1e-133  432.3  13.9   3   6   1.3e-08   1.3e-08   21.6   0.0   100   121   185   206   175   209 0.91 <unknown description>
18615at33634_1|SZZI01000423.1:5453-8066|+  -            678 18615at33634         -            377  2.1e-133  432.3  13.9   4   6   2.6e-66   2.6e-66  211.4   1.5   102   250   209   387   206   395 0.88 <unknown description>
18615at33634_1|SZZI01000423.1:5453-8066|+  -            678 18615at33634         -            377  2.1e-133  432.3  13.9   5   6   7.6e-08   7.6e-08   19.0   0.0   255   304   431   493   423   524 0.79 <unknown description>
18615at33634_1|SZZI01000423.1:5453-8066|+  -            678 18615at33634         -            377  2.1e-133  432.3  13.9   6   6   1.2e-17   1.2e-17   51.3   0.7   322   377   610   667   599   667 0.89 <unknown description>
18615at33634_9|SZZI01000423.1:5453-10926|+ -            704 18615at33634         -            377  1.1e-124  403.5   8.9   1   6   3.5e-27   3.5e-27   82.6   0.0     2    58     8    64     7    77 0.93 <unknown description>
18615at33634_9|SZZI01000423.1:5453-10926|+ -            704 18615at33634         -            377  1.1e-124  403.5   8.9   2   6   2.9e-16   2.9e-16   46.7   0.0    57   101   121   165   109   171 0.92 <unknown description>
18615at33634_9|SZZI01000423.1:5453-10926|+ -            704 18615at33634         -            377  1.1e-124  403.5   8.9   3   6   7.8e-12   7.8e-12   32.2   0.0   100   126   185   211   172   215 0.91 <unknown description>
18615at33634_9|SZZI01000423.1:5453-10926|+ -            704 18615at33634         -            377  1.1e-124  403.5   8.9   4   6   1.4e-55   1.4e-55  176.2   1.1   118   250   225   387   217   396 0.86 <unknown description>
18615at33634_9|SZZI01000423.1:5453-10926|+ -            704 18615at33634         -            377  1.1e-124  403.5   8.9   5   6   9.7e-08   9.7e-08   18.7   0.0   255   304   431   493   423   512 0.80 <unknown description>
18615at33634_9|SZZI01000423.1:5453-10926|+ -            704 18615at33634         -            377  1.1e-124  403.5   8.9   6   6   3.2e-15   3.2e-15   43.3   0.2   322   364   598   640   587   651 0.88 <unknown description>
18615at33634_0|SZZI01000423.1:7292-8183|+  -            192 18615at33634         -            377   7.2e-24   71.8   4.1   1   2   7.1e-08   7.1e-08   19.1   0.1   267   323     2    61     1    72 0.81 <unknown description>
18615at33634_0|SZZI01000423.1:7292-8183|+  -            192 18615at33634         -            377   7.2e-24   71.8   4.1   2   2   1.9e-18   1.9e-18   53.9   1.0   322   377    85   142    71   142 0.88 <unknown description>
#
# Program:         hmmsearch
# Version:         3.4 (Aug 2023)
# Pipeline mode:   SEARCH
# Query file:      /data/djs217/PROJECTS/36_Hpa_genome_assembly/hpa-genome-assembly/final_assemblies/busco_downloads/lineages/stramenopiles_odb10/hmms/18615at33634.hmm
# Target file:     /data/djs217/PROJECTS/36_Hpa_genome_assembly/hpa-genome-assembly/final_assemblies/GCA_019297655.1_ASM1929765v1_genomic.fna.busco/run_stramenopiles_odb10/miniprot_output/translated_proteins/18615at33634.faa
# Option settings: hmmsearch --domtblout /data/djs217/PROJECTS/36_Hpa_genome_assembly/hpa-genome-assembly/final_assemblies/GCA_019297655.1_ASM1929765v1_genomic.fna.busco/run_stramenopiles_odb10/hmmer_output/18615at33634.out --cpu 1 /data/djs217/PROJECTS/36_Hpa_genome_assembly/hpa-genome-assembly/final_assemblies/busco_downloads/lineages/stramenopiles_odb10/hmms/18615at33634.hmm /data/djs217/PROJECTS/36_Hpa_genome_assembly/hpa-genome-assembly/final_assemblies/GCA_019297655.1_ASM1929765v1_genomic.fna.busco/run_stramenopiles_odb10/miniprot_output/translated_proteins/18615at33634.faa 
# Current dir:     /data/djs217/PROJECTS/36_Hpa_genome_assembly/hpa-genome-assembly/final_assemblies
# Date:            Sat Jul 19 09:42:07 2025
# [ok]
