#                                                                                                   --- full sequence --- -------------- this domain -------------   hmm coord   ali coord   env coord
# target name                               accession   tlen query name           accession   qlen   E-value  score  bias   #  of  c-Evalue  i-Evalue  score  bias  from    to  from    to  from    to  acc description of target
#                       ------------------- ---------- ----- -------------------- ---------- ----- --------- ------ ----- --- --- --------- --------- ------ ----- ----- ----- ----- ----- ----- ----- ---- ---------------------
20044at33634_1|SZZI01000008.1:11313-14309|- -            780 20044at33634         -            503  1.1e-196  642.3  15.1   1   4  1.6e-143  1.6e-143  466.9   3.4     1   314     6   366     6   391 0.84 <unknown description>
20044at33634_1|SZZI01000008.1:11313-14309|- -            780 20044at33634         -            503  1.1e-196  642.3  15.1   2   4     1e-06     1e-06   15.6   0.0   287   336   419   468   415   477 0.86 <unknown description>
20044at33634_1|SZZI01000008.1:11313-14309|- -            780 20044at33634         -            503  1.1e-196  642.3  15.1   3   4   2.2e-14   2.2e-14   40.9   0.3   331   385   552   609   527   618 0.81 <unknown description>
20044at33634_1|SZZI01000008.1:11313-14309|- -            780 20044at33634         -            503  1.1e-196  642.3  15.1   4   4   5.4e-38   5.4e-38  118.8   0.1   397   503   654   779   643   779 0.87 <unknown description>
20044at33634_4|SZZI01000008.1:11313-13156|- -            435 20044at33634         -            503   2.4e-82  265.1   4.1   1   3   7.2e-38   7.2e-38  118.4   0.1   221   336     1   131     1   141 0.78 <unknown description>
20044at33634_4|SZZI01000008.1:11313-13156|- -            435 20044at33634         -            503   2.4e-82  265.1   4.1   2   3   4.7e-10   4.7e-10   26.7   0.1   353   385   232   264   177   273 0.86 <unknown description>
20044at33634_4|SZZI01000008.1:11313-13156|- -            435 20044at33634         -            503   2.4e-82  265.1   4.1   3   3     2e-38     2e-38  120.2   0.1   397   503   309   434   298   434 0.87 <unknown description>
20044at33634_5|SZZI01000008.1:13759-14312|- -            161 20044at33634         -            503     3e-82  264.8   0.1   1   1   3.3e-82   3.3e-82  264.7   0.1     1   145     7   159     7   161 0.94 <unknown description>
20044at33634_7|SZZI01000008.1:12227-12705|- -            133 20044at33634         -            503   4.9e-08   20.0   0.0   1   1   5.9e-08   5.9e-08   19.7   0.0   287   336    32    81    27    91 0.86 <unknown description>
#
# Program:         hmmsearch
# Version:         3.4 (Aug 2023)
# Pipeline mode:   SEARCH
# Query file:      /data/djs217/PROJECTS/36_Hpa_genome_assembly/hpa-genome-assembly/final_assemblies/busco_downloads/lineages/stramenopiles_odb10/hmms/20044at33634.hmm
# Target file:     /data/djs217/PROJECTS/36_Hpa_genome_assembly/hpa-genome-assembly/final_assemblies/GCA_019297655.1_ASM1929765v1_genomic.fna.busco/run_stramenopiles_odb10/miniprot_output/translated_proteins/20044at33634.faa
# Option settings: hmmsearch --domtblout /data/djs217/PROJECTS/36_Hpa_genome_assembly/hpa-genome-assembly/final_assemblies/GCA_019297655.1_ASM1929765v1_genomic.fna.busco/run_stramenopiles_odb10/hmmer_output/20044at33634.out --cpu 1 /data/djs217/PROJECTS/36_Hpa_genome_assembly/hpa-genome-assembly/final_assemblies/busco_downloads/lineages/stramenopiles_odb10/hmms/20044at33634.hmm /data/djs217/PROJECTS/36_Hpa_genome_assembly/hpa-genome-assembly/final_assemblies/GCA_019297655.1_ASM1929765v1_genomic.fna.busco/run_stramenopiles_odb10/miniprot_output/translated_proteins/20044at33634.faa 
# Current dir:     /data/djs217/PROJECTS/36_Hpa_genome_assembly/hpa-genome-assembly/final_assemblies
# Date:            Sat Jul 19 09:42:07 2025
# [ok]
