#                                                                                                  --- full sequence --- -------------- this domain -------------   hmm coord   ali coord   env coord
# target name                              accession   tlen query name           accession   qlen   E-value  score  bias   #  of  c-Evalue  i-Evalue  score  bias  from    to  from    to  from    to  acc description of target
#                      ------------------- ---------- ----- -------------------- ---------- ----- --------- ------ ----- --- --- --------- --------- ------ ----- ----- ----- ----- ----- ----- ----- ---- ---------------------
2880at33634_5|SZZI01000142.1:13979-19065|+ -            837 2880at33634          -            582  1.3e-268  880.4  26.0   1   4    3e-205    4e-205  670.8   9.1     1   369    32   412    32   421 0.97 <unknown description>
2880at33634_5|SZZI01000142.1:13979-19065|+ -            837 2880at33634          -            582  1.3e-268  880.4  26.0   2   4     8e-53   1.1e-52  167.5   2.6   361   493   443   599   427   622 0.83 <unknown description>
2880at33634_5|SZZI01000142.1:13979-19065|+ -            837 2880at33634          -            582  1.3e-268  880.4  26.0   3   4   5.4e-07   7.2e-07   16.2   0.0   483   507   624   648   620   657 0.93 <unknown description>
2880at33634_5|SZZI01000142.1:13979-19065|+ -            837 2880at33634          -            582  1.3e-268  880.4  26.0   4   4   7.5e-10     1e-09   25.6   0.1   534   572   765   810   724   818 0.74 <unknown description>
2880at33634_0|SZZI01000142.1:16432-19071|+ -            843 2880at33634          -            582  1.4e-268  880.3  26.0   1   4    3e-205    4e-205  670.8   9.1     1   369    36   416    36   425 0.97 <unknown description>
2880at33634_0|SZZI01000142.1:16432-19071|+ -            843 2880at33634          -            582  1.4e-268  880.3  26.0   2   4   8.1e-53   1.1e-52  167.5   2.6   361   493   447   603   431   626 0.83 <unknown description>
2880at33634_0|SZZI01000142.1:16432-19071|+ -            843 2880at33634          -            582  1.4e-268  880.3  26.0   3   4   5.4e-07   7.2e-07   16.2   0.0   483   507   628   652   624   661 0.93 <unknown description>
2880at33634_0|SZZI01000142.1:16432-19071|+ -            843 2880at33634          -            582  1.4e-268  880.3  26.0   4   4   7.6e-10     1e-09   25.6   0.1   534   572   769   814   728   822 0.74 <unknown description>
2880at33634|SZZI01000142.1:16432-17766|+   -            408 2880at33634          -            582  4.8e-203  663.9   9.8   1   1  4.1e-203  5.4e-203  663.8   9.8     1   361    36   408    36   408 0.98 <unknown description>
#
# Program:         hmmsearch
# Version:         3.4 (Aug 2023)
# Pipeline mode:   SEARCH
# Query file:      /data/djs217/PROJECTS/36_Hpa_genome_assembly/hpa-genome-assembly/final_assemblies/busco_downloads/lineages/stramenopiles_odb10/hmms/2880at33634.hmm
# Target file:     /data/djs217/PROJECTS/36_Hpa_genome_assembly/hpa-genome-assembly/final_assemblies/GCA_019297655.1_ASM1929765v1_genomic.fna.busco/run_stramenopiles_odb10/miniprot_output/translated_proteins/2880at33634.faa
# Option settings: hmmsearch --domtblout /data/djs217/PROJECTS/36_Hpa_genome_assembly/hpa-genome-assembly/final_assemblies/GCA_019297655.1_ASM1929765v1_genomic.fna.busco/run_stramenopiles_odb10/hmmer_output/2880at33634.out --cpu 1 /data/djs217/PROJECTS/36_Hpa_genome_assembly/hpa-genome-assembly/final_assemblies/busco_downloads/lineages/stramenopiles_odb10/hmms/2880at33634.hmm /data/djs217/PROJECTS/36_Hpa_genome_assembly/hpa-genome-assembly/final_assemblies/GCA_019297655.1_ASM1929765v1_genomic.fna.busco/run_stramenopiles_odb10/miniprot_output/translated_proteins/2880at33634.faa 
# Current dir:     /data/djs217/PROJECTS/36_Hpa_genome_assembly/hpa-genome-assembly/final_assemblies
# Date:            Sat Jul 19 13:19:44 2025
# [ok]
