#                                                                                                    --- full sequence --- -------------- this domain -------------   hmm coord   ali coord   env coord
# target name                                accession   tlen query name           accession   qlen   E-value  score  bias   #  of  c-Evalue  i-Evalue  score  bias  from    to  from    to  from    to  acc description of target
#                        ------------------- ---------- ----- -------------------- ---------- ----- --------- ------ ----- --- --- --------- --------- ------ ----- ----- ----- ----- ----- ----- ----- ---- ---------------------
3528at33634_1|SZZI01000012.1:113809-116355|- -            829 3528at33634          -            627         0 1067.2   8.9   1   3     4e-68     4e-68  217.6   3.0    26   165    72   227    14   241 0.83 <unknown description>
3528at33634_1|SZZI01000012.1:113809-116355|- -            829 3528at33634          -            627         0 1067.2   8.9   2   3  1.1e-248  1.1e-248  814.1   0.0   166   603   295   758   262   778 0.91 <unknown description>
3528at33634_1|SZZI01000012.1:113809-116355|- -            829 3528at33634          -            627         0 1067.2   8.9   3   3   1.7e-09   1.7e-09   23.9   0.1   590   627   789   828   776   828 0.87 <unknown description>
3528at33634_8|SZZI01000012.1:114097-116118|- -            654 3528at33634          -            627         0 1029.9   8.2   1   3   1.6e-40   1.6e-40  126.4   0.4    31    97     1    67     1    68 0.99 <unknown description>
3528at33634_8|SZZI01000012.1:114097-116118|- -            654 3528at33634          -            627         0 1029.9   8.2   2   3   2.2e-32   2.2e-32   99.5   0.2    88   165    67   148    66   163 0.89 <unknown description>
3528at33634_8|SZZI01000012.1:114097-116118|- -            654 3528at33634          -            627         0 1029.9   8.2   3   3  2.2e-247  2.2e-247  809.8   0.2   166   576   216   653   183   654 0.93 <unknown description>
3528at33634_0|SZZI01000012.1:113809-115621|- -            605 3528at33634          -            627  4.8e-257  841.7   0.3   1   2    4e-249    4e-249  815.5   0.0   166   604    71   535    39   555 0.91 <unknown description>
3528at33634_0|SZZI01000012.1:113809-115621|- -            605 3528at33634          -            627  4.8e-257  841.7   0.3   2   2   1.2e-09   1.2e-09   24.4   0.0   590   627   565   604   553   604 0.87 <unknown description>
#
# Program:         hmmsearch
# Version:         3.4 (Aug 2023)
# Pipeline mode:   SEARCH
# Query file:      /data/djs217/PROJECTS/36_Hpa_genome_assembly/hpa-genome-assembly/final_assemblies/busco_downloads/lineages/stramenopiles_odb10/hmms/3528at33634.hmm
# Target file:     /data/djs217/PROJECTS/36_Hpa_genome_assembly/hpa-genome-assembly/final_assemblies/GCA_019297655.1_ASM1929765v1_genomic.fna.busco/run_stramenopiles_odb10/miniprot_output/translated_proteins/3528at33634.faa
# Option settings: hmmsearch --domtblout /data/djs217/PROJECTS/36_Hpa_genome_assembly/hpa-genome-assembly/final_assemblies/GCA_019297655.1_ASM1929765v1_genomic.fna.busco/run_stramenopiles_odb10/hmmer_output/3528at33634.out --cpu 1 /data/djs217/PROJECTS/36_Hpa_genome_assembly/hpa-genome-assembly/final_assemblies/busco_downloads/lineages/stramenopiles_odb10/hmms/3528at33634.hmm /data/djs217/PROJECTS/36_Hpa_genome_assembly/hpa-genome-assembly/final_assemblies/GCA_019297655.1_ASM1929765v1_genomic.fna.busco/run_stramenopiles_odb10/miniprot_output/translated_proteins/3528at33634.faa 
# Current dir:     /data/djs217/PROJECTS/36_Hpa_genome_assembly/hpa-genome-assembly/final_assemblies
# Date:            Sat Jul 19 13:19:44 2025
# [ok]
