#                                                                                                 --- full sequence --- -------------- this domain -------------   hmm coord   ali coord   env coord
# target name                             accession   tlen query name           accession   qlen   E-value  score  bias   #  of  c-Evalue  i-Evalue  score  bias  from    to  from    to  from    to  acc description of target
#                     ------------------- ---------- ----- -------------------- ---------- ----- --------- ------ ----- --- --- --------- --------- ------ ----- ----- ----- ----- ----- ----- ----- ---- ---------------------
4406at33634_1|SZZI01000026.1:6173-9041|-  -            833 4406at33634          -            435  2.9e-212  693.2   8.7   1   2   3.2e-87   3.2e-87  281.2   0.4     1   233   192   496   192   535 0.84 <unknown description>
4406at33634_1|SZZI01000026.1:6173-9041|-  -            833 4406at33634          -            435  2.9e-212  693.2   8.7   2   2  6.5e-128  6.5e-128  415.3   2.7   220   435   610   831   596   831 0.95 <unknown description>
4406at33634_7|SZZI01000026.1:6173-14805|- -            974 4406at33634          -            435  5.9e-212  692.2   8.8   1   2   4.6e-87   4.6e-87  280.7   0.4     1   233   333   637   333   675 0.84 <unknown description>
4406at33634_7|SZZI01000026.1:6173-14805|- -            974 4406at33634          -            435  5.9e-212  692.2   8.8   2   2  8.6e-128  8.6e-128  414.9   2.7   220   435   751   972   737   972 0.95 <unknown description>
4406at33634_5|SZZI01000026.1:6185-8411|-  -            612 4406at33634          -            435  9.2e-211  688.3  12.5   1   2     5e-87     5e-87  280.5   2.1     1   233    11   315    11   354 0.84 <unknown description>
4406at33634_5|SZZI01000026.1:6185-8411|-  -            612 4406at33634          -            435  9.2e-211  688.3  12.5   2   2  3.7e-127  3.7e-127  412.8   3.1   220   433   393   612   379   612 0.95 <unknown description>
4406at33634_0|SZZI01000026.1:7995-9041|-  -            215 4406at33634          -            435   1.2e-30   94.7   1.3   1   1   1.9e-30   1.9e-30   94.1   1.3     1    84   110   215   110   215 0.85 <unknown description>
#
# Program:         hmmsearch
# Version:         3.4 (Aug 2023)
# Pipeline mode:   SEARCH
# Query file:      /data/djs217/PROJECTS/36_Hpa_genome_assembly/hpa-genome-assembly/final_assemblies/busco_downloads/lineages/stramenopiles_odb10/hmms/4406at33634.hmm
# Target file:     /data/djs217/PROJECTS/36_Hpa_genome_assembly/hpa-genome-assembly/final_assemblies/GCA_019297655.1_ASM1929765v1_genomic.fna.busco/run_stramenopiles_odb10/miniprot_output/translated_proteins/4406at33634.faa
# Option settings: hmmsearch --domtblout /data/djs217/PROJECTS/36_Hpa_genome_assembly/hpa-genome-assembly/final_assemblies/GCA_019297655.1_ASM1929765v1_genomic.fna.busco/run_stramenopiles_odb10/hmmer_output/4406at33634.out --cpu 1 /data/djs217/PROJECTS/36_Hpa_genome_assembly/hpa-genome-assembly/final_assemblies/busco_downloads/lineages/stramenopiles_odb10/hmms/4406at33634.hmm /data/djs217/PROJECTS/36_Hpa_genome_assembly/hpa-genome-assembly/final_assemblies/GCA_019297655.1_ASM1929765v1_genomic.fna.busco/run_stramenopiles_odb10/miniprot_output/translated_proteins/4406at33634.faa 
# Current dir:     /data/djs217/PROJECTS/36_Hpa_genome_assembly/hpa-genome-assembly/final_assemblies
# Date:            Sat Jul 19 09:42:08 2025
# [ok]
