#                                                                                               --- full sequence --- -------------- this domain -------------   hmm coord   ali coord   env coord
# target name                           accession   tlen query name           accession   qlen   E-value  score  bias   #  of  c-Evalue  i-Evalue  score  bias  from    to  from    to  from    to  acc description of target
#                   ------------------- ---------- ----- -------------------- ---------- ----- --------- ------ ----- --- --- --------- --------- ------ ----- ----- ----- ----- ----- ----- ----- ---- ---------------------
9939at33634_1|SZZI01004351.1:49-1885|+  -            613 9939at33634          -            388  1.2e-157  511.9   7.9   1   3  4.6e-124  4.6e-124  401.4   3.5     1   296    82   454    82   478 0.87 <unknown description>
9939at33634_1|SZZI01004351.1:49-1885|+  -            613 9939at33634          -            388  1.2e-157  511.9   7.9   2   3   1.9e-10   1.9e-10   27.4   0.0   284   324   483   523   475   526 0.85 <unknown description>
9939at33634_1|SZZI01004351.1:49-1885|+  -            613 9939at33634          -            388  1.2e-157  511.9   7.9   3   3   5.1e-27   5.1e-27   81.9   0.0   318   388   535   609   532   609 0.92 <unknown description>
9939at33634_6|SZZI01004351.1:631-1876|+ -            416 9939at33634          -            388  1.4e-122  396.5   6.6   1   3   2.3e-88   2.3e-88  283.9   2.5    89   295     8   259     3   280 0.86 <unknown description>
9939at33634_6|SZZI01004351.1:631-1876|+ -            416 9939at33634          -            388  1.4e-122  396.5   6.6   2   3   1.1e-10   1.1e-10   28.1   0.0   284   324   289   329   281   332 0.85 <unknown description>
9939at33634_6|SZZI01004351.1:631-1876|+ -            416 9939at33634          -            388  1.4e-122  396.5   6.6   3   3   2.9e-27   2.9e-27   82.7   0.0   318   388   341   415   338   415 0.92 <unknown description>
9939at33634_0|SZZI01004351.1:49-1009|+  -            321 9939at33634          -            388     1e-81  261.9   0.8   1   1   1.8e-81   1.8e-81  261.1   0.8     1   195    82   319    82   321 0.89 <unknown description>
#
# Program:         hmmsearch
# Version:         3.4 (Aug 2023)
# Pipeline mode:   SEARCH
# Query file:      /data/djs217/PROJECTS/36_Hpa_genome_assembly/hpa-genome-assembly/final_assemblies/busco_downloads/lineages/stramenopiles_odb10/hmms/9939at33634.hmm
# Target file:     /data/djs217/PROJECTS/36_Hpa_genome_assembly/hpa-genome-assembly/final_assemblies/GCA_019297655.1_ASM1929765v1_genomic.fna.busco/run_stramenopiles_odb10/miniprot_output/translated_proteins/9939at33634.faa
# Option settings: hmmsearch --domtblout /data/djs217/PROJECTS/36_Hpa_genome_assembly/hpa-genome-assembly/final_assemblies/GCA_019297655.1_ASM1929765v1_genomic.fna.busco/run_stramenopiles_odb10/hmmer_output/9939at33634.out --cpu 1 /data/djs217/PROJECTS/36_Hpa_genome_assembly/hpa-genome-assembly/final_assemblies/busco_downloads/lineages/stramenopiles_odb10/hmms/9939at33634.hmm /data/djs217/PROJECTS/36_Hpa_genome_assembly/hpa-genome-assembly/final_assemblies/GCA_019297655.1_ASM1929765v1_genomic.fna.busco/run_stramenopiles_odb10/miniprot_output/translated_proteins/9939at33634.faa 
# Current dir:     /data/djs217/PROJECTS/36_Hpa_genome_assembly/hpa-genome-assembly/final_assemblies
# Date:            Sat Jul 19 09:42:08 2025
# [ok]
