#                                                                                                 --- full sequence --- -------------- this domain -------------   hmm coord   ali coord   env coord
# target name                             accession   tlen query name           accession   qlen   E-value  score  bias   #  of  c-Evalue  i-Evalue  score  bias  from    to  from    to  from    to  acc description of target
#                     ------------------- ---------- ----- -------------------- ---------- ----- --------- ------ ----- --- --- --------- --------- ------ ----- ----- ----- ----- ----- ----- ----- ---- ---------------------
1803at33634_4|LKIA01001349.1:4590-7419|+  -            920 1803at33634          -            592    2e-223  730.0  25.3   1   5  9.4e-169  9.4e-169  549.4   4.7     7   374    54   499    48   511 0.86 <unknown description>
1803at33634_4|LKIA01001349.1:4590-7419|+  -            920 1803at33634          -            592    2e-223  730.0  25.3   2   5     4e-33     4e-33  101.5   2.9   378   453   530   629   523   635 0.85 <unknown description>
1803at33634_4|LKIA01001349.1:4590-7419|+  -            920 1803at33634          -            592    2e-223  730.0  25.3   3   5   1.5e-15   1.5e-15   43.6   0.0   452   500   666   722   657   737 0.84 <unknown description>
1803at33634_4|LKIA01001349.1:4590-7419|+  -            920 1803at33634          -            592    2e-223  730.0  25.3   4   5   5.9e-12   5.9e-12   31.7   0.1   482   552   733   819   725   833 0.79 <unknown description>
1803at33634_4|LKIA01001349.1:4590-7419|+  -            920 1803at33634          -            592    2e-223  730.0  25.3   5   5    0.0003    0.0003    6.2   0.4   548   572   846   870   834   904 0.74 <unknown description>
1803at33634_2|LKIA01001403.1:5058-11710|- -            840 1803at33634          -            592  1.7e-178  581.6   9.3   1   3  2.5e-166  2.5e-166  541.4   5.3     9   453     8   566     2   584 0.81 <unknown description>
1803at33634_2|LKIA01001403.1:5058-11710|- -            840 1803at33634          -            592  1.7e-178  581.6   9.3   2   3   6.1e-10   6.1e-10   25.0   0.0   440   502   596   670   593   757 0.62 <unknown description>
1803at33634_2|LKIA01001403.1:5058-11710|- -            840 1803at33634          -            592  1.7e-178  581.6   9.3   3   3    0.0009    0.0009    4.6   0.1   548   584   775   810   766   818 0.77 <unknown description>
#
# Program:         hmmsearch
# Version:         3.4 (Aug 2023)
# Pipeline mode:   SEARCH
# Query file:      /data/djs217/PROJECTS/36_Hpa_genome_assembly/hpa-genome-assembly/final_assemblies/busco_downloads/lineages/stramenopiles_odb10/hmms/1803at33634.hmm
# Target file:     /data/djs217/PROJECTS/36_Hpa_genome_assembly/hpa-genome-assembly/final_assemblies/GCA_001414265.1_Cala2_v1_genomic.fna.busco/run_stramenopiles_odb10/miniprot_output/translated_proteins/1803at33634.faa
# Option settings: hmmsearch --domtblout /data/djs217/PROJECTS/36_Hpa_genome_assembly/hpa-genome-assembly/final_assemblies/GCA_001414265.1_Cala2_v1_genomic.fna.busco/run_stramenopiles_odb10/hmmer_output/1803at33634.out --cpu 1 /data/djs217/PROJECTS/36_Hpa_genome_assembly/hpa-genome-assembly/final_assemblies/busco_downloads/lineages/stramenopiles_odb10/hmms/1803at33634.hmm /data/djs217/PROJECTS/36_Hpa_genome_assembly/hpa-genome-assembly/final_assemblies/GCA_001414265.1_Cala2_v1_genomic.fna.busco/run_stramenopiles_odb10/miniprot_output/translated_proteins/1803at33634.faa 
# Current dir:     /data/djs217/PROJECTS/36_Hpa_genome_assembly/hpa-genome-assembly/final_assemblies
# Date:            Sat Jul 19 09:41:31 2025
# [ok]
