#                                                                                                --- full sequence --- -------------- this domain -------------   hmm coord   ali coord   env coord
# target name                            accession   tlen query name           accession   qlen   E-value  score  bias   #  of  c-Evalue  i-Evalue  score  bias  from    to  from    to  from    to  acc description of target
#                    ------------------- ---------- ----- -------------------- ---------- ----- --------- ------ ----- --- --- --------- --------- ------ ----- ----- ----- ----- ----- ----- ----- ---- ---------------------
6989at33634_0|LKIA01000649.1:5649-7722|- -            692 6989at33634          -            498  3.4e-219  716.1  63.4   1   4    3e-147    3e-147  478.7  13.8     1   269     1   280     1   316 0.90 <unknown description>
6989at33634_0|LKIA01000649.1:5649-7722|- -            692 6989at33634          -            498  3.4e-219  716.1  63.4   2   4      0.46      0.46   -3.5   7.0   410   444   303   347   286   379 0.46 <unknown description>
6989at33634_0|LKIA01000649.1:5649-7722|- -            692 6989at33634          -            498  3.4e-219  716.1  63.4   3   4   5.3e-60   5.3e-60  190.9  18.1   290   455   387   578   349   592 0.81 <unknown description>
6989at33634_0|LKIA01000649.1:5649-7722|- -            692 6989at33634          -            498  3.4e-219  716.1  63.4   4   4   9.6e-18   9.6e-18   51.5  30.0   390   497   540   659   539   660 0.74 <unknown description>
6989at33634|LKIA01000649.1:1370-7722|-   -            916 6989at33634          -            498  5.6e-176  573.5  78.8   1   5   2.5e-43   2.5e-43  135.9   9.2     1    86     1    86     1    90 0.97 <unknown description>
6989at33634|LKIA01000649.1:1370-7722|-   -            916 6989at33634          -            498  5.6e-176  573.5  78.8   2   5   4.9e-67   4.9e-67  214.1   4.1   143   271    94   230    88   274 0.82 <unknown description>
6989at33634|LKIA01000649.1:1370-7722|-   -            916 6989at33634          -            498  5.6e-176  573.5  78.8   3   5      0.32      0.32   -2.9   5.9   409   442   250   293   226   321 0.47 <unknown description>
6989at33634|LKIA01000649.1:1370-7722|-   -            916 6989at33634          -            498  5.6e-176  573.5  78.8   4   5   4.7e-73   4.7e-73  234.0  36.0   290   497   335   607   298   608 0.89 <unknown description>
6989at33634|LKIA01000649.1:1370-7722|-   -            916 6989at33634          -            498  5.6e-176  573.5  78.8   5   5     0.069     0.069   -0.8   1.7   381   463   753   835   749   909 0.54 <unknown description>
6989at33634_3|LKIA01000649.1:6837-7710|- -            292 6989at33634          -            498  2.7e-148  482.2   7.2   1   1  3.1e-148  3.1e-148  482.0   7.2     5   267     1   274     1   291 0.95 <unknown description>
#
# Program:         hmmsearch
# Version:         3.4 (Aug 2023)
# Pipeline mode:   SEARCH
# Query file:      /data/djs217/PROJECTS/36_Hpa_genome_assembly/hpa-genome-assembly/final_assemblies/busco_downloads/lineages/stramenopiles_odb10/hmms/6989at33634.hmm
# Target file:     /data/djs217/PROJECTS/36_Hpa_genome_assembly/hpa-genome-assembly/final_assemblies/GCA_001414265.1_Cala2_v1_genomic.fna.busco/run_stramenopiles_odb10/miniprot_output/translated_proteins/6989at33634.faa
# Option settings: hmmsearch --domtblout /data/djs217/PROJECTS/36_Hpa_genome_assembly/hpa-genome-assembly/final_assemblies/GCA_001414265.1_Cala2_v1_genomic.fna.busco/run_stramenopiles_odb10/hmmer_output/6989at33634.out --cpu 1 /data/djs217/PROJECTS/36_Hpa_genome_assembly/hpa-genome-assembly/final_assemblies/busco_downloads/lineages/stramenopiles_odb10/hmms/6989at33634.hmm /data/djs217/PROJECTS/36_Hpa_genome_assembly/hpa-genome-assembly/final_assemblies/GCA_001414265.1_Cala2_v1_genomic.fna.busco/run_stramenopiles_odb10/miniprot_output/translated_proteins/6989at33634.faa 
# Current dir:     /data/djs217/PROJECTS/36_Hpa_genome_assembly/hpa-genome-assembly/final_assemblies
# Date:            Sat Jul 19 09:41:31 2025
# [ok]
