#                                                                                                 --- full sequence --- -------------- this domain -------------   hmm coord   ali coord   env coord
# target name                             accession   tlen query name           accession   qlen   E-value  score  bias   #  of  c-Evalue  i-Evalue  score  bias  from    to  from    to  from    to  acc description of target
#                     ------------------- ---------- ----- -------------------- ---------- ----- --------- ------ ----- --- --- --------- --------- ------ ----- ----- ----- ----- ----- ----- ----- ---- ---------------------
7485at33634_2|LKIA01001609.1:8661-10386|- -            576 7485at33634          -            342  1.4e-141  459.0  19.6   1   4   4.4e-67   4.4e-67  214.0   2.1     1   163    77   269    77   280 0.90 <unknown description>
7485at33634_2|LKIA01001609.1:8661-10386|- -            576 7485at33634          -            342  1.4e-141  459.0  19.6   2   4   8.6e-19   8.6e-19   55.2   1.5   155   210   290   361   273   367 0.85 <unknown description>
7485at33634_2|LKIA01001609.1:8661-10386|- -            576 7485at33634          -            342  1.4e-141  459.0  19.6   3   4   5.5e-52   5.5e-52  164.4   0.0   210   321   392   507   382   519 0.90 <unknown description>
7485at33634_2|LKIA01001609.1:8661-10386|- -            576 7485at33634          -            342  1.4e-141  459.0  19.6   4   4   4.2e-12   4.2e-12   33.2   1.6   306   342   531   575   518   575 0.84 <unknown description>
7485at33634_6|LKIA01001609.1:8478-10818|- -            781 7485at33634          -            342    7e-141  456.7  19.2   1   4   8.5e-67   8.5e-67  213.1   2.2     1   163   221   413   221   422 0.90 <unknown description>
7485at33634_6|LKIA01001609.1:8478-10818|- -            781 7485at33634          -            342    7e-141  456.7  19.2   2   4   1.4e-18   1.4e-18   54.6   1.6   155   210   434   505   413   511 0.85 <unknown description>
7485at33634_6|LKIA01001609.1:8478-10818|- -            781 7485at33634          -            342    7e-141  456.7  19.2   3   4   8.8e-52   8.8e-52  163.7   0.0   210   321   536   651   526   663 0.90 <unknown description>
7485at33634_6|LKIA01001609.1:8478-10818|- -            781 7485at33634          -            342    7e-141  456.7  19.2   4   4     6e-12     6e-12   32.7   1.6   306   342   675   719   662   719 0.84 <unknown description>
7485at33634_0|LKIA01001609.1:9173-10818|- -            532 7485at33634          -            342   7.8e-83  265.8  11.2   1   2   3.6e-67   3.6e-67  214.3   2.1     1   163   221   413   221   426 0.90 <unknown description>
7485at33634_0|LKIA01001609.1:9173-10818|- -            532 7485at33634          -            342   7.8e-83  265.8  11.2   2   2   9.5e-19   9.5e-19   55.1   2.0   155   210   434   505   415   509 0.85 <unknown description>
#
# Program:         hmmsearch
# Version:         3.4 (Aug 2023)
# Pipeline mode:   SEARCH
# Query file:      /data/djs217/PROJECTS/36_Hpa_genome_assembly/hpa-genome-assembly/final_assemblies/busco_downloads/lineages/stramenopiles_odb10/hmms/7485at33634.hmm
# Target file:     /data/djs217/PROJECTS/36_Hpa_genome_assembly/hpa-genome-assembly/final_assemblies/GCA_001414265.1_Cala2_v1_genomic.fna.busco/run_stramenopiles_odb10/miniprot_output/translated_proteins/7485at33634.faa
# Option settings: hmmsearch --domtblout /data/djs217/PROJECTS/36_Hpa_genome_assembly/hpa-genome-assembly/final_assemblies/GCA_001414265.1_Cala2_v1_genomic.fna.busco/run_stramenopiles_odb10/hmmer_output/7485at33634.out --cpu 1 /data/djs217/PROJECTS/36_Hpa_genome_assembly/hpa-genome-assembly/final_assemblies/busco_downloads/lineages/stramenopiles_odb10/hmms/7485at33634.hmm /data/djs217/PROJECTS/36_Hpa_genome_assembly/hpa-genome-assembly/final_assemblies/GCA_001414265.1_Cala2_v1_genomic.fna.busco/run_stramenopiles_odb10/miniprot_output/translated_proteins/7485at33634.faa 
# Current dir:     /data/djs217/PROJECTS/36_Hpa_genome_assembly/hpa-genome-assembly/final_assemblies
# Date:            Sat Jul 19 09:41:31 2025
# [ok]
