#                                                                                             --- full sequence --- -------------- this domain -------------   hmm coord   ali coord   env coord
# target name                         accession   tlen query name           accession   qlen   E-value  score  bias   #  of  c-Evalue  i-Evalue  score  bias  from    to  from    to  from    to  acc description of target
#                 ------------------- ---------- ----- -------------------- ---------- ----- --------- ------ ----- --- --- --------- --------- ------ ----- ----- ----- ----- ----- ----- ----- ---- ---------------------
302at33634_1|contig_504:80262-86163|- -           1968 302at33634           -           1354         0 1465.9  81.1   1   9   8.1e-12   8.1e-12   30.3   0.0     7    82    68   153    65   157 0.79 <unknown description>
302at33634_1|contig_504:80262-86163|- -           1968 302at33634           -           1354         0 1465.9  81.1   2   9   9.1e-88   9.1e-88  281.9   4.9    61   288   159   409   144   423 0.90 <unknown description>
302at33634_1|contig_504:80262-86163|- -           1968 302at33634           -           1354         0 1465.9  81.1   3   9  3.3e-122  3.3e-122  396.0   8.1   276   624   425   845   421   862 0.85 <unknown description>
302at33634_1|contig_504:80262-86163|- -           1968 302at33634           -           1354         0 1465.9  81.1   4   9   1.2e-17   1.2e-17   49.6   0.1   619   747   875  1046   860  1069 0.68 <unknown description>
302at33634_1|contig_504:80262-86163|- -           1968 302at33634           -           1354         0 1465.9  81.1   5   9   1.6e-11   1.6e-11   29.3   0.0   718   797  1067  1159  1059  1191 0.75 <unknown description>
302at33634_1|contig_504:80262-86163|- -           1968 302at33634           -           1354         0 1465.9  81.1   6   9   6.2e-10   6.2e-10   24.0   2.2   335   471  1209  1360  1182  1369 0.81 <unknown description>
302at33634_1|contig_504:80262-86163|- -           1968 302at33634           -           1354         0 1465.9  81.1   7   9   5.5e-70   5.5e-70  223.0   4.8   894  1092  1389  1598  1378  1606 0.84 <unknown description>
302at33634_1|contig_504:80262-86163|- -           1968 302at33634           -           1354         0 1465.9  81.1   8   9   8.4e-05   8.4e-05    7.0   2.5  1044  1090  1612  1657  1598  1670 0.65 <unknown description>
302at33634_1|contig_504:80262-86163|- -           1968 302at33634           -           1354         0 1465.9  81.1   9   9  1.2e-139  1.2e-139  453.8  20.2  1051  1353  1649  1965  1645  1966 0.87 <unknown description>
302at33634_0|contig_504:82332-86160|- -           1277 302at33634           -           1354  1.2e-241  791.8  32.6   1   6   4.9e-12   4.9e-12   31.0   0.0     7    82    67   152    64   156 0.79 <unknown description>
302at33634_0|contig_504:82332-86160|- -           1277 302at33634           -           1354  1.2e-241  791.8  32.6   2   6   5.3e-88   5.3e-88  282.7   5.0    61   288   158   408   148   423 0.90 <unknown description>
302at33634_0|contig_504:82332-86160|- -           1277 302at33634           -           1354  1.2e-241  791.8  32.6   3   6    2e-122    2e-122  396.7   8.5   276   624   424   844   421   861 0.85 <unknown description>
302at33634_0|contig_504:82332-86160|- -           1277 302at33634           -           1354  1.2e-241  791.8  32.6   4   6   7.1e-18   7.1e-18   50.3   0.1   619   746   874  1044   861  1067 0.67 <unknown description>
302at33634_0|contig_504:82332-86160|- -           1277 302at33634           -           1354  1.2e-241  791.8  32.6   5   6   9.3e-12   9.3e-12   30.1   0.0   718   797  1066  1158  1058  1189 0.75 <unknown description>
302at33634_0|contig_504:82332-86160|- -           1277 302at33634           -           1354  1.2e-241  791.8  32.6   6   6   8.4e-06   8.4e-06   10.3   0.5   335   392  1208  1275  1181  1277 0.64 <unknown description>
#
# Program:         hmmsearch
# Version:         3.4 (Aug 2023)
# Pipeline mode:   SEARCH
# Query file:      /data/djs217/PROJECTS/36_Hpa_genome_assembly/hpa-genome-assembly/busco_downloads/lineages/stramenopiles_odb10/hmms/302at33634.hmm
# Target file:     /data/djs217/PROJECTS/36_Hpa_genome_assembly/hpa-genome-assembly/Cala2.07.busco/run_stramenopiles_odb10/miniprot_output/translated_proteins/302at33634.faa
# Option settings: hmmsearch --domtblout /data/djs217/PROJECTS/36_Hpa_genome_assembly/hpa-genome-assembly/Cala2.07.busco/run_stramenopiles_odb10/hmmer_output/302at33634.out --cpu 1 /data/djs217/PROJECTS/36_Hpa_genome_assembly/hpa-genome-assembly/busco_downloads/lineages/stramenopiles_odb10/hmms/302at33634.hmm /data/djs217/PROJECTS/36_Hpa_genome_assembly/hpa-genome-assembly/Cala2.07.busco/run_stramenopiles_odb10/miniprot_output/translated_proteins/302at33634.faa 
# Current dir:     /data/djs217/PROJECTS/36_Hpa_genome_assembly/hpa-genome-assembly
# Date:            Fri Jul 18 20:15:41 2025
# [ok]
