#                                                                                                  --- full sequence --- -------------- this domain -------------   hmm coord   ali coord   env coord
# target name                              accession   tlen query name           accession   qlen   E-value  score  bias   #  of  c-Evalue  i-Evalue  score  bias  from    to  from    to  from    to  acc description of target
#                      ------------------- ---------- ----- -------------------- ---------- ----- --------- ------ ----- --- --- --------- --------- ------ ----- ----- ----- ----- ----- ----- ----- ---- ---------------------
9939at33634_1|contig_604:360022-361870|+   -            617 9939at33634          -            388  9.7e-162  525.8   7.4   1   3  1.5e-127  1.5e-127  413.2   2.4     1   295    86   457    86   470 0.87 <unknown description>
9939at33634_1|contig_604:360022-361870|+   -            617 9939at33634          -            388  9.7e-162  525.8   7.4   2   3   1.7e-10   1.7e-10   27.9   0.0   284   324   487   527   478   530 0.86 <unknown description>
9939at33634_1|contig_604:360022-361870|+   -            617 9939at33634          -            388  9.7e-162  525.8   7.4   3   3   1.7e-27   1.7e-27   83.9   0.0   318   388   539   613   536   613 0.90 <unknown description>
9939at33634_6|contig_604:360616-361861|+   -            416 9939at33634          -            388  3.2e-124  402.3   7.4   1   3   1.8e-89   1.8e-89  287.9   2.5    89   295     8   259     3   273 0.86 <unknown description>
9939at33634_6|contig_604:360616-361861|+   -            416 9939at33634          -            388  3.2e-124  402.3   7.4   2   3     1e-10     1e-10   28.7   0.0   284   324   289   329   280   332 0.86 <unknown description>
9939at33634_6|contig_604:360616-361861|+   -            416 9939at33634          -            388  3.2e-124  402.3   7.4   3   3   9.6e-28   9.6e-28   84.7   0.0   318   388   341   415   338   415 0.90 <unknown description>
9939at33634_0|contig_604:360022-360994|+   -            325 9939at33634          -            388   8.3e-85  272.5   0.4   1   1   1.4e-84   1.4e-84  271.8   0.4     1   195    86   323    86   325 0.90 <unknown description>
9939at33634_7|contig_552:1698306-1699881|+ -            524 9939at33634          -            388   1.2e-70  225.9   0.2   1   2   2.5e-58   2.5e-58  185.4   0.0     1   290    15   383    15   390 0.76 <unknown description>
9939at33634_7|contig_552:1698306-1699881|+ -            524 9939at33634          -            388   1.2e-70  225.9   0.2   2   2   9.7e-12   9.7e-12   32.0   0.1   325   374   448   498   443   513 0.89 <unknown description>
#
# Program:         hmmsearch
# Version:         3.4 (Aug 2023)
# Pipeline mode:   SEARCH
# Query file:      /data/djs217/PROJECTS/36_Hpa_genome_assembly/hpa-genome-assembly/busco_downloads/lineages/stramenopiles_odb10/hmms/9939at33634.hmm
# Target file:     /data/djs217/PROJECTS/36_Hpa_genome_assembly/hpa-genome-assembly/Cala2.07.busco/run_stramenopiles_odb10/miniprot_output/translated_proteins/9939at33634.faa
# Option settings: hmmsearch --domtblout /data/djs217/PROJECTS/36_Hpa_genome_assembly/hpa-genome-assembly/Cala2.07.busco/run_stramenopiles_odb10/hmmer_output/9939at33634.out --cpu 1 /data/djs217/PROJECTS/36_Hpa_genome_assembly/hpa-genome-assembly/busco_downloads/lineages/stramenopiles_odb10/hmms/9939at33634.hmm /data/djs217/PROJECTS/36_Hpa_genome_assembly/hpa-genome-assembly/Cala2.07.busco/run_stramenopiles_odb10/miniprot_output/translated_proteins/9939at33634.faa 
# Current dir:     /data/djs217/PROJECTS/36_Hpa_genome_assembly/hpa-genome-assembly
# Date:            Fri Jul 18 20:15:41 2025
# [ok]
