#                                                                                                  --- full sequence --- -------------- this domain -------------   hmm coord   ali coord   env coord
# target name                              accession   tlen query name           accession   qlen   E-value  score  bias   #  of  c-Evalue  i-Evalue  score  bias  from    to  from    to  from    to  acc description of target
#                      ------------------- ---------- ----- -------------------- ---------- ----- --------- ------ ----- --- --- --------- --------- ------ ----- ----- ----- ----- ----- ----- ----- ---- ---------------------
1803at33634_4|contig_185:110672-113501|-   -            920 1803at33634          -            592  5.8e-224  733.3  24.7   1   5    4e-169    4e-169  552.2   4.8     7   374    54   499    48   511 0.86 <unknown description>
1803at33634_4|contig_185:110672-113501|-   -            920 1803at33634          -            592  5.8e-224  733.3  24.7   2   5   1.2e-32   1.2e-32  101.5   2.9   378   453   530   629   523   635 0.85 <unknown description>
1803at33634_4|contig_185:110672-113501|-   -            920 1803at33634          -            592  5.8e-224  733.3  24.7   3   5   4.8e-15   4.8e-15   43.4   0.0   452   499   666   721   657   730 0.83 <unknown description>
1803at33634_4|contig_185:110672-113501|-   -            920 1803at33634          -            592  5.8e-224  733.3  24.7   4   5   2.2e-11   2.2e-11   31.3   0.1   483   551   734   818   725   824 0.78 <unknown description>
1803at33634_4|contig_185:110672-113501|-   -            920 1803at33634          -            592  5.8e-224  733.3  24.7   5   5   0.00085   0.00085    6.3   0.3   548   572   846   870   833   904 0.74 <unknown description>
1803at33634_2|contig_873:214873-217351|+   -            827 1803at33634          -            592  9.6e-183  597.2   5.5   1   4  9.6e-170  9.6e-170  554.3   0.2    11   468    10   577     4   583 0.83 <unknown description>
1803at33634_2|contig_873:214873-217351|+   -            827 1803at33634          -            592  9.6e-183  597.2   5.5   2   4   3.4e-10   3.4e-10   27.4   0.0   440   499   591   659   587   673 0.72 <unknown description>
1803at33634_2|contig_873:214873-217351|+   -            827 1803at33634          -            592  9.6e-183  597.2   5.5   3   4   0.00023   0.00023    8.2   0.3   487   534   678   727   660   758 0.74 <unknown description>
1803at33634_2|contig_873:214873-217351|+   -            827 1803at33634          -            592  9.6e-183  597.2   5.5   4   4     0.032     0.032    1.1   0.0   549   570   785   806   772   823 0.82 <unknown description>
1803at33634_2|contig_473:2933242-2935729|+ -            830 1803at33634          -            592  1.3e-174  570.3  12.2   1   4  1.3e-163  1.3e-163  534.1   5.8    10   453    18   575    14   593 0.81 <unknown description>
1803at33634_2|contig_473:2933242-2935729|+ -            830 1803at33634          -            592  1.3e-174  570.3  12.2   2   4   4.9e-09   4.9e-09   23.6   0.0   440   498   605   672   600   707 0.77 <unknown description>
1803at33634_2|contig_473:2933242-2935729|+ -            830 1803at33634          -            592  1.3e-174  570.3  12.2   3   4     0.067     0.067    0.0   0.1   506   535   708   739   690   778 0.67 <unknown description>
1803at33634_2|contig_473:2933242-2935729|+ -            830 1803at33634          -            592  1.3e-174  570.3  12.2   4   4    0.0044    0.0044    3.9   0.1   548   572   796   820   767   830 0.81 <unknown description>
1803at33634_9|contig_613:3799802-3802298|- -            832 1803at33634          -            592  1.5e-170  557.0   1.1   1   3  5.4e-158  5.4e-158  515.5   0.1     9   454    19   569    11   579 0.82 <unknown description>
1803at33634_9|contig_613:3799802-3802298|- -            832 1803at33634          -            592  1.5e-170  557.0   1.1   2   3   1.7e-10   1.7e-10   28.4   0.1   453   550   607   744   601   750 0.76 <unknown description>
1803at33634_9|contig_613:3799802-3802298|- -            832 1803at33634          -            592  1.5e-170  557.0   1.1   3   3      0.02      0.02    1.8   0.0   548   571   770   793   762   805 0.88 <unknown description>
1803at33634_9|contig_483:30285-32843|-     -            853 1803at33634          -            592  7.6e-162  528.2   8.2   1   4  3.4e-111  3.4e-111  360.9   2.0    12   308    38   375    13   390 0.86 <unknown description>
1803at33634_9|contig_483:30285-32843|-     -            853 1803at33634          -            592  7.6e-162  528.2   8.2   2   4   2.7e-51   2.7e-51  163.1   0.0   307   488   417   655   410   700 0.76 <unknown description>
1803at33634_9|contig_483:30285-32843|-     -            853 1803at33634          -            592  7.6e-162  528.2   8.2   3   4      0.54      0.54   -3.0   0.0   531   551   744   764   741   768 0.86 <unknown description>
1803at33634_9|contig_483:30285-32843|-     -            853 1803at33634          -            592  7.6e-162  528.2   8.2   4   4     0.058     0.058    0.2   0.0   548   569   789   810   778   829 0.84 <unknown description>
1803at33634_9|contig_248:3465346-3468230|+ -            854 1803at33634          -            592  8.6e-149  485.1   2.9   1   3  1.1e-111  1.1e-111  362.5   0.2     9   373    20   464     1   469 0.79 <unknown description>
1803at33634_9|contig_248:3465346-3468230|+ -            854 1803at33634          -            592  8.6e-149  485.1   2.9   2   3   1.8e-25   1.8e-25   77.8   0.1   384   452   506   595   487   626 0.80 <unknown description>
1803at33634_9|contig_248:3465346-3468230|+ -            854 1803at33634          -            592  8.6e-149  485.1   2.9   3   3   6.2e-11   6.2e-11   29.8   0.0   452   551   627   767   621   773 0.74 <unknown description>
#
# Program:         hmmsearch
# Version:         3.4 (Aug 2023)
# Pipeline mode:   SEARCH
# Query file:      /data/djs217/PROJECTS/36_Hpa_genome_assembly/hpa-genome-assembly/busco_downloads/lineages/stramenopiles_odb10/hmms/1803at33634.hmm
# Target file:     /data/djs217/PROJECTS/36_Hpa_genome_assembly/hpa-genome-assembly/Noks1.07.busco/run_stramenopiles_odb10/miniprot_output/translated_proteins/1803at33634.faa
# Option settings: hmmsearch --domtblout /data/djs217/PROJECTS/36_Hpa_genome_assembly/hpa-genome-assembly/Noks1.07.busco/run_stramenopiles_odb10/hmmer_output/1803at33634.out --cpu 1 /data/djs217/PROJECTS/36_Hpa_genome_assembly/hpa-genome-assembly/busco_downloads/lineages/stramenopiles_odb10/hmms/1803at33634.hmm /data/djs217/PROJECTS/36_Hpa_genome_assembly/hpa-genome-assembly/Noks1.07.busco/run_stramenopiles_odb10/miniprot_output/translated_proteins/1803at33634.faa 
# Current dir:     /data/djs217/PROJECTS/36_Hpa_genome_assembly/hpa-genome-assembly
# Date:            Thu Jul 17 10:09:03 2025
# [ok]
