A	C	G	T	N	IUPAC	Other	GC	GC_stdev
0.2447	0.2553	0.2550	0.2450	0.0000	0.0000	0.0000	0.5103	0.0933

Main genome scaffold total:         	449
Main genome contig total:           	449
Main genome scaffold sequence total:	111017159
Main genome contig sequence total:  	111017159  	0.000% gap
Main genome scaffold N/L50:         	21/1239311
Main genome contig N/L50:           	21/1239311
Main genome scaffold N/L90:         	104/221257
Main genome contig N/L90:           	104/221257
Max scaffold length:                	6262059
Max contig length:                  	6262059
Number of scaffolds > 50 KB:        	177
% main genome in scaffolds > 50 KB: 	97.40%


Minimum 	Number        	Number        	Total         	Total         	Scaffold
Scaffold	of            	of            	Scaffold      	Contig        	Contig  
Length  	Scaffolds     	Contigs       	Length        	Length        	Coverage
--------	--------------	--------------	--------------	--------------	--------
    All 	           449	           449	     111017159	     111017159	 100.00%
    250 	           449	           449	     111017159	     111017159	 100.00%
    500 	           444	           444	     111015065	     111015065	 100.00%
   1000 	           367	           367	     110964982	     110964982	 100.00%
   2500 	           332	           332	     110905765	     110905765	 100.00%
   5000 	           300	           300	     110788049	     110788049	 100.00%
  10000 	           270	           270	     110575768	     110575768	 100.00%
  25000 	           221	           221	     109752079	     109752079	 100.00%
  50000 	           177	           177	     108131231	     108131231	 100.00%
 100000 	           140	           140	     105474425	     105474425	 100.00%
 250000 	            99	            99	      98865213	      98865213	 100.00%
 500000 	            61	            61	      85167853	      85167853	 100.00%
1000000 	            26	            26	      61668247	      61668247	 100.00%
2500000 	             8	             8	      35353783	      35353783	 100.00%
5000000 	             3	             3	      17639651	      17639651	 100.00%

