#                                                                                                  --- full sequence --- -------------- this domain -------------   hmm coord   ali coord   env coord
# target name                              accession   tlen query name           accession   qlen   E-value  score  bias   #  of  c-Evalue  i-Evalue  score  bias  from    to  from    to  from    to  acc description of target
#                      ------------------- ---------- ----- -------------------- ---------- ----- --------- ------ ----- --- --- --------- --------- ------ ----- ----- ----- ----- ----- ----- ----- ---- ---------------------
5960at33634_1|contig_171:99936-102174|+    -            689 5960at33634          -            498  2.8e-240  786.1   1.6   1   3  9.2e-223  9.2e-223  728.3   0.1     1   421    30   499    30   522 0.91 <unknown description>
5960at33634_1|contig_171:99936-102174|+    -            689 5960at33634          -            498  2.8e-240  786.1   1.6   2   3     0.054     0.054    0.0   0.0   419   459   548   585   544   591 0.82 <unknown description>
5960at33634_1|contig_171:99936-102174|+    -            689 5960at33634          -            498  2.8e-240  786.1   1.6   3   3   1.2e-18   1.2e-18   54.9   0.2   431   497   590   664   575   665 0.85 <unknown description>
5960at33634|contig_171:62423-102150|+      -           1030 5960at33634          -            498  1.4e-239  783.8   1.0   1   3  2.6e-222  2.6e-222  726.7   0.0     1   421   379   848   379   872 0.91 <unknown description>
5960at33634|contig_171:62423-102150|+      -           1030 5960at33634          -            498  1.4e-239  783.8   1.0   2   3     0.082     0.082   -0.5   0.0   419   459   897   934   893   943 0.83 <unknown description>
5960at33634|contig_171:62423-102150|+      -           1030 5960at33634          -            498  1.4e-239  783.8   1.0   3   3   2.1e-18   2.1e-18   54.2   0.2   431   497   939  1013   924  1014 0.85 <unknown description>
5960at33634_3|contig_878:62066-63918|+     -            618 5960at33634          -            498  1.7e-191  625.1   1.0   1   2  4.3e-185  4.3e-185  604.0   0.2     1   418     4   448     4   460 0.92 <unknown description>
5960at33634_3|contig_878:62066-63918|+     -            618 5960at33634          -            498  1.7e-191  625.1   1.0   2   2   7.2e-08   7.2e-08   19.4   0.0   439   495   547   608   523   611 0.76 <unknown description>
5960at33634_3|contig_772:2425125-2427012|+ -            630 5960at33634          -            498  1.5e-183  599.0   0.5   1   2  2.5e-176  2.5e-176  575.1   0.1     1   420     1   448     1   477 0.90 <unknown description>
5960at33634_3|contig_772:2425125-2427012|+ -            630 5960at33634          -            498  1.5e-183  599.0   0.5   2   2     1e-08     1e-08   22.3   0.1   422   497   539   622   529   623 0.82 <unknown description>
#
# Program:         hmmsearch
# Version:         3.4 (Aug 2023)
# Pipeline mode:   SEARCH
# Query file:      /data/djs217/PROJECTS/36_Hpa_genome_assembly/hpa-genome-assembly/busco_downloads/lineages/stramenopiles_odb10/hmms/5960at33634.hmm
# Target file:     /data/djs217/PROJECTS/36_Hpa_genome_assembly/hpa-genome-assembly/Noks1.12.busco/run_stramenopiles_odb10/miniprot_output/translated_proteins/5960at33634.faa
# Option settings: hmmsearch --domtblout /data/djs217/PROJECTS/36_Hpa_genome_assembly/hpa-genome-assembly/Noks1.12.busco/run_stramenopiles_odb10/hmmer_output/5960at33634.out --cpu 1 /data/djs217/PROJECTS/36_Hpa_genome_assembly/hpa-genome-assembly/busco_downloads/lineages/stramenopiles_odb10/hmms/5960at33634.hmm /data/djs217/PROJECTS/36_Hpa_genome_assembly/hpa-genome-assembly/Noks1.12.busco/run_stramenopiles_odb10/miniprot_output/translated_proteins/5960at33634.faa 
# Current dir:     /data/djs217/PROJECTS/36_Hpa_genome_assembly/hpa-genome-assembly
# Date:            Thu Jul 17 10:11:14 2025
# [ok]
