A	C	G	T	N	IUPAC	Other	GC	GC_stdev
0.2586	0.2410	0.2417	0.2588	0.0000	0.0000	0.0000	0.4827	0.0743

Main genome scaffold total:         	398
Main genome contig total:           	398
Main genome scaffold sequence total:	81671640
Main genome contig sequence total:  	81671640  	0.000% gap
Main genome scaffold N/L50:         	32/723954
Main genome contig N/L50:           	32/723954
Main genome scaffold N/L90:         	116/171857
Main genome contig N/L90:           	116/171857
Max scaffold length:                	3362809
Max contig length:                  	3362809
Number of scaffolds > 50 KB:        	166
% main genome in scaffolds > 50 KB: 	96.14%


Minimum 	Number        	Number        	Total         	Total         	Scaffold
Scaffold	of            	of            	Scaffold      	Contig        	Contig  
Length  	Scaffolds     	Contigs       	Length        	Length        	Coverage
--------	--------------	--------------	--------------	--------------	--------
    All 	           398	           398	      81671640	      81671640	 100.00%
    250 	           398	           398	      81671640	      81671640	 100.00%
    500 	           394	           394	      81669682	      81669682	 100.00%
   1000 	           365	           365	      81649710	      81649710	 100.00%
   2500 	           325	           325	      81583299	      81583299	 100.00%
   5000 	           286	           286	      81436426	      81436426	 100.00%
  10000 	           260	           260	      81255792	      81255792	 100.00%
  25000 	           219	           219	      80519553	      80519553	 100.00%
  50000 	           166	           166	      78518031	      78518031	 100.00%
 100000 	           139	           139	      76572803	      76572803	 100.00%
 250000 	            96	            96	      69430398	      69430398	 100.00%
 500000 	            54	            54	      54468430	      54468430	 100.00%
1000000 	            16	            16	      28452885	      28452885	 100.00%
2500000 	             3	             3	       9083161	       9083161	 100.00%

