A	C	G	T	N	IUPAC	Other	GC	GC_stdev
0.2457	0.2540	0.2547	0.2457	0.0000	0.0000	0.0000	0.5087	0.0888

Main genome scaffold total:         	470
Main genome contig total:           	470
Main genome scaffold sequence total:	109700139
Main genome contig sequence total:  	109700139  	0.000% gap
Main genome scaffold N/L50:         	22/1224521
Main genome contig N/L50:           	22/1224521
Main genome scaffold N/L90:         	105/215835
Main genome contig N/L90:           	105/215835
Max scaffold length:                	6075177
Max contig length:                  	6075177
Number of scaffolds > 50 KB:        	173
% main genome in scaffolds > 50 KB: 	96.94%


Minimum 	Number        	Number        	Total         	Total         	Scaffold
Scaffold	of            	of            	Scaffold      	Contig        	Contig  
Length  	Scaffolds     	Contigs       	Length        	Length        	Coverage
--------	--------------	--------------	--------------	--------------	--------
    All 	           470	           470	     109700139	     109700139	 100.00%
    250 	           470	           470	     109700139	     109700139	 100.00%
    500 	           467	           467	     109698808	     109698808	 100.00%
   1000 	           394	           394	     109649649	     109649649	 100.00%
   2500 	           351	           351	     109575455	     109575455	 100.00%
   5000 	           315	           315	     109451472	     109451472	 100.00%
  10000 	           283	           283	     109224337	     109224337	 100.00%
  25000 	           227	           227	     108267200	     108267200	 100.00%
  50000 	           173	           173	     106343007	     106343007	 100.00%
 100000 	           139	           139	     103793739	     103793739	 100.00%
 250000 	            98	            98	      97211032	      97211032	 100.00%
 500000 	            60	            60	      83090966	      83090966	 100.00%
1000000 	            27	            27	      60945303	      60945303	 100.00%
2500000 	             7	             7	      30484345	      30484345	 100.00%
5000000 	             3	             3	      16512107	      16512107	 100.00%

