#                                                                                                 --- full sequence --- -------------- this domain -------------   hmm coord   ali coord   env coord
# target name                             accession   tlen query name           accession   qlen   E-value  score  bias   #  of  c-Evalue  i-Evalue  score  bias  from    to  from    to  from    to  acc description of target
#                     ------------------- ---------- ----- -------------------- ---------- ----- --------- ------ ----- --- --- --------- --------- ------ ----- ----- ----- ----- ----- ----- ----- ---- ---------------------
18615at33634_1|contig_206:104570-106877|- -            683 18615at33634         -            377  7.9e-128  413.3  13.1   1   5   3.2e-27   3.2e-27   82.2   0.0     2    58     8    64     7    75 0.94 <unknown description>
18615at33634_1|contig_206:104570-106877|- -            683 18615at33634         -            377  7.9e-128  413.3  13.1   2   5   5.8e-17   5.8e-17   48.5   0.0    57   101   125   169   112   173 0.91 <unknown description>
18615at33634_1|contig_206:104570-106877|- -            683 18615at33634         -            377  7.9e-128  413.3  13.1   3   5   1.2e-67   1.2e-67  215.2   1.3   100   251   188   369   182   388 0.89 <unknown description>
18615at33634_1|contig_206:104570-106877|- -            683 18615at33634         -            377  7.9e-128  413.3  13.1   4   5   1.2e-07   1.2e-07   17.8   0.0   255   304   412   474   403   498 0.80 <unknown description>
18615at33634_1|contig_206:104570-106877|- -            683 18615at33634         -            377  7.9e-128  413.3  13.1   5   5   9.5e-18   9.5e-18   51.0   0.4   322   377   620   677   616   677 0.90 <unknown description>
18615at33634_0|contig_206:104489-105332|- -            175 18615at33634         -            377   1.7e-24   73.3   2.2   1   2   4.7e-08   4.7e-08   19.1   0.1   267   323     2    61     1    68 0.81 <unknown description>
18615at33634_0|contig_206:104489-105332|- -            175 18615at33634         -            377   1.7e-24   73.3   2.2   2   2   1.1e-18   1.1e-18   54.1   0.4   322   377    85   142    80   142 0.90 <unknown description>
#
# Program:         hmmsearch
# Version:         3.4 (Aug 2023)
# Pipeline mode:   SEARCH
# Query file:      /data/djs217/PROJECTS/36_Hpa_genome_assembly/hpa-genome-assembly/busco_downloads/lineages/stramenopiles_odb10/hmms/18615at33634.hmm
# Target file:     /data/djs217/PROJECTS/36_Hpa_genome_assembly/hpa-genome-assembly/Noks1.02.busco/run_stramenopiles_odb10/miniprot_output/translated_proteins/18615at33634.faa
# Option settings: hmmsearch --domtblout /data/djs217/PROJECTS/36_Hpa_genome_assembly/hpa-genome-assembly/Noks1.02.busco/run_stramenopiles_odb10/hmmer_output/18615at33634.out --cpu 1 /data/djs217/PROJECTS/36_Hpa_genome_assembly/hpa-genome-assembly/busco_downloads/lineages/stramenopiles_odb10/hmms/18615at33634.hmm /data/djs217/PROJECTS/36_Hpa_genome_assembly/hpa-genome-assembly/Noks1.02.busco/run_stramenopiles_odb10/miniprot_output/translated_proteins/18615at33634.faa 
# Current dir:     /data/djs217/PROJECTS/36_Hpa_genome_assembly/hpa-genome-assembly
# Date:            Thu Jul 17 10:06:54 2025
# [ok]
