#                                                                                                 --- full sequence --- -------------- this domain -------------   hmm coord   ali coord   env coord
# target name                             accession   tlen query name           accession   qlen   E-value  score  bias   #  of  c-Evalue  i-Evalue  score  bias  from    to  from    to  from    to  acc description of target
#                     ------------------- ---------- ----- -------------------- ---------- ----- --------- ------ ----- --- --- --------- --------- ------ ----- ----- ----- ----- ----- ----- ----- ---- ---------------------
19836at33634_0|contig_163:652430-654053|+ -            542 19836at33634         -            320  8.3e-125  403.8  52.9   1   3         3         3   -7.4   3.6    13    30    20    37     7    50 0.35 <unknown description>
19836at33634_0|contig_163:652430-654053|+ -            542 19836at33634         -            320  8.3e-125  403.8  52.9   2   3   1.6e-47   1.6e-47  149.8  25.9     7   204   100   350    95   355 0.79 <unknown description>
19836at33634_0|contig_163:652430-654053|+ -            542 19836at33634         -            320  8.3e-125  403.8  52.9   3   3   2.3e-82   2.3e-82  264.3   7.6   170   320   385   541   352   541 0.88 <unknown description>
19836at33634_2|contig_163:652856-654050|+ -            399 19836at33634         -            320  3.6e-113  365.5  26.7   1   2   3.6e-32   3.6e-32   99.4  11.3    50   204     1   208     1   214 0.75 <unknown description>
19836at33634_2|contig_163:652856-654050|+ -            399 19836at33634         -            320  3.6e-113  365.5  26.7   2   2   1.2e-82   1.2e-82  265.3   7.5   170   320   243   399   213   399 0.88 <unknown description>
19836at33634|contig_163:652430-653525|+   -            366 19836at33634         -            320   6.3e-48  151.2  26.1   1   2       2.7       2.7   -5.3   2.8    14    32    18    36     5    53 0.36 <unknown description>
19836at33634|contig_163:652430-653525|+   -            366 19836at33634         -            320   6.3e-48  151.2  26.1   2   2   6.3e-48   6.3e-48  151.2  26.1     7   204   100   350    95   355 0.79 <unknown description>
#
# Program:         hmmsearch
# Version:         3.4 (Aug 2023)
# Pipeline mode:   SEARCH
# Query file:      /data/djs217/PROJECTS/36_Hpa_genome_assembly/hpa-genome-assembly/busco_downloads/lineages/stramenopiles_odb10/hmms/19836at33634.hmm
# Target file:     /data/djs217/PROJECTS/36_Hpa_genome_assembly/hpa-genome-assembly/Noks1.02.busco/run_stramenopiles_odb10/miniprot_output/translated_proteins/19836at33634.faa
# Option settings: hmmsearch --domtblout /data/djs217/PROJECTS/36_Hpa_genome_assembly/hpa-genome-assembly/Noks1.02.busco/run_stramenopiles_odb10/hmmer_output/19836at33634.out --cpu 1 /data/djs217/PROJECTS/36_Hpa_genome_assembly/hpa-genome-assembly/busco_downloads/lineages/stramenopiles_odb10/hmms/19836at33634.hmm /data/djs217/PROJECTS/36_Hpa_genome_assembly/hpa-genome-assembly/Noks1.02.busco/run_stramenopiles_odb10/miniprot_output/translated_proteins/19836at33634.faa 
# Current dir:     /data/djs217/PROJECTS/36_Hpa_genome_assembly/hpa-genome-assembly
# Date:            Thu Jul 17 10:06:55 2025
# [ok]
