2025-07-19 09:48:44 DEBUG:busco.run_BUSCO	Command line: /data/djs217/miniconda3/envs/busco_env/bin/busco -i GCA_000173235.2_HyaAraEmoy2_2.0_genomic.fna -l stramenopiles_odb10 -o GCA_000173235.2_HyaAraEmoy2_2.0_genomic.fna.busco -m genome --cpu 8 -f
2025-07-19 09:48:44 INFO:busco.run_BUSCO	***** Start a BUSCO v6.0.0 analysis, current time: 07/19/2025 09:48:44 *****
2025-07-19 09:48:44 DEBUG:busco.ConfigManager	Getting config file
2025-07-19 09:48:44 INFO:busco.ConfigManager	Configuring BUSCO with local environment
2025-07-19 09:48:44 INFO:busco.BuscoConfig	Running genome mode
2025-07-19 09:48:44 INFO:busco.BuscoConfig	'Force' option selected; overwriting previous results directory
2025-07-19 09:48:44 INFO:busco.BuscoDownloadManager	Downloading information on latest versions of BUSCO data...
2025-07-19 09:48:54 DEBUG:busco.BuscoConfig	State of BUSCO config before run:
2025-07-19 09:48:54 DEBUG:busco.BuscoConfig	{'_allow_no_value': False,
 '_comment_prefixes': ('#', ';'),
 '_converters': <configparser.ConverterMapping object at 0x7ff35a4a74a0>,
 '_defaults': {},
 '_delimiters': ('=', ':'),
 '_dict': <class 'dict'>,
 '_empty_lines_in_values': True,
 '_inline_comment_prefixes': (),
 '_input_filepath': 'GCA_000173235.2_HyaAraEmoy2_2.0_genomic.fna',
 '_interpolation': <configparser.BasicInterpolation object at 0x7ff4707617c0>,
 '_mode': 'genome',
 '_optcre': re.compile('\n        (?P<option>.*?)                    # very permissive!\n        \\s*(?P<vi>=|:)\\s*              # any number of space/tab,\n                                           # followed by any of t, re.VERBOSE),
 '_proxies': {'DEFAULT': <Section: DEFAULT>,
              'augustus': <Section: augustus>,
              'bbtools': <Section: bbtools>,
              'busco_run': <Section: busco_run>,
              'etraining': <Section: etraining>,
              'gff2gbSmallDNA.pl': <Section: gff2gbSmallDNA.pl>,
              'hmmsearch': <Section: hmmsearch>,
              'makeblastdb': <Section: makeblastdb>,
              'metaeuk': <Section: metaeuk>,
              'miniprot': <Section: miniprot>,
              'new_species.pl': <Section: new_species.pl>,
              'optimize_augustus.pl': <Section: optimize_augustus.pl>,
              'prodigal': <Section: prodigal>,
              'sepp': <Section: sepp>,
              'tblastn': <Section: tblastn>},
 '_sections': {'augustus': {'command': '', 'path': ''},
               'bbtools': {'command': '', 'path': ''},
               'busco_run': {'auto-lineage': 'False',
                             'auto-lineage-euk': 'False',
                             'auto-lineage-prok': 'False',
                             'batch_mode': 'False',
                             'cpu': '8',
                             'datasets_version': 'odb10',
                             'download_base_url': 'https://busco-data.ezlab.org/v5/data/',
                             'download_path': '/data/djs217/PROJECTS/36_Hpa_genome_assembly/hpa-genome-assembly/final_assemblies/busco_downloads',
                             'force': 'True',
                             'in': '/data/djs217/PROJECTS/36_Hpa_genome_assembly/hpa-genome-assembly/final_assemblies/GCA_000173235.2_HyaAraEmoy2_2.0_genomic.fna',
                             'lineage_dataset': 'stramenopiles_odb10',
                             'main_out': '/data/djs217/PROJECTS/36_Hpa_genome_assembly/hpa-genome-assembly/final_assemblies/GCA_000173235.2_HyaAraEmoy2_2.0_genomic.fna.busco',
                             'mode': 'genome',
                             'offline': 'False',
                             'opt-out-run-stats': 'False',
                             'out': 'GCA_000173235.2_HyaAraEmoy2_2.0_genomic.fna.busco',
                             'out_path': '/data/djs217/PROJECTS/36_Hpa_genome_assembly/hpa-genome-assembly/final_assemblies',
                             'plot_percentages': 'False',
                             'quiet': 'False',
                             'restart': 'False',
                             'skip_bbtools': 'False',
                             'tar': 'False',
                             'use_augustus': 'False',
                             'use_metaeuk': 'False',
                             'use_miniprot': 'False'},
               'etraining': {'command': '', 'path': ''},
               'gff2gbSmallDNA.pl': {'command': '', 'path': ''},
               'hmmsearch': {'command': '', 'path': ''},
               'makeblastdb': {'command': '', 'path': ''},
               'metaeuk': {'command': '', 'path': ''},
               'miniprot': {'command': '', 'path': ''},
               'new_species.pl': {'command': '', 'path': ''},
               'optimize_augustus.pl': {'command': '', 'path': ''},
               'prodigal': {'command': '', 'path': ''},
               'sepp': {'command': '', 'path': ''},
               'tblastn': {'command': '', 'path': ''}},
 '_strict': True,
 'conf_file': 'local environment',
 'default_section': 'DEFAULT',
 'downloader': <busco.BuscoDownloadManager.BuscoDownloadManager object at 0x7ff35a93b440>,
 'main_out': '/data/djs217/PROJECTS/36_Hpa_genome_assembly/hpa-genome-assembly/final_assemblies/GCA_000173235.2_HyaAraEmoy2_2.0_genomic.fna.busco',
 'params': {'augustus_parameters': None,
            'augustus_species': None,
            'auto-lineage': False,
            'auto-lineage-euk': False,
            'auto-lineage-prok': False,
            'config_file': None,
            'contig_break': None,
            'cpu': 8,
            'datasets_version': None,
            'download': '==SUPPRESS==',
            'download_base_url': None,
            'download_path': None,
            'evalue': None,
            'force': True,
            'help': '==SUPPRESS==',
            'in': 'GCA_000173235.2_HyaAraEmoy2_2.0_genomic.fna',
            'limit': None,
            'lineage_dataset': 'stramenopiles_odb10',
            'list_datasets': '==SUPPRESS==',
            'long': False,
            'metaeuk_parameters': None,
            'metaeuk_rerun_parameters': None,
            'mode': 'genome',
            'offline': False,
            'opt-out-run-stats': False,
            'out': 'GCA_000173235.2_HyaAraEmoy2_2.0_genomic.fna.busco',
            'out_path': None,
            'plot': '==SUPPRESS==',
            'plot_percentages': False,
            'quiet': False,
            'restart': False,
            'scaffold_composition': False,
            'skip_bbtools': False,
            'tar': False,
            'use_augustus': False,
            'use_metaeuk': False,
            'use_miniprot': False,
            'version': '==SUPPRESS=='},
 'run_stats': {'cpu': 8,
               'force': True,
               'lineage_dataset': ['stramenopiles_odb10'],
               'mode': 'genome'}}
2025-07-19 09:48:54 INFO:busco.BuscoRunner	Input file is /data/djs217/PROJECTS/36_Hpa_genome_assembly/hpa-genome-assembly/final_assemblies/GCA_000173235.2_HyaAraEmoy2_2.0_genomic.fna
2025-07-19 09:48:54 INFO:busco.BuscoDownloadManager	The local file or folder /data/djs217/PROJECTS/36_Hpa_genome_assembly/hpa-genome-assembly/final_assemblies/busco_downloads/lineages/stramenopiles_odb10 is the last available version.
2025-07-19 09:48:54 DEBUG:busco.analysis.BuscoAnalysis	Check all required tools are accessible...
2025-07-19 09:48:54 DEBUG:busco.analysis.BuscoAnalysis	Checking dataset for HMM profiles
2025-07-19 09:48:54 INFO:busco.analysis.BuscoAnalysis	Running BUSCO using lineage dataset stramenopiles_odb10 (eukaryota, 2024-01-08)
2025-07-19 09:48:54 INFO:busco.busco_tools.Toolset	Running 1 job(s) on bbtools, starting at 07/19/2025 09:48:54
2025-07-19 09:48:55 DEBUG:busco.busco_tools.Toolset	cmd call: stats.sh format=2 in=/data/djs217/PROJECTS/36_Hpa_genome_assembly/hpa-genome-assembly/final_assemblies/GCA_000173235.2_HyaAraEmoy2_2.0_genomic.fna n=10
2025-07-19 09:48:56 INFO:busco.busco_tools.Toolset	[bbtools]	1 of 1 task(s) completed
2025-07-19 09:48:56 DEBUG:busco.busco_tools.base	Tool: miniprot_index
2025-07-19 09:48:56 DEBUG:busco.busco_tools.base	Version: 0.18-r281
2025-07-19 09:48:56 INFO:busco.busco_tools.Toolset	Running 1 job(s) on miniprot_index, starting at 07/19/2025 09:48:56
2025-07-19 09:48:56 DEBUG:busco.busco_tools.Toolset	cmd call: miniprot -t 8 -d /data/djs217/PROJECTS/36_Hpa_genome_assembly/hpa-genome-assembly/final_assemblies/GCA_000173235.2_HyaAraEmoy2_2.0_genomic.fna.busco/run_stramenopiles_odb10/miniprot_output/ref.mpi /data/djs217/PROJECTS/36_Hpa_genome_assembly/hpa-genome-assembly/final_assemblies/GCA_000173235.2_HyaAraEmoy2_2.0_genomic.fna
2025-07-19 09:48:59 INFO:busco.busco_tools.Toolset	[miniprot_index]	1 of 1 task(s) completed
2025-07-19 09:48:59 DEBUG:busco.busco_tools.base	Tool: miniprot_align
2025-07-19 09:48:59 DEBUG:busco.busco_tools.base	Version: 0.18-r281
2025-07-19 09:48:59 INFO:busco.busco_tools.Toolset	Running 1 job(s) on miniprot_align, starting at 07/19/2025 09:48:59
2025-07-19 09:48:59 DEBUG:busco.busco_tools.Toolset	cmd call: miniprot --trans -u -I --outs 0.95 -t 8 --gff /data/djs217/PROJECTS/36_Hpa_genome_assembly/hpa-genome-assembly/final_assemblies/GCA_000173235.2_HyaAraEmoy2_2.0_genomic.fna.busco/run_stramenopiles_odb10/miniprot_output/ref.mpi /data/djs217/PROJECTS/36_Hpa_genome_assembly/hpa-genome-assembly/final_assemblies/GCA_000173235.2_HyaAraEmoy2_2.0_genomic.fna.busco/tmp/refseq_db.faa
2025-07-19 09:49:02 INFO:busco.busco_tools.Toolset	[miniprot_align]	1 of 1 task(s) completed
2025-07-19 09:49:02 INFO:busco.analysis.BuscoAnalysis	***** Run HMMER on gene sequences *****
2025-07-19 09:49:02 DEBUG:busco.busco_tools.base	Tool: hmmsearch
2025-07-19 09:49:02 DEBUG:busco.busco_tools.base	Version: 3.4
2025-07-19 09:49:02 INFO:busco.busco_tools.Toolset	Running 99 job(s) on hmmsearch, starting at 07/19/2025 09:49:02
2025-07-19 09:49:03 DEBUG:busco.busco_tools.Toolset	cmd call: hmmsearch --domtblout /data/djs217/PROJECTS/36_Hpa_genome_assembly/hpa-genome-assembly/final_assemblies/GCA_000173235.2_HyaAraEmoy2_2.0_genomic.fna.busco/run_stramenopiles_odb10/hmmer_output/10123at33634.out --cpu 1 /data/djs217/PROJECTS/36_Hpa_genome_assembly/hpa-genome-assembly/final_assemblies/busco_downloads/lineages/stramenopiles_odb10/hmms/10123at33634.hmm /data/djs217/PROJECTS/36_Hpa_genome_assembly/hpa-genome-assembly/final_assemblies/GCA_000173235.2_HyaAraEmoy2_2.0_genomic.fna.busco/run_stramenopiles_odb10/miniprot_output/translated_proteins/10123at33634.faa
2025-07-19 09:49:03 DEBUG:busco.busco_tools.Toolset	cmd call: hmmsearch --domtblout /data/djs217/PROJECTS/36_Hpa_genome_assembly/hpa-genome-assembly/final_assemblies/GCA_000173235.2_HyaAraEmoy2_2.0_genomic.fna.busco/run_stramenopiles_odb10/hmmer_output/11504at33634.out --cpu 1 /data/djs217/PROJECTS/36_Hpa_genome_assembly/hpa-genome-assembly/final_assemblies/busco_downloads/lineages/stramenopiles_odb10/hmms/11504at33634.hmm /data/djs217/PROJECTS/36_Hpa_genome_assembly/hpa-genome-assembly/final_assemblies/GCA_000173235.2_HyaAraEmoy2_2.0_genomic.fna.busco/run_stramenopiles_odb10/miniprot_output/translated_proteins/11504at33634.faa
2025-07-19 09:49:03 DEBUG:busco.busco_tools.Toolset	cmd call: hmmsearch --domtblout /data/djs217/PROJECTS/36_Hpa_genome_assembly/hpa-genome-assembly/final_assemblies/GCA_000173235.2_HyaAraEmoy2_2.0_genomic.fna.busco/run_stramenopiles_odb10/hmmer_output/12382at33634.out --cpu 1 /data/djs217/PROJECTS/36_Hpa_genome_assembly/hpa-genome-assembly/final_assemblies/busco_downloads/lineages/stramenopiles_odb10/hmms/12382at33634.hmm /data/djs217/PROJECTS/36_Hpa_genome_assembly/hpa-genome-assembly/final_assemblies/GCA_000173235.2_HyaAraEmoy2_2.0_genomic.fna.busco/run_stramenopiles_odb10/miniprot_output/translated_proteins/12382at33634.faa
2025-07-19 09:49:03 DEBUG:busco.busco_tools.Toolset	cmd call: hmmsearch --domtblout /data/djs217/PROJECTS/36_Hpa_genome_assembly/hpa-genome-assembly/final_assemblies/GCA_000173235.2_HyaAraEmoy2_2.0_genomic.fna.busco/run_stramenopiles_odb10/hmmer_output/12693at33634.out --cpu 1 /data/djs217/PROJECTS/36_Hpa_genome_assembly/hpa-genome-assembly/final_assemblies/busco_downloads/lineages/stramenopiles_odb10/hmms/12693at33634.hmm /data/djs217/PROJECTS/36_Hpa_genome_assembly/hpa-genome-assembly/final_assemblies/GCA_000173235.2_HyaAraEmoy2_2.0_genomic.fna.busco/run_stramenopiles_odb10/miniprot_output/translated_proteins/12693at33634.faa
2025-07-19 09:49:03 DEBUG:busco.busco_tools.Toolset	cmd call: hmmsearch --domtblout /data/djs217/PROJECTS/36_Hpa_genome_assembly/hpa-genome-assembly/final_assemblies/GCA_000173235.2_HyaAraEmoy2_2.0_genomic.fna.busco/run_stramenopiles_odb10/hmmer_output/13476at33634.out --cpu 1 /data/djs217/PROJECTS/36_Hpa_genome_assembly/hpa-genome-assembly/final_assemblies/busco_downloads/lineages/stramenopiles_odb10/hmms/13476at33634.hmm /data/djs217/PROJECTS/36_Hpa_genome_assembly/hpa-genome-assembly/final_assemblies/GCA_000173235.2_HyaAraEmoy2_2.0_genomic.fna.busco/run_stramenopiles_odb10/miniprot_output/translated_proteins/13476at33634.faa
2025-07-19 09:49:03 DEBUG:busco.busco_tools.Toolset	cmd call: hmmsearch --domtblout /data/djs217/PROJECTS/36_Hpa_genome_assembly/hpa-genome-assembly/final_assemblies/GCA_000173235.2_HyaAraEmoy2_2.0_genomic.fna.busco/run_stramenopiles_odb10/hmmer_output/14113at33634.out --cpu 1 /data/djs217/PROJECTS/36_Hpa_genome_assembly/hpa-genome-assembly/final_assemblies/busco_downloads/lineages/stramenopiles_odb10/hmms/14113at33634.hmm /data/djs217/PROJECTS/36_Hpa_genome_assembly/hpa-genome-assembly/final_assemblies/GCA_000173235.2_HyaAraEmoy2_2.0_genomic.fna.busco/run_stramenopiles_odb10/miniprot_output/translated_proteins/14113at33634.faa
2025-07-19 09:49:03 DEBUG:busco.busco_tools.Toolset	cmd call: hmmsearch --domtblout /data/djs217/PROJECTS/36_Hpa_genome_assembly/hpa-genome-assembly/final_assemblies/GCA_000173235.2_HyaAraEmoy2_2.0_genomic.fna.busco/run_stramenopiles_odb10/hmmer_output/15351at33634.out --cpu 1 /data/djs217/PROJECTS/36_Hpa_genome_assembly/hpa-genome-assembly/final_assemblies/busco_downloads/lineages/stramenopiles_odb10/hmms/15351at33634.hmm /data/djs217/PROJECTS/36_Hpa_genome_assembly/hpa-genome-assembly/final_assemblies/GCA_000173235.2_HyaAraEmoy2_2.0_genomic.fna.busco/run_stramenopiles_odb10/miniprot_output/translated_proteins/15351at33634.faa
2025-07-19 09:49:03 DEBUG:busco.busco_tools.Toolset	cmd call: hmmsearch --domtblout /data/djs217/PROJECTS/36_Hpa_genome_assembly/hpa-genome-assembly/final_assemblies/GCA_000173235.2_HyaAraEmoy2_2.0_genomic.fna.busco/run_stramenopiles_odb10/hmmer_output/15520at33634.out --cpu 1 /data/djs217/PROJECTS/36_Hpa_genome_assembly/hpa-genome-assembly/final_assemblies/busco_downloads/lineages/stramenopiles_odb10/hmms/15520at33634.hmm /data/djs217/PROJECTS/36_Hpa_genome_assembly/hpa-genome-assembly/final_assemblies/GCA_000173235.2_HyaAraEmoy2_2.0_genomic.fna.busco/run_stramenopiles_odb10/miniprot_output/translated_proteins/15520at33634.faa
2025-07-19 09:49:03 DEBUG:busco.busco_tools.Toolset	cmd call: hmmsearch --domtblout /data/djs217/PROJECTS/36_Hpa_genome_assembly/hpa-genome-assembly/final_assemblies/GCA_000173235.2_HyaAraEmoy2_2.0_genomic.fna.busco/run_stramenopiles_odb10/hmmer_output/10425at33634.out --cpu 1 /data/djs217/PROJECTS/36_Hpa_genome_assembly/hpa-genome-assembly/final_assemblies/busco_downloads/lineages/stramenopiles_odb10/hmms/10425at33634.hmm /data/djs217/PROJECTS/36_Hpa_genome_assembly/hpa-genome-assembly/final_assemblies/GCA_000173235.2_HyaAraEmoy2_2.0_genomic.fna.busco/run_stramenopiles_odb10/miniprot_output/translated_proteins/10425at33634.faa
2025-07-19 09:49:03 DEBUG:busco.busco_tools.Toolset	cmd call: hmmsearch --domtblout /data/djs217/PROJECTS/36_Hpa_genome_assembly/hpa-genome-assembly/final_assemblies/GCA_000173235.2_HyaAraEmoy2_2.0_genomic.fna.busco/run_stramenopiles_odb10/hmmer_output/12562at33634.out --cpu 1 /data/djs217/PROJECTS/36_Hpa_genome_assembly/hpa-genome-assembly/final_assemblies/busco_downloads/lineages/stramenopiles_odb10/hmms/12562at33634.hmm /data/djs217/PROJECTS/36_Hpa_genome_assembly/hpa-genome-assembly/final_assemblies/GCA_000173235.2_HyaAraEmoy2_2.0_genomic.fna.busco/run_stramenopiles_odb10/miniprot_output/translated_proteins/12562at33634.faa
2025-07-19 09:49:03 DEBUG:busco.busco_tools.Toolset	cmd call: hmmsearch --domtblout /data/djs217/PROJECTS/36_Hpa_genome_assembly/hpa-genome-assembly/final_assemblies/GCA_000173235.2_HyaAraEmoy2_2.0_genomic.fna.busco/run_stramenopiles_odb10/hmmer_output/15177at33634.out --cpu 1 /data/djs217/PROJECTS/36_Hpa_genome_assembly/hpa-genome-assembly/final_assemblies/busco_downloads/lineages/stramenopiles_odb10/hmms/15177at33634.hmm /data/djs217/PROJECTS/36_Hpa_genome_assembly/hpa-genome-assembly/final_assemblies/GCA_000173235.2_HyaAraEmoy2_2.0_genomic.fna.busco/run_stramenopiles_odb10/miniprot_output/translated_proteins/15177at33634.faa
2025-07-19 09:49:03 DEBUG:busco.busco_tools.Toolset	cmd call: hmmsearch --domtblout /data/djs217/PROJECTS/36_Hpa_genome_assembly/hpa-genome-assembly/final_assemblies/GCA_000173235.2_HyaAraEmoy2_2.0_genomic.fna.busco/run_stramenopiles_odb10/hmmer_output/16248at33634.out --cpu 1 /data/djs217/PROJECTS/36_Hpa_genome_assembly/hpa-genome-assembly/final_assemblies/busco_downloads/lineages/stramenopiles_odb10/hmms/16248at33634.hmm /data/djs217/PROJECTS/36_Hpa_genome_assembly/hpa-genome-assembly/final_assemblies/GCA_000173235.2_HyaAraEmoy2_2.0_genomic.fna.busco/run_stramenopiles_odb10/miniprot_output/translated_proteins/16248at33634.faa
2025-07-19 09:49:03 DEBUG:busco.busco_tools.Toolset	cmd call: hmmsearch --domtblout /data/djs217/PROJECTS/36_Hpa_genome_assembly/hpa-genome-assembly/final_assemblies/GCA_000173235.2_HyaAraEmoy2_2.0_genomic.fna.busco/run_stramenopiles_odb10/hmmer_output/12069at33634.out --cpu 1 /data/djs217/PROJECTS/36_Hpa_genome_assembly/hpa-genome-assembly/final_assemblies/busco_downloads/lineages/stramenopiles_odb10/hmms/12069at33634.hmm /data/djs217/PROJECTS/36_Hpa_genome_assembly/hpa-genome-assembly/final_assemblies/GCA_000173235.2_HyaAraEmoy2_2.0_genomic.fna.busco/run_stramenopiles_odb10/miniprot_output/translated_proteins/12069at33634.faa
2025-07-19 09:49:03 DEBUG:busco.busco_tools.Toolset	cmd call: hmmsearch --domtblout /data/djs217/PROJECTS/36_Hpa_genome_assembly/hpa-genome-assembly/final_assemblies/GCA_000173235.2_HyaAraEmoy2_2.0_genomic.fna.busco/run_stramenopiles_odb10/hmmer_output/13102at33634.out --cpu 1 /data/djs217/PROJECTS/36_Hpa_genome_assembly/hpa-genome-assembly/final_assemblies/busco_downloads/lineages/stramenopiles_odb10/hmms/13102at33634.hmm /data/djs217/PROJECTS/36_Hpa_genome_assembly/hpa-genome-assembly/final_assemblies/GCA_000173235.2_HyaAraEmoy2_2.0_genomic.fna.busco/run_stramenopiles_odb10/miniprot_output/translated_proteins/13102at33634.faa
2025-07-19 09:49:03 DEBUG:busco.busco_tools.Toolset	cmd call: hmmsearch --domtblout /data/djs217/PROJECTS/36_Hpa_genome_assembly/hpa-genome-assembly/final_assemblies/GCA_000173235.2_HyaAraEmoy2_2.0_genomic.fna.busco/run_stramenopiles_odb10/hmmer_output/13537at33634.out --cpu 1 /data/djs217/PROJECTS/36_Hpa_genome_assembly/hpa-genome-assembly/final_assemblies/busco_downloads/lineages/stramenopiles_odb10/hmms/13537at33634.hmm /data/djs217/PROJECTS/36_Hpa_genome_assembly/hpa-genome-assembly/final_assemblies/GCA_000173235.2_HyaAraEmoy2_2.0_genomic.fna.busco/run_stramenopiles_odb10/miniprot_output/translated_proteins/13537at33634.faa
2025-07-19 09:49:03 DEBUG:busco.busco_tools.Toolset	cmd call: hmmsearch --domtblout /data/djs217/PROJECTS/36_Hpa_genome_assembly/hpa-genome-assembly/final_assemblies/GCA_000173235.2_HyaAraEmoy2_2.0_genomic.fna.busco/run_stramenopiles_odb10/hmmer_output/17057at33634.out --cpu 1 /data/djs217/PROJECTS/36_Hpa_genome_assembly/hpa-genome-assembly/final_assemblies/busco_downloads/lineages/stramenopiles_odb10/hmms/17057at33634.hmm /data/djs217/PROJECTS/36_Hpa_genome_assembly/hpa-genome-assembly/final_assemblies/GCA_000173235.2_HyaAraEmoy2_2.0_genomic.fna.busco/run_stramenopiles_odb10/miniprot_output/translated_proteins/17057at33634.faa
2025-07-19 09:49:03 DEBUG:busco.busco_tools.Toolset	cmd call: hmmsearch --domtblout /data/djs217/PROJECTS/36_Hpa_genome_assembly/hpa-genome-assembly/final_assemblies/GCA_000173235.2_HyaAraEmoy2_2.0_genomic.fna.busco/run_stramenopiles_odb10/hmmer_output/13819at33634.out --cpu 1 /data/djs217/PROJECTS/36_Hpa_genome_assembly/hpa-genome-assembly/final_assemblies/busco_downloads/lineages/stramenopiles_odb10/hmms/13819at33634.hmm /data/djs217/PROJECTS/36_Hpa_genome_assembly/hpa-genome-assembly/final_assemblies/GCA_000173235.2_HyaAraEmoy2_2.0_genomic.fna.busco/run_stramenopiles_odb10/miniprot_output/translated_proteins/13819at33634.faa
2025-07-19 09:49:03 INFO:busco.busco_tools.Toolset	[hmmsearch]	10 of 99 task(s) completed
2025-07-19 09:49:03 DEBUG:busco.busco_tools.Toolset	cmd call: hmmsearch --domtblout /data/djs217/PROJECTS/36_Hpa_genome_assembly/hpa-genome-assembly/final_assemblies/GCA_000173235.2_HyaAraEmoy2_2.0_genomic.fna.busco/run_stramenopiles_odb10/hmmer_output/10799at33634.out --cpu 1 /data/djs217/PROJECTS/36_Hpa_genome_assembly/hpa-genome-assembly/final_assemblies/busco_downloads/lineages/stramenopiles_odb10/hmms/10799at33634.hmm /data/djs217/PROJECTS/36_Hpa_genome_assembly/hpa-genome-assembly/final_assemblies/GCA_000173235.2_HyaAraEmoy2_2.0_genomic.fna.busco/run_stramenopiles_odb10/miniprot_output/translated_proteins/10799at33634.faa
2025-07-19 09:49:03 DEBUG:busco.busco_tools.Toolset	cmd call: hmmsearch --domtblout /data/djs217/PROJECTS/36_Hpa_genome_assembly/hpa-genome-assembly/final_assemblies/GCA_000173235.2_HyaAraEmoy2_2.0_genomic.fna.busco/run_stramenopiles_odb10/hmmer_output/15827at33634.out --cpu 1 /data/djs217/PROJECTS/36_Hpa_genome_assembly/hpa-genome-assembly/final_assemblies/busco_downloads/lineages/stramenopiles_odb10/hmms/15827at33634.hmm /data/djs217/PROJECTS/36_Hpa_genome_assembly/hpa-genome-assembly/final_assemblies/GCA_000173235.2_HyaAraEmoy2_2.0_genomic.fna.busco/run_stramenopiles_odb10/miniprot_output/translated_proteins/15827at33634.faa
2025-07-19 09:49:03 DEBUG:busco.busco_tools.Toolset	cmd call: hmmsearch --domtblout /data/djs217/PROJECTS/36_Hpa_genome_assembly/hpa-genome-assembly/final_assemblies/GCA_000173235.2_HyaAraEmoy2_2.0_genomic.fna.busco/run_stramenopiles_odb10/hmmer_output/12249at33634.out --cpu 1 /data/djs217/PROJECTS/36_Hpa_genome_assembly/hpa-genome-assembly/final_assemblies/busco_downloads/lineages/stramenopiles_odb10/hmms/12249at33634.hmm /data/djs217/PROJECTS/36_Hpa_genome_assembly/hpa-genome-assembly/final_assemblies/GCA_000173235.2_HyaAraEmoy2_2.0_genomic.fna.busco/run_stramenopiles_odb10/miniprot_output/translated_proteins/12249at33634.faa
2025-07-19 09:49:03 DEBUG:busco.busco_tools.Toolset	cmd call: hmmsearch --domtblout /data/djs217/PROJECTS/36_Hpa_genome_assembly/hpa-genome-assembly/final_assemblies/GCA_000173235.2_HyaAraEmoy2_2.0_genomic.fna.busco/run_stramenopiles_odb10/hmmer_output/17622at33634.out --cpu 1 /data/djs217/PROJECTS/36_Hpa_genome_assembly/hpa-genome-assembly/final_assemblies/busco_downloads/lineages/stramenopiles_odb10/hmms/17622at33634.hmm /data/djs217/PROJECTS/36_Hpa_genome_assembly/hpa-genome-assembly/final_assemblies/GCA_000173235.2_HyaAraEmoy2_2.0_genomic.fna.busco/run_stramenopiles_odb10/miniprot_output/translated_proteins/17622at33634.faa
2025-07-19 09:49:03 DEBUG:busco.busco_tools.Toolset	cmd call: hmmsearch --domtblout /data/djs217/PROJECTS/36_Hpa_genome_assembly/hpa-genome-assembly/final_assemblies/GCA_000173235.2_HyaAraEmoy2_2.0_genomic.fna.busco/run_stramenopiles_odb10/hmmer_output/15216at33634.out --cpu 1 /data/djs217/PROJECTS/36_Hpa_genome_assembly/hpa-genome-assembly/final_assemblies/busco_downloads/lineages/stramenopiles_odb10/hmms/15216at33634.hmm /data/djs217/PROJECTS/36_Hpa_genome_assembly/hpa-genome-assembly/final_assemblies/GCA_000173235.2_HyaAraEmoy2_2.0_genomic.fna.busco/run_stramenopiles_odb10/miniprot_output/translated_proteins/15216at33634.faa
2025-07-19 09:49:03 DEBUG:busco.busco_tools.Toolset	cmd call: hmmsearch --domtblout /data/djs217/PROJECTS/36_Hpa_genome_assembly/hpa-genome-assembly/final_assemblies/GCA_000173235.2_HyaAraEmoy2_2.0_genomic.fna.busco/run_stramenopiles_odb10/hmmer_output/12626at33634.out --cpu 1 /data/djs217/PROJECTS/36_Hpa_genome_assembly/hpa-genome-assembly/final_assemblies/busco_downloads/lineages/stramenopiles_odb10/hmms/12626at33634.hmm /data/djs217/PROJECTS/36_Hpa_genome_assembly/hpa-genome-assembly/final_assemblies/GCA_000173235.2_HyaAraEmoy2_2.0_genomic.fna.busco/run_stramenopiles_odb10/miniprot_output/translated_proteins/12626at33634.faa
2025-07-19 09:49:03 DEBUG:busco.busco_tools.Toolset	cmd call: hmmsearch --domtblout /data/djs217/PROJECTS/36_Hpa_genome_assembly/hpa-genome-assembly/final_assemblies/GCA_000173235.2_HyaAraEmoy2_2.0_genomic.fna.busco/run_stramenopiles_odb10/hmmer_output/1326at33634.out --cpu 1 /data/djs217/PROJECTS/36_Hpa_genome_assembly/hpa-genome-assembly/final_assemblies/busco_downloads/lineages/stramenopiles_odb10/hmms/1326at33634.hmm /data/djs217/PROJECTS/36_Hpa_genome_assembly/hpa-genome-assembly/final_assemblies/GCA_000173235.2_HyaAraEmoy2_2.0_genomic.fna.busco/run_stramenopiles_odb10/miniprot_output/translated_proteins/1326at33634.faa
2025-07-19 09:49:03 DEBUG:busco.busco_tools.Toolset	cmd call: hmmsearch --domtblout /data/djs217/PROJECTS/36_Hpa_genome_assembly/hpa-genome-assembly/final_assemblies/GCA_000173235.2_HyaAraEmoy2_2.0_genomic.fna.busco/run_stramenopiles_odb10/hmmer_output/1102at33634.out --cpu 1 /data/djs217/PROJECTS/36_Hpa_genome_assembly/hpa-genome-assembly/final_assemblies/busco_downloads/lineages/stramenopiles_odb10/hmms/1102at33634.hmm /data/djs217/PROJECTS/36_Hpa_genome_assembly/hpa-genome-assembly/final_assemblies/GCA_000173235.2_HyaAraEmoy2_2.0_genomic.fna.busco/run_stramenopiles_odb10/miniprot_output/translated_proteins/1102at33634.faa
2025-07-19 09:49:03 DEBUG:busco.busco_tools.Toolset	cmd call: hmmsearch --domtblout /data/djs217/PROJECTS/36_Hpa_genome_assembly/hpa-genome-assembly/final_assemblies/GCA_000173235.2_HyaAraEmoy2_2.0_genomic.fna.busco/run_stramenopiles_odb10/hmmer_output/13832at33634.out --cpu 1 /data/djs217/PROJECTS/36_Hpa_genome_assembly/hpa-genome-assembly/final_assemblies/busco_downloads/lineages/stramenopiles_odb10/hmms/13832at33634.hmm /data/djs217/PROJECTS/36_Hpa_genome_assembly/hpa-genome-assembly/final_assemblies/GCA_000173235.2_HyaAraEmoy2_2.0_genomic.fna.busco/run_stramenopiles_odb10/miniprot_output/translated_proteins/13832at33634.faa
2025-07-19 09:49:03 DEBUG:busco.busco_tools.Toolset	cmd call: hmmsearch --domtblout /data/djs217/PROJECTS/36_Hpa_genome_assembly/hpa-genome-assembly/final_assemblies/GCA_000173235.2_HyaAraEmoy2_2.0_genomic.fna.busco/run_stramenopiles_odb10/hmmer_output/15242at33634.out --cpu 1 /data/djs217/PROJECTS/36_Hpa_genome_assembly/hpa-genome-assembly/final_assemblies/busco_downloads/lineages/stramenopiles_odb10/hmms/15242at33634.hmm /data/djs217/PROJECTS/36_Hpa_genome_assembly/hpa-genome-assembly/final_assemblies/GCA_000173235.2_HyaAraEmoy2_2.0_genomic.fna.busco/run_stramenopiles_odb10/miniprot_output/translated_proteins/15242at33634.faa
2025-07-19 09:49:03 INFO:busco.busco_tools.Toolset	[hmmsearch]	20 of 99 task(s) completed
2025-07-19 09:49:03 DEBUG:busco.busco_tools.Toolset	cmd call: hmmsearch --domtblout /data/djs217/PROJECTS/36_Hpa_genome_assembly/hpa-genome-assembly/final_assemblies/GCA_000173235.2_HyaAraEmoy2_2.0_genomic.fna.busco/run_stramenopiles_odb10/hmmer_output/12363at33634.out --cpu 1 /data/djs217/PROJECTS/36_Hpa_genome_assembly/hpa-genome-assembly/final_assemblies/busco_downloads/lineages/stramenopiles_odb10/hmms/12363at33634.hmm /data/djs217/PROJECTS/36_Hpa_genome_assembly/hpa-genome-assembly/final_assemblies/GCA_000173235.2_HyaAraEmoy2_2.0_genomic.fna.busco/run_stramenopiles_odb10/miniprot_output/translated_proteins/12363at33634.faa
2025-07-19 09:49:03 DEBUG:busco.busco_tools.Toolset	cmd call: hmmsearch --domtblout /data/djs217/PROJECTS/36_Hpa_genome_assembly/hpa-genome-assembly/final_assemblies/GCA_000173235.2_HyaAraEmoy2_2.0_genomic.fna.busco/run_stramenopiles_odb10/hmmer_output/17887at33634.out --cpu 1 /data/djs217/PROJECTS/36_Hpa_genome_assembly/hpa-genome-assembly/final_assemblies/busco_downloads/lineages/stramenopiles_odb10/hmms/17887at33634.hmm /data/djs217/PROJECTS/36_Hpa_genome_assembly/hpa-genome-assembly/final_assemblies/GCA_000173235.2_HyaAraEmoy2_2.0_genomic.fna.busco/run_stramenopiles_odb10/miniprot_output/translated_proteins/17887at33634.faa
2025-07-19 09:49:03 DEBUG:busco.busco_tools.Toolset	cmd call: hmmsearch --domtblout /data/djs217/PROJECTS/36_Hpa_genome_assembly/hpa-genome-assembly/final_assemblies/GCA_000173235.2_HyaAraEmoy2_2.0_genomic.fna.busco/run_stramenopiles_odb10/hmmer_output/12684at33634.out --cpu 1 /data/djs217/PROJECTS/36_Hpa_genome_assembly/hpa-genome-assembly/final_assemblies/busco_downloads/lineages/stramenopiles_odb10/hmms/12684at33634.hmm /data/djs217/PROJECTS/36_Hpa_genome_assembly/hpa-genome-assembly/final_assemblies/GCA_000173235.2_HyaAraEmoy2_2.0_genomic.fna.busco/run_stramenopiles_odb10/miniprot_output/translated_proteins/12684at33634.faa
2025-07-19 09:49:03 DEBUG:busco.busco_tools.Toolset	cmd call: hmmsearch --domtblout /data/djs217/PROJECTS/36_Hpa_genome_assembly/hpa-genome-assembly/final_assemblies/GCA_000173235.2_HyaAraEmoy2_2.0_genomic.fna.busco/run_stramenopiles_odb10/hmmer_output/15969at33634.out --cpu 1 /data/djs217/PROJECTS/36_Hpa_genome_assembly/hpa-genome-assembly/final_assemblies/busco_downloads/lineages/stramenopiles_odb10/hmms/15969at33634.hmm /data/djs217/PROJECTS/36_Hpa_genome_assembly/hpa-genome-assembly/final_assemblies/GCA_000173235.2_HyaAraEmoy2_2.0_genomic.fna.busco/run_stramenopiles_odb10/miniprot_output/translated_proteins/15969at33634.faa
2025-07-19 09:49:03 DEBUG:busco.busco_tools.Toolset	cmd call: hmmsearch --domtblout /data/djs217/PROJECTS/36_Hpa_genome_assembly/hpa-genome-assembly/final_assemblies/GCA_000173235.2_HyaAraEmoy2_2.0_genomic.fna.busco/run_stramenopiles_odb10/hmmer_output/1803at33634.out --cpu 1 /data/djs217/PROJECTS/36_Hpa_genome_assembly/hpa-genome-assembly/final_assemblies/busco_downloads/lineages/stramenopiles_odb10/hmms/1803at33634.hmm /data/djs217/PROJECTS/36_Hpa_genome_assembly/hpa-genome-assembly/final_assemblies/GCA_000173235.2_HyaAraEmoy2_2.0_genomic.fna.busco/run_stramenopiles_odb10/miniprot_output/translated_proteins/1803at33634.faa
2025-07-19 09:49:03 DEBUG:busco.busco_tools.Toolset	cmd call: hmmsearch --domtblout /data/djs217/PROJECTS/36_Hpa_genome_assembly/hpa-genome-assembly/final_assemblies/GCA_000173235.2_HyaAraEmoy2_2.0_genomic.fna.busco/run_stramenopiles_odb10/hmmer_output/18615at33634.out --cpu 1 /data/djs217/PROJECTS/36_Hpa_genome_assembly/hpa-genome-assembly/final_assemblies/busco_downloads/lineages/stramenopiles_odb10/hmms/18615at33634.hmm /data/djs217/PROJECTS/36_Hpa_genome_assembly/hpa-genome-assembly/final_assemblies/GCA_000173235.2_HyaAraEmoy2_2.0_genomic.fna.busco/run_stramenopiles_odb10/miniprot_output/translated_proteins/18615at33634.faa
2025-07-19 09:49:03 DEBUG:busco.busco_tools.Toolset	cmd call: hmmsearch --domtblout /data/djs217/PROJECTS/36_Hpa_genome_assembly/hpa-genome-assembly/final_assemblies/GCA_000173235.2_HyaAraEmoy2_2.0_genomic.fna.busco/run_stramenopiles_odb10/hmmer_output/20044at33634.out --cpu 1 /data/djs217/PROJECTS/36_Hpa_genome_assembly/hpa-genome-assembly/final_assemblies/busco_downloads/lineages/stramenopiles_odb10/hmms/20044at33634.hmm /data/djs217/PROJECTS/36_Hpa_genome_assembly/hpa-genome-assembly/final_assemblies/GCA_000173235.2_HyaAraEmoy2_2.0_genomic.fna.busco/run_stramenopiles_odb10/miniprot_output/translated_proteins/20044at33634.faa
2025-07-19 09:49:03 DEBUG:busco.busco_tools.Toolset	cmd call: hmmsearch --domtblout /data/djs217/PROJECTS/36_Hpa_genome_assembly/hpa-genome-assembly/final_assemblies/GCA_000173235.2_HyaAraEmoy2_2.0_genomic.fna.busco/run_stramenopiles_odb10/hmmer_output/21875at33634.out --cpu 1 /data/djs217/PROJECTS/36_Hpa_genome_assembly/hpa-genome-assembly/final_assemblies/busco_downloads/lineages/stramenopiles_odb10/hmms/21875at33634.hmm /data/djs217/PROJECTS/36_Hpa_genome_assembly/hpa-genome-assembly/final_assemblies/GCA_000173235.2_HyaAraEmoy2_2.0_genomic.fna.busco/run_stramenopiles_odb10/miniprot_output/translated_proteins/21875at33634.faa
2025-07-19 09:49:03 DEBUG:busco.busco_tools.Toolset	cmd call: hmmsearch --domtblout /data/djs217/PROJECTS/36_Hpa_genome_assembly/hpa-genome-assembly/final_assemblies/GCA_000173235.2_HyaAraEmoy2_2.0_genomic.fna.busco/run_stramenopiles_odb10/hmmer_output/23917at33634.out --cpu 1 /data/djs217/PROJECTS/36_Hpa_genome_assembly/hpa-genome-assembly/final_assemblies/busco_downloads/lineages/stramenopiles_odb10/hmms/23917at33634.hmm /data/djs217/PROJECTS/36_Hpa_genome_assembly/hpa-genome-assembly/final_assemblies/GCA_000173235.2_HyaAraEmoy2_2.0_genomic.fna.busco/run_stramenopiles_odb10/miniprot_output/translated_proteins/23917at33634.faa
2025-07-19 09:49:03 DEBUG:busco.busco_tools.Toolset	cmd call: hmmsearch --domtblout /data/djs217/PROJECTS/36_Hpa_genome_assembly/hpa-genome-assembly/final_assemblies/GCA_000173235.2_HyaAraEmoy2_2.0_genomic.fna.busco/run_stramenopiles_odb10/hmmer_output/25189at33634.out --cpu 1 /data/djs217/PROJECTS/36_Hpa_genome_assembly/hpa-genome-assembly/final_assemblies/busco_downloads/lineages/stramenopiles_odb10/hmms/25189at33634.hmm /data/djs217/PROJECTS/36_Hpa_genome_assembly/hpa-genome-assembly/final_assemblies/GCA_000173235.2_HyaAraEmoy2_2.0_genomic.fna.busco/run_stramenopiles_odb10/miniprot_output/translated_proteins/25189at33634.faa
2025-07-19 09:49:03 INFO:busco.busco_tools.Toolset	[hmmsearch]	30 of 99 task(s) completed
2025-07-19 09:49:03 DEBUG:busco.busco_tools.Toolset	cmd call: hmmsearch --domtblout /data/djs217/PROJECTS/36_Hpa_genome_assembly/hpa-genome-assembly/final_assemblies/GCA_000173235.2_HyaAraEmoy2_2.0_genomic.fna.busco/run_stramenopiles_odb10/hmmer_output/1342at33634.out --cpu 1 /data/djs217/PROJECTS/36_Hpa_genome_assembly/hpa-genome-assembly/final_assemblies/busco_downloads/lineages/stramenopiles_odb10/hmms/1342at33634.hmm /data/djs217/PROJECTS/36_Hpa_genome_assembly/hpa-genome-assembly/final_assemblies/GCA_000173235.2_HyaAraEmoy2_2.0_genomic.fna.busco/run_stramenopiles_odb10/miniprot_output/translated_proteins/1342at33634.faa
2025-07-19 09:49:03 DEBUG:busco.busco_tools.Toolset	cmd call: hmmsearch --domtblout /data/djs217/PROJECTS/36_Hpa_genome_assembly/hpa-genome-assembly/final_assemblies/GCA_000173235.2_HyaAraEmoy2_2.0_genomic.fna.busco/run_stramenopiles_odb10/hmmer_output/19366at33634.out --cpu 1 /data/djs217/PROJECTS/36_Hpa_genome_assembly/hpa-genome-assembly/final_assemblies/busco_downloads/lineages/stramenopiles_odb10/hmms/19366at33634.hmm /data/djs217/PROJECTS/36_Hpa_genome_assembly/hpa-genome-assembly/final_assemblies/GCA_000173235.2_HyaAraEmoy2_2.0_genomic.fna.busco/run_stramenopiles_odb10/miniprot_output/translated_proteins/19366at33634.faa
2025-07-19 09:49:03 DEBUG:busco.busco_tools.Toolset	cmd call: hmmsearch --domtblout /data/djs217/PROJECTS/36_Hpa_genome_assembly/hpa-genome-assembly/final_assemblies/GCA_000173235.2_HyaAraEmoy2_2.0_genomic.fna.busco/run_stramenopiles_odb10/hmmer_output/23923at33634.out --cpu 1 /data/djs217/PROJECTS/36_Hpa_genome_assembly/hpa-genome-assembly/final_assemblies/busco_downloads/lineages/stramenopiles_odb10/hmms/23923at33634.hmm /data/djs217/PROJECTS/36_Hpa_genome_assembly/hpa-genome-assembly/final_assemblies/GCA_000173235.2_HyaAraEmoy2_2.0_genomic.fna.busco/run_stramenopiles_odb10/miniprot_output/translated_proteins/23923at33634.faa
2025-07-19 09:49:03 DEBUG:busco.busco_tools.Toolset	cmd call: hmmsearch --domtblout /data/djs217/PROJECTS/36_Hpa_genome_assembly/hpa-genome-assembly/final_assemblies/GCA_000173235.2_HyaAraEmoy2_2.0_genomic.fna.busco/run_stramenopiles_odb10/hmmer_output/26150at33634.out --cpu 1 /data/djs217/PROJECTS/36_Hpa_genome_assembly/hpa-genome-assembly/final_assemblies/busco_downloads/lineages/stramenopiles_odb10/hmms/26150at33634.hmm /data/djs217/PROJECTS/36_Hpa_genome_assembly/hpa-genome-assembly/final_assemblies/GCA_000173235.2_HyaAraEmoy2_2.0_genomic.fna.busco/run_stramenopiles_odb10/miniprot_output/translated_proteins/26150at33634.faa
2025-07-19 09:49:03 DEBUG:busco.busco_tools.Toolset	cmd call: hmmsearch --domtblout /data/djs217/PROJECTS/36_Hpa_genome_assembly/hpa-genome-assembly/final_assemblies/GCA_000173235.2_HyaAraEmoy2_2.0_genomic.fna.busco/run_stramenopiles_odb10/hmmer_output/24919at33634.out --cpu 1 /data/djs217/PROJECTS/36_Hpa_genome_assembly/hpa-genome-assembly/final_assemblies/busco_downloads/lineages/stramenopiles_odb10/hmms/24919at33634.hmm /data/djs217/PROJECTS/36_Hpa_genome_assembly/hpa-genome-assembly/final_assemblies/GCA_000173235.2_HyaAraEmoy2_2.0_genomic.fna.busco/run_stramenopiles_odb10/miniprot_output/translated_proteins/24919at33634.faa
2025-07-19 09:49:03 DEBUG:busco.busco_tools.Toolset	cmd call: hmmsearch --domtblout /data/djs217/PROJECTS/36_Hpa_genome_assembly/hpa-genome-assembly/final_assemblies/GCA_000173235.2_HyaAraEmoy2_2.0_genomic.fna.busco/run_stramenopiles_odb10/hmmer_output/22080at33634.out --cpu 1 /data/djs217/PROJECTS/36_Hpa_genome_assembly/hpa-genome-assembly/final_assemblies/busco_downloads/lineages/stramenopiles_odb10/hmms/22080at33634.hmm /data/djs217/PROJECTS/36_Hpa_genome_assembly/hpa-genome-assembly/final_assemblies/GCA_000173235.2_HyaAraEmoy2_2.0_genomic.fna.busco/run_stramenopiles_odb10/miniprot_output/translated_proteins/22080at33634.faa
2025-07-19 09:49:03 DEBUG:busco.busco_tools.Toolset	cmd call: hmmsearch --domtblout /data/djs217/PROJECTS/36_Hpa_genome_assembly/hpa-genome-assembly/final_assemblies/GCA_000173235.2_HyaAraEmoy2_2.0_genomic.fna.busco/run_stramenopiles_odb10/hmmer_output/18069at33634.out --cpu 1 /data/djs217/PROJECTS/36_Hpa_genome_assembly/hpa-genome-assembly/final_assemblies/busco_downloads/lineages/stramenopiles_odb10/hmms/18069at33634.hmm /data/djs217/PROJECTS/36_Hpa_genome_assembly/hpa-genome-assembly/final_assemblies/GCA_000173235.2_HyaAraEmoy2_2.0_genomic.fna.busco/run_stramenopiles_odb10/miniprot_output/translated_proteins/18069at33634.faa
2025-07-19 09:49:03 DEBUG:busco.busco_tools.Toolset	cmd call: hmmsearch --domtblout /data/djs217/PROJECTS/36_Hpa_genome_assembly/hpa-genome-assembly/final_assemblies/GCA_000173235.2_HyaAraEmoy2_2.0_genomic.fna.busco/run_stramenopiles_odb10/hmmer_output/26441at33634.out --cpu 1 /data/djs217/PROJECTS/36_Hpa_genome_assembly/hpa-genome-assembly/final_assemblies/busco_downloads/lineages/stramenopiles_odb10/hmms/26441at33634.hmm /data/djs217/PROJECTS/36_Hpa_genome_assembly/hpa-genome-assembly/final_assemblies/GCA_000173235.2_HyaAraEmoy2_2.0_genomic.fna.busco/run_stramenopiles_odb10/miniprot_output/translated_proteins/26441at33634.faa
2025-07-19 09:49:03 DEBUG:busco.busco_tools.Toolset	cmd call: hmmsearch --domtblout /data/djs217/PROJECTS/36_Hpa_genome_assembly/hpa-genome-assembly/final_assemblies/GCA_000173235.2_HyaAraEmoy2_2.0_genomic.fna.busco/run_stramenopiles_odb10/hmmer_output/22950at33634.out --cpu 1 /data/djs217/PROJECTS/36_Hpa_genome_assembly/hpa-genome-assembly/final_assemblies/busco_downloads/lineages/stramenopiles_odb10/hmms/22950at33634.hmm /data/djs217/PROJECTS/36_Hpa_genome_assembly/hpa-genome-assembly/final_assemblies/GCA_000173235.2_HyaAraEmoy2_2.0_genomic.fna.busco/run_stramenopiles_odb10/miniprot_output/translated_proteins/22950at33634.faa
2025-07-19 09:49:03 DEBUG:busco.busco_tools.Toolset	cmd call: hmmsearch --domtblout /data/djs217/PROJECTS/36_Hpa_genome_assembly/hpa-genome-assembly/final_assemblies/GCA_000173235.2_HyaAraEmoy2_2.0_genomic.fna.busco/run_stramenopiles_odb10/hmmer_output/26258at33634.out --cpu 1 /data/djs217/PROJECTS/36_Hpa_genome_assembly/hpa-genome-assembly/final_assemblies/busco_downloads/lineages/stramenopiles_odb10/hmms/26258at33634.hmm /data/djs217/PROJECTS/36_Hpa_genome_assembly/hpa-genome-assembly/final_assemblies/GCA_000173235.2_HyaAraEmoy2_2.0_genomic.fna.busco/run_stramenopiles_odb10/miniprot_output/translated_proteins/26258at33634.faa
2025-07-19 09:49:03 INFO:busco.busco_tools.Toolset	[hmmsearch]	40 of 99 task(s) completed
2025-07-19 09:49:03 DEBUG:busco.busco_tools.Toolset	cmd call: hmmsearch --domtblout /data/djs217/PROJECTS/36_Hpa_genome_assembly/hpa-genome-assembly/final_assemblies/GCA_000173235.2_HyaAraEmoy2_2.0_genomic.fna.busco/run_stramenopiles_odb10/hmmer_output/25187at33634.out --cpu 1 /data/djs217/PROJECTS/36_Hpa_genome_assembly/hpa-genome-assembly/final_assemblies/busco_downloads/lineages/stramenopiles_odb10/hmms/25187at33634.hmm /data/djs217/PROJECTS/36_Hpa_genome_assembly/hpa-genome-assembly/final_assemblies/GCA_000173235.2_HyaAraEmoy2_2.0_genomic.fna.busco/run_stramenopiles_odb10/miniprot_output/translated_proteins/25187at33634.faa
2025-07-19 09:49:03 DEBUG:busco.busco_tools.Toolset	cmd call: hmmsearch --domtblout /data/djs217/PROJECTS/36_Hpa_genome_assembly/hpa-genome-assembly/final_assemblies/GCA_000173235.2_HyaAraEmoy2_2.0_genomic.fna.busco/run_stramenopiles_odb10/hmmer_output/19836at33634.out --cpu 1 /data/djs217/PROJECTS/36_Hpa_genome_assembly/hpa-genome-assembly/final_assemblies/busco_downloads/lineages/stramenopiles_odb10/hmms/19836at33634.hmm /data/djs217/PROJECTS/36_Hpa_genome_assembly/hpa-genome-assembly/final_assemblies/GCA_000173235.2_HyaAraEmoy2_2.0_genomic.fna.busco/run_stramenopiles_odb10/miniprot_output/translated_proteins/19836at33634.faa
2025-07-19 09:49:03 DEBUG:busco.busco_tools.Toolset	cmd call: hmmsearch --domtblout /data/djs217/PROJECTS/36_Hpa_genome_assembly/hpa-genome-assembly/final_assemblies/GCA_000173235.2_HyaAraEmoy2_2.0_genomic.fna.busco/run_stramenopiles_odb10/hmmer_output/18429at33634.out --cpu 1 /data/djs217/PROJECTS/36_Hpa_genome_assembly/hpa-genome-assembly/final_assemblies/busco_downloads/lineages/stramenopiles_odb10/hmms/18429at33634.hmm /data/djs217/PROJECTS/36_Hpa_genome_assembly/hpa-genome-assembly/final_assemblies/GCA_000173235.2_HyaAraEmoy2_2.0_genomic.fna.busco/run_stramenopiles_odb10/miniprot_output/translated_proteins/18429at33634.faa
2025-07-19 09:49:03 DEBUG:busco.busco_tools.Toolset	cmd call: hmmsearch --domtblout /data/djs217/PROJECTS/36_Hpa_genome_assembly/hpa-genome-assembly/final_assemblies/GCA_000173235.2_HyaAraEmoy2_2.0_genomic.fna.busco/run_stramenopiles_odb10/hmmer_output/20182at33634.out --cpu 1 /data/djs217/PROJECTS/36_Hpa_genome_assembly/hpa-genome-assembly/final_assemblies/busco_downloads/lineages/stramenopiles_odb10/hmms/20182at33634.hmm /data/djs217/PROJECTS/36_Hpa_genome_assembly/hpa-genome-assembly/final_assemblies/GCA_000173235.2_HyaAraEmoy2_2.0_genomic.fna.busco/run_stramenopiles_odb10/miniprot_output/translated_proteins/20182at33634.faa
2025-07-19 09:49:03 DEBUG:busco.busco_tools.Toolset	cmd call: hmmsearch --domtblout /data/djs217/PROJECTS/36_Hpa_genome_assembly/hpa-genome-assembly/final_assemblies/GCA_000173235.2_HyaAraEmoy2_2.0_genomic.fna.busco/run_stramenopiles_odb10/hmmer_output/27268at33634.out --cpu 1 /data/djs217/PROJECTS/36_Hpa_genome_assembly/hpa-genome-assembly/final_assemblies/busco_downloads/lineages/stramenopiles_odb10/hmms/27268at33634.hmm /data/djs217/PROJECTS/36_Hpa_genome_assembly/hpa-genome-assembly/final_assemblies/GCA_000173235.2_HyaAraEmoy2_2.0_genomic.fna.busco/run_stramenopiles_odb10/miniprot_output/translated_proteins/27268at33634.faa
2025-07-19 09:49:03 DEBUG:busco.busco_tools.Toolset	cmd call: hmmsearch --domtblout /data/djs217/PROJECTS/36_Hpa_genome_assembly/hpa-genome-assembly/final_assemblies/GCA_000173235.2_HyaAraEmoy2_2.0_genomic.fna.busco/run_stramenopiles_odb10/hmmer_output/26307at33634.out --cpu 1 /data/djs217/PROJECTS/36_Hpa_genome_assembly/hpa-genome-assembly/final_assemblies/busco_downloads/lineages/stramenopiles_odb10/hmms/26307at33634.hmm /data/djs217/PROJECTS/36_Hpa_genome_assembly/hpa-genome-assembly/final_assemblies/GCA_000173235.2_HyaAraEmoy2_2.0_genomic.fna.busco/run_stramenopiles_odb10/miniprot_output/translated_proteins/26307at33634.faa
2025-07-19 09:49:03 DEBUG:busco.busco_tools.Toolset	cmd call: hmmsearch --domtblout /data/djs217/PROJECTS/36_Hpa_genome_assembly/hpa-genome-assembly/final_assemblies/GCA_000173235.2_HyaAraEmoy2_2.0_genomic.fna.busco/run_stramenopiles_odb10/hmmer_output/27411at33634.out --cpu 1 /data/djs217/PROJECTS/36_Hpa_genome_assembly/hpa-genome-assembly/final_assemblies/busco_downloads/lineages/stramenopiles_odb10/hmms/27411at33634.hmm /data/djs217/PROJECTS/36_Hpa_genome_assembly/hpa-genome-assembly/final_assemblies/GCA_000173235.2_HyaAraEmoy2_2.0_genomic.fna.busco/run_stramenopiles_odb10/miniprot_output/translated_proteins/27411at33634.faa
2025-07-19 09:49:03 DEBUG:busco.busco_tools.Toolset	cmd call: hmmsearch --domtblout /data/djs217/PROJECTS/36_Hpa_genome_assembly/hpa-genome-assembly/final_assemblies/GCA_000173235.2_HyaAraEmoy2_2.0_genomic.fna.busco/run_stramenopiles_odb10/hmmer_output/27409at33634.out --cpu 1 /data/djs217/PROJECTS/36_Hpa_genome_assembly/hpa-genome-assembly/final_assemblies/busco_downloads/lineages/stramenopiles_odb10/hmms/27409at33634.hmm /data/djs217/PROJECTS/36_Hpa_genome_assembly/hpa-genome-assembly/final_assemblies/GCA_000173235.2_HyaAraEmoy2_2.0_genomic.fna.busco/run_stramenopiles_odb10/miniprot_output/translated_proteins/27409at33634.faa
2025-07-19 09:49:03 DEBUG:busco.busco_tools.Toolset	cmd call: hmmsearch --domtblout /data/djs217/PROJECTS/36_Hpa_genome_assembly/hpa-genome-assembly/final_assemblies/GCA_000173235.2_HyaAraEmoy2_2.0_genomic.fna.busco/run_stramenopiles_odb10/hmmer_output/23030at33634.out --cpu 1 /data/djs217/PROJECTS/36_Hpa_genome_assembly/hpa-genome-assembly/final_assemblies/busco_downloads/lineages/stramenopiles_odb10/hmms/23030at33634.hmm /data/djs217/PROJECTS/36_Hpa_genome_assembly/hpa-genome-assembly/final_assemblies/GCA_000173235.2_HyaAraEmoy2_2.0_genomic.fna.busco/run_stramenopiles_odb10/miniprot_output/translated_proteins/23030at33634.faa
2025-07-19 09:49:03 DEBUG:busco.busco_tools.Toolset	cmd call: hmmsearch --domtblout /data/djs217/PROJECTS/36_Hpa_genome_assembly/hpa-genome-assembly/final_assemblies/GCA_000173235.2_HyaAraEmoy2_2.0_genomic.fna.busco/run_stramenopiles_odb10/hmmer_output/302at33634.out --cpu 1 /data/djs217/PROJECTS/36_Hpa_genome_assembly/hpa-genome-assembly/final_assemblies/busco_downloads/lineages/stramenopiles_odb10/hmms/302at33634.hmm /data/djs217/PROJECTS/36_Hpa_genome_assembly/hpa-genome-assembly/final_assemblies/GCA_000173235.2_HyaAraEmoy2_2.0_genomic.fna.busco/run_stramenopiles_odb10/miniprot_output/translated_proteins/302at33634.faa
2025-07-19 09:49:03 INFO:busco.busco_tools.Toolset	[hmmsearch]	50 of 99 task(s) completed
2025-07-19 09:49:03 DEBUG:busco.busco_tools.Toolset	cmd call: hmmsearch --domtblout /data/djs217/PROJECTS/36_Hpa_genome_assembly/hpa-genome-assembly/final_assemblies/GCA_000173235.2_HyaAraEmoy2_2.0_genomic.fna.busco/run_stramenopiles_odb10/hmmer_output/3786at33634.out --cpu 1 /data/djs217/PROJECTS/36_Hpa_genome_assembly/hpa-genome-assembly/final_assemblies/busco_downloads/lineages/stramenopiles_odb10/hmms/3786at33634.hmm /data/djs217/PROJECTS/36_Hpa_genome_assembly/hpa-genome-assembly/final_assemblies/GCA_000173235.2_HyaAraEmoy2_2.0_genomic.fna.busco/run_stramenopiles_odb10/miniprot_output/translated_proteins/3786at33634.faa
2025-07-19 09:49:03 DEBUG:busco.busco_tools.Toolset	cmd call: hmmsearch --domtblout /data/djs217/PROJECTS/36_Hpa_genome_assembly/hpa-genome-assembly/final_assemblies/GCA_000173235.2_HyaAraEmoy2_2.0_genomic.fna.busco/run_stramenopiles_odb10/hmmer_output/28151at33634.out --cpu 1 /data/djs217/PROJECTS/36_Hpa_genome_assembly/hpa-genome-assembly/final_assemblies/busco_downloads/lineages/stramenopiles_odb10/hmms/28151at33634.hmm /data/djs217/PROJECTS/36_Hpa_genome_assembly/hpa-genome-assembly/final_assemblies/GCA_000173235.2_HyaAraEmoy2_2.0_genomic.fna.busco/run_stramenopiles_odb10/miniprot_output/translated_proteins/28151at33634.faa
2025-07-19 09:49:03 DEBUG:busco.busco_tools.Toolset	cmd call: hmmsearch --domtblout /data/djs217/PROJECTS/36_Hpa_genome_assembly/hpa-genome-assembly/final_assemblies/GCA_000173235.2_HyaAraEmoy2_2.0_genomic.fna.busco/run_stramenopiles_odb10/hmmer_output/4148at33634.out --cpu 1 /data/djs217/PROJECTS/36_Hpa_genome_assembly/hpa-genome-assembly/final_assemblies/busco_downloads/lineages/stramenopiles_odb10/hmms/4148at33634.hmm /data/djs217/PROJECTS/36_Hpa_genome_assembly/hpa-genome-assembly/final_assemblies/GCA_000173235.2_HyaAraEmoy2_2.0_genomic.fna.busco/run_stramenopiles_odb10/miniprot_output/translated_proteins/4148at33634.faa
2025-07-19 09:49:03 DEBUG:busco.busco_tools.Toolset	cmd call: hmmsearch --domtblout /data/djs217/PROJECTS/36_Hpa_genome_assembly/hpa-genome-assembly/final_assemblies/GCA_000173235.2_HyaAraEmoy2_2.0_genomic.fna.busco/run_stramenopiles_odb10/hmmer_output/18432at33634.out --cpu 1 /data/djs217/PROJECTS/36_Hpa_genome_assembly/hpa-genome-assembly/final_assemblies/busco_downloads/lineages/stramenopiles_odb10/hmms/18432at33634.hmm /data/djs217/PROJECTS/36_Hpa_genome_assembly/hpa-genome-assembly/final_assemblies/GCA_000173235.2_HyaAraEmoy2_2.0_genomic.fna.busco/run_stramenopiles_odb10/miniprot_output/translated_proteins/18432at33634.faa
2025-07-19 09:49:03 DEBUG:busco.busco_tools.Toolset	cmd call: hmmsearch --domtblout /data/djs217/PROJECTS/36_Hpa_genome_assembly/hpa-genome-assembly/final_assemblies/GCA_000173235.2_HyaAraEmoy2_2.0_genomic.fna.busco/run_stramenopiles_odb10/hmmer_output/20769at33634.out --cpu 1 /data/djs217/PROJECTS/36_Hpa_genome_assembly/hpa-genome-assembly/final_assemblies/busco_downloads/lineages/stramenopiles_odb10/hmms/20769at33634.hmm /data/djs217/PROJECTS/36_Hpa_genome_assembly/hpa-genome-assembly/final_assemblies/GCA_000173235.2_HyaAraEmoy2_2.0_genomic.fna.busco/run_stramenopiles_odb10/miniprot_output/translated_proteins/20769at33634.faa
2025-07-19 09:49:03 DEBUG:busco.busco_tools.Toolset	cmd call: hmmsearch --domtblout /data/djs217/PROJECTS/36_Hpa_genome_assembly/hpa-genome-assembly/final_assemblies/GCA_000173235.2_HyaAraEmoy2_2.0_genomic.fna.busco/run_stramenopiles_odb10/hmmer_output/19891at33634.out --cpu 1 /data/djs217/PROJECTS/36_Hpa_genome_assembly/hpa-genome-assembly/final_assemblies/busco_downloads/lineages/stramenopiles_odb10/hmms/19891at33634.hmm /data/djs217/PROJECTS/36_Hpa_genome_assembly/hpa-genome-assembly/final_assemblies/GCA_000173235.2_HyaAraEmoy2_2.0_genomic.fna.busco/run_stramenopiles_odb10/miniprot_output/translated_proteins/19891at33634.faa
2025-07-19 09:49:03 DEBUG:busco.busco_tools.Toolset	cmd call: hmmsearch --domtblout /data/djs217/PROJECTS/36_Hpa_genome_assembly/hpa-genome-assembly/final_assemblies/GCA_000173235.2_HyaAraEmoy2_2.0_genomic.fna.busco/run_stramenopiles_odb10/hmmer_output/27410at33634.out --cpu 1 /data/djs217/PROJECTS/36_Hpa_genome_assembly/hpa-genome-assembly/final_assemblies/busco_downloads/lineages/stramenopiles_odb10/hmms/27410at33634.hmm /data/djs217/PROJECTS/36_Hpa_genome_assembly/hpa-genome-assembly/final_assemblies/GCA_000173235.2_HyaAraEmoy2_2.0_genomic.fna.busco/run_stramenopiles_odb10/miniprot_output/translated_proteins/27410at33634.faa
2025-07-19 09:49:03 DEBUG:busco.busco_tools.Toolset	cmd call: hmmsearch --domtblout /data/djs217/PROJECTS/36_Hpa_genome_assembly/hpa-genome-assembly/final_assemblies/GCA_000173235.2_HyaAraEmoy2_2.0_genomic.fna.busco/run_stramenopiles_odb10/hmmer_output/28445at33634.out --cpu 1 /data/djs217/PROJECTS/36_Hpa_genome_assembly/hpa-genome-assembly/final_assemblies/busco_downloads/lineages/stramenopiles_odb10/hmms/28445at33634.hmm /data/djs217/PROJECTS/36_Hpa_genome_assembly/hpa-genome-assembly/final_assemblies/GCA_000173235.2_HyaAraEmoy2_2.0_genomic.fna.busco/run_stramenopiles_odb10/miniprot_output/translated_proteins/28445at33634.faa
2025-07-19 09:49:03 DEBUG:busco.busco_tools.Toolset	cmd call: hmmsearch --domtblout /data/djs217/PROJECTS/36_Hpa_genome_assembly/hpa-genome-assembly/final_assemblies/GCA_000173235.2_HyaAraEmoy2_2.0_genomic.fna.busco/run_stramenopiles_odb10/hmmer_output/5145at33634.out --cpu 1 /data/djs217/PROJECTS/36_Hpa_genome_assembly/hpa-genome-assembly/final_assemblies/busco_downloads/lineages/stramenopiles_odb10/hmms/5145at33634.hmm /data/djs217/PROJECTS/36_Hpa_genome_assembly/hpa-genome-assembly/final_assemblies/GCA_000173235.2_HyaAraEmoy2_2.0_genomic.fna.busco/run_stramenopiles_odb10/miniprot_output/translated_proteins/5145at33634.faa
2025-07-19 09:49:03 DEBUG:busco.busco_tools.Toolset	cmd call: hmmsearch --domtblout /data/djs217/PROJECTS/36_Hpa_genome_assembly/hpa-genome-assembly/final_assemblies/GCA_000173235.2_HyaAraEmoy2_2.0_genomic.fna.busco/run_stramenopiles_odb10/hmmer_output/21097at33634.out --cpu 1 /data/djs217/PROJECTS/36_Hpa_genome_assembly/hpa-genome-assembly/final_assemblies/busco_downloads/lineages/stramenopiles_odb10/hmms/21097at33634.hmm /data/djs217/PROJECTS/36_Hpa_genome_assembly/hpa-genome-assembly/final_assemblies/GCA_000173235.2_HyaAraEmoy2_2.0_genomic.fna.busco/run_stramenopiles_odb10/miniprot_output/translated_proteins/21097at33634.faa
2025-07-19 09:49:03 INFO:busco.busco_tools.Toolset	[hmmsearch]	60 of 99 task(s) completed
2025-07-19 09:49:03 DEBUG:busco.busco_tools.Toolset	cmd call: hmmsearch --domtblout /data/djs217/PROJECTS/36_Hpa_genome_assembly/hpa-genome-assembly/final_assemblies/GCA_000173235.2_HyaAraEmoy2_2.0_genomic.fna.busco/run_stramenopiles_odb10/hmmer_output/6366at33634.out --cpu 1 /data/djs217/PROJECTS/36_Hpa_genome_assembly/hpa-genome-assembly/final_assemblies/busco_downloads/lineages/stramenopiles_odb10/hmms/6366at33634.hmm /data/djs217/PROJECTS/36_Hpa_genome_assembly/hpa-genome-assembly/final_assemblies/GCA_000173235.2_HyaAraEmoy2_2.0_genomic.fna.busco/run_stramenopiles_odb10/miniprot_output/translated_proteins/6366at33634.faa
2025-07-19 09:49:03 DEBUG:busco.busco_tools.Toolset	cmd call: hmmsearch --domtblout /data/djs217/PROJECTS/36_Hpa_genome_assembly/hpa-genome-assembly/final_assemblies/GCA_000173235.2_HyaAraEmoy2_2.0_genomic.fna.busco/run_stramenopiles_odb10/hmmer_output/2880at33634.out --cpu 1 /data/djs217/PROJECTS/36_Hpa_genome_assembly/hpa-genome-assembly/final_assemblies/busco_downloads/lineages/stramenopiles_odb10/hmms/2880at33634.hmm /data/djs217/PROJECTS/36_Hpa_genome_assembly/hpa-genome-assembly/final_assemblies/GCA_000173235.2_HyaAraEmoy2_2.0_genomic.fna.busco/run_stramenopiles_odb10/miniprot_output/translated_proteins/2880at33634.faa
2025-07-19 09:49:03 DEBUG:busco.busco_tools.Toolset	cmd call: hmmsearch --domtblout /data/djs217/PROJECTS/36_Hpa_genome_assembly/hpa-genome-assembly/final_assemblies/GCA_000173235.2_HyaAraEmoy2_2.0_genomic.fna.busco/run_stramenopiles_odb10/hmmer_output/693at33634.out --cpu 1 /data/djs217/PROJECTS/36_Hpa_genome_assembly/hpa-genome-assembly/final_assemblies/busco_downloads/lineages/stramenopiles_odb10/hmms/693at33634.hmm /data/djs217/PROJECTS/36_Hpa_genome_assembly/hpa-genome-assembly/final_assemblies/GCA_000173235.2_HyaAraEmoy2_2.0_genomic.fna.busco/run_stramenopiles_odb10/miniprot_output/translated_proteins/693at33634.faa
2025-07-19 09:49:03 DEBUG:busco.busco_tools.Toolset	cmd call: hmmsearch --domtblout /data/djs217/PROJECTS/36_Hpa_genome_assembly/hpa-genome-assembly/final_assemblies/GCA_000173235.2_HyaAraEmoy2_2.0_genomic.fna.busco/run_stramenopiles_odb10/hmmer_output/3834at33634.out --cpu 1 /data/djs217/PROJECTS/36_Hpa_genome_assembly/hpa-genome-assembly/final_assemblies/busco_downloads/lineages/stramenopiles_odb10/hmms/3834at33634.hmm /data/djs217/PROJECTS/36_Hpa_genome_assembly/hpa-genome-assembly/final_assemblies/GCA_000173235.2_HyaAraEmoy2_2.0_genomic.fna.busco/run_stramenopiles_odb10/miniprot_output/translated_proteins/3834at33634.faa
2025-07-19 09:49:03 DEBUG:busco.busco_tools.Toolset	cmd call: hmmsearch --domtblout /data/djs217/PROJECTS/36_Hpa_genome_assembly/hpa-genome-assembly/final_assemblies/GCA_000173235.2_HyaAraEmoy2_2.0_genomic.fna.busco/run_stramenopiles_odb10/hmmer_output/4406at33634.out --cpu 1 /data/djs217/PROJECTS/36_Hpa_genome_assembly/hpa-genome-assembly/final_assemblies/busco_downloads/lineages/stramenopiles_odb10/hmms/4406at33634.hmm /data/djs217/PROJECTS/36_Hpa_genome_assembly/hpa-genome-assembly/final_assemblies/GCA_000173235.2_HyaAraEmoy2_2.0_genomic.fna.busco/run_stramenopiles_odb10/miniprot_output/translated_proteins/4406at33634.faa
2025-07-19 09:49:03 DEBUG:busco.busco_tools.Toolset	cmd call: hmmsearch --domtblout /data/djs217/PROJECTS/36_Hpa_genome_assembly/hpa-genome-assembly/final_assemblies/GCA_000173235.2_HyaAraEmoy2_2.0_genomic.fna.busco/run_stramenopiles_odb10/hmmer_output/5578at33634.out --cpu 1 /data/djs217/PROJECTS/36_Hpa_genome_assembly/hpa-genome-assembly/final_assemblies/busco_downloads/lineages/stramenopiles_odb10/hmms/5578at33634.hmm /data/djs217/PROJECTS/36_Hpa_genome_assembly/hpa-genome-assembly/final_assemblies/GCA_000173235.2_HyaAraEmoy2_2.0_genomic.fna.busco/run_stramenopiles_odb10/miniprot_output/translated_proteins/5578at33634.faa
2025-07-19 09:49:03 DEBUG:busco.busco_tools.Toolset	cmd call: hmmsearch --domtblout /data/djs217/PROJECTS/36_Hpa_genome_assembly/hpa-genome-assembly/final_assemblies/GCA_000173235.2_HyaAraEmoy2_2.0_genomic.fna.busco/run_stramenopiles_odb10/hmmer_output/6436at33634.out --cpu 1 /data/djs217/PROJECTS/36_Hpa_genome_assembly/hpa-genome-assembly/final_assemblies/busco_downloads/lineages/stramenopiles_odb10/hmms/6436at33634.hmm /data/djs217/PROJECTS/36_Hpa_genome_assembly/hpa-genome-assembly/final_assemblies/GCA_000173235.2_HyaAraEmoy2_2.0_genomic.fna.busco/run_stramenopiles_odb10/miniprot_output/translated_proteins/6436at33634.faa
2025-07-19 09:49:03 DEBUG:busco.busco_tools.Toolset	cmd call: hmmsearch --domtblout /data/djs217/PROJECTS/36_Hpa_genome_assembly/hpa-genome-assembly/final_assemblies/GCA_000173235.2_HyaAraEmoy2_2.0_genomic.fna.busco/run_stramenopiles_odb10/hmmer_output/7485at33634.out --cpu 1 /data/djs217/PROJECTS/36_Hpa_genome_assembly/hpa-genome-assembly/final_assemblies/busco_downloads/lineages/stramenopiles_odb10/hmms/7485at33634.hmm /data/djs217/PROJECTS/36_Hpa_genome_assembly/hpa-genome-assembly/final_assemblies/GCA_000173235.2_HyaAraEmoy2_2.0_genomic.fna.busco/run_stramenopiles_odb10/miniprot_output/translated_proteins/7485at33634.faa
2025-07-19 09:49:03 DEBUG:busco.busco_tools.Toolset	cmd call: hmmsearch --domtblout /data/djs217/PROJECTS/36_Hpa_genome_assembly/hpa-genome-assembly/final_assemblies/GCA_000173235.2_HyaAraEmoy2_2.0_genomic.fna.busco/run_stramenopiles_odb10/hmmer_output/5960at33634.out --cpu 1 /data/djs217/PROJECTS/36_Hpa_genome_assembly/hpa-genome-assembly/final_assemblies/busco_downloads/lineages/stramenopiles_odb10/hmms/5960at33634.hmm /data/djs217/PROJECTS/36_Hpa_genome_assembly/hpa-genome-assembly/final_assemblies/GCA_000173235.2_HyaAraEmoy2_2.0_genomic.fna.busco/run_stramenopiles_odb10/miniprot_output/translated_proteins/5960at33634.faa
2025-07-19 09:49:03 DEBUG:busco.busco_tools.Toolset	cmd call: hmmsearch --domtblout /data/djs217/PROJECTS/36_Hpa_genome_assembly/hpa-genome-assembly/final_assemblies/GCA_000173235.2_HyaAraEmoy2_2.0_genomic.fna.busco/run_stramenopiles_odb10/hmmer_output/3835at33634.out --cpu 1 /data/djs217/PROJECTS/36_Hpa_genome_assembly/hpa-genome-assembly/final_assemblies/busco_downloads/lineages/stramenopiles_odb10/hmms/3835at33634.hmm /data/djs217/PROJECTS/36_Hpa_genome_assembly/hpa-genome-assembly/final_assemblies/GCA_000173235.2_HyaAraEmoy2_2.0_genomic.fna.busco/run_stramenopiles_odb10/miniprot_output/translated_proteins/3835at33634.faa
2025-07-19 09:49:03 INFO:busco.busco_tools.Toolset	[hmmsearch]	70 of 99 task(s) completed
2025-07-19 09:49:03 DEBUG:busco.busco_tools.Toolset	cmd call: hmmsearch --domtblout /data/djs217/PROJECTS/36_Hpa_genome_assembly/hpa-genome-assembly/final_assemblies/GCA_000173235.2_HyaAraEmoy2_2.0_genomic.fna.busco/run_stramenopiles_odb10/hmmer_output/9201at33634.out --cpu 1 /data/djs217/PROJECTS/36_Hpa_genome_assembly/hpa-genome-assembly/final_assemblies/busco_downloads/lineages/stramenopiles_odb10/hmms/9201at33634.hmm /data/djs217/PROJECTS/36_Hpa_genome_assembly/hpa-genome-assembly/final_assemblies/GCA_000173235.2_HyaAraEmoy2_2.0_genomic.fna.busco/run_stramenopiles_odb10/miniprot_output/translated_proteins/9201at33634.faa
2025-07-19 09:49:03 DEBUG:busco.busco_tools.Toolset	cmd call: hmmsearch --domtblout /data/djs217/PROJECTS/36_Hpa_genome_assembly/hpa-genome-assembly/final_assemblies/GCA_000173235.2_HyaAraEmoy2_2.0_genomic.fna.busco/run_stramenopiles_odb10/hmmer_output/6684at33634.out --cpu 1 /data/djs217/PROJECTS/36_Hpa_genome_assembly/hpa-genome-assembly/final_assemblies/busco_downloads/lineages/stramenopiles_odb10/hmms/6684at33634.hmm /data/djs217/PROJECTS/36_Hpa_genome_assembly/hpa-genome-assembly/final_assemblies/GCA_000173235.2_HyaAraEmoy2_2.0_genomic.fna.busco/run_stramenopiles_odb10/miniprot_output/translated_proteins/6684at33634.faa
2025-07-19 09:49:03 DEBUG:busco.busco_tools.Toolset	cmd call: hmmsearch --domtblout /data/djs217/PROJECTS/36_Hpa_genome_assembly/hpa-genome-assembly/final_assemblies/GCA_000173235.2_HyaAraEmoy2_2.0_genomic.fna.busco/run_stramenopiles_odb10/hmmer_output/5074at33634.out --cpu 1 /data/djs217/PROJECTS/36_Hpa_genome_assembly/hpa-genome-assembly/final_assemblies/busco_downloads/lineages/stramenopiles_odb10/hmms/5074at33634.hmm /data/djs217/PROJECTS/36_Hpa_genome_assembly/hpa-genome-assembly/final_assemblies/GCA_000173235.2_HyaAraEmoy2_2.0_genomic.fna.busco/run_stramenopiles_odb10/miniprot_output/translated_proteins/5074at33634.faa
2025-07-19 09:49:03 DEBUG:busco.busco_tools.Toolset	cmd call: hmmsearch --domtblout /data/djs217/PROJECTS/36_Hpa_genome_assembly/hpa-genome-assembly/final_assemblies/GCA_000173235.2_HyaAraEmoy2_2.0_genomic.fna.busco/run_stramenopiles_odb10/hmmer_output/5964at33634.out --cpu 1 /data/djs217/PROJECTS/36_Hpa_genome_assembly/hpa-genome-assembly/final_assemblies/busco_downloads/lineages/stramenopiles_odb10/hmms/5964at33634.hmm /data/djs217/PROJECTS/36_Hpa_genome_assembly/hpa-genome-assembly/final_assemblies/GCA_000173235.2_HyaAraEmoy2_2.0_genomic.fna.busco/run_stramenopiles_odb10/miniprot_output/translated_proteins/5964at33634.faa
2025-07-19 09:49:03 DEBUG:busco.busco_tools.Toolset	cmd call: hmmsearch --domtblout /data/djs217/PROJECTS/36_Hpa_genome_assembly/hpa-genome-assembly/final_assemblies/GCA_000173235.2_HyaAraEmoy2_2.0_genomic.fna.busco/run_stramenopiles_odb10/hmmer_output/8142at33634.out --cpu 1 /data/djs217/PROJECTS/36_Hpa_genome_assembly/hpa-genome-assembly/final_assemblies/busco_downloads/lineages/stramenopiles_odb10/hmms/8142at33634.hmm /data/djs217/PROJECTS/36_Hpa_genome_assembly/hpa-genome-assembly/final_assemblies/GCA_000173235.2_HyaAraEmoy2_2.0_genomic.fna.busco/run_stramenopiles_odb10/miniprot_output/translated_proteins/8142at33634.faa
2025-07-19 09:49:03 DEBUG:busco.busco_tools.Toolset	cmd call: hmmsearch --domtblout /data/djs217/PROJECTS/36_Hpa_genome_assembly/hpa-genome-assembly/final_assemblies/GCA_000173235.2_HyaAraEmoy2_2.0_genomic.fna.busco/run_stramenopiles_odb10/hmmer_output/9286at33634.out --cpu 1 /data/djs217/PROJECTS/36_Hpa_genome_assembly/hpa-genome-assembly/final_assemblies/busco_downloads/lineages/stramenopiles_odb10/hmms/9286at33634.hmm /data/djs217/PROJECTS/36_Hpa_genome_assembly/hpa-genome-assembly/final_assemblies/GCA_000173235.2_HyaAraEmoy2_2.0_genomic.fna.busco/run_stramenopiles_odb10/miniprot_output/translated_proteins/9286at33634.faa
2025-07-19 09:49:03 DEBUG:busco.busco_tools.Toolset	cmd call: hmmsearch --domtblout /data/djs217/PROJECTS/36_Hpa_genome_assembly/hpa-genome-assembly/final_assemblies/GCA_000173235.2_HyaAraEmoy2_2.0_genomic.fna.busco/run_stramenopiles_odb10/hmmer_output/3892at33634.out --cpu 1 /data/djs217/PROJECTS/36_Hpa_genome_assembly/hpa-genome-assembly/final_assemblies/busco_downloads/lineages/stramenopiles_odb10/hmms/3892at33634.hmm /data/djs217/PROJECTS/36_Hpa_genome_assembly/hpa-genome-assembly/final_assemblies/GCA_000173235.2_HyaAraEmoy2_2.0_genomic.fna.busco/run_stramenopiles_odb10/miniprot_output/translated_proteins/3892at33634.faa
2025-07-19 09:49:03 DEBUG:busco.busco_tools.Toolset	cmd call: hmmsearch --domtblout /data/djs217/PROJECTS/36_Hpa_genome_assembly/hpa-genome-assembly/final_assemblies/GCA_000173235.2_HyaAraEmoy2_2.0_genomic.fna.busco/run_stramenopiles_odb10/hmmer_output/8760at33634.out --cpu 1 /data/djs217/PROJECTS/36_Hpa_genome_assembly/hpa-genome-assembly/final_assemblies/busco_downloads/lineages/stramenopiles_odb10/hmms/8760at33634.hmm /data/djs217/PROJECTS/36_Hpa_genome_assembly/hpa-genome-assembly/final_assemblies/GCA_000173235.2_HyaAraEmoy2_2.0_genomic.fna.busco/run_stramenopiles_odb10/miniprot_output/translated_proteins/8760at33634.faa
2025-07-19 09:49:03 DEBUG:busco.busco_tools.Toolset	cmd call: hmmsearch --domtblout /data/djs217/PROJECTS/36_Hpa_genome_assembly/hpa-genome-assembly/final_assemblies/GCA_000173235.2_HyaAraEmoy2_2.0_genomic.fna.busco/run_stramenopiles_odb10/hmmer_output/6981at33634.out --cpu 1 /data/djs217/PROJECTS/36_Hpa_genome_assembly/hpa-genome-assembly/final_assemblies/busco_downloads/lineages/stramenopiles_odb10/hmms/6981at33634.hmm /data/djs217/PROJECTS/36_Hpa_genome_assembly/hpa-genome-assembly/final_assemblies/GCA_000173235.2_HyaAraEmoy2_2.0_genomic.fna.busco/run_stramenopiles_odb10/miniprot_output/translated_proteins/6981at33634.faa
2025-07-19 09:49:03 DEBUG:busco.busco_tools.Toolset	cmd call: hmmsearch --domtblout /data/djs217/PROJECTS/36_Hpa_genome_assembly/hpa-genome-assembly/final_assemblies/GCA_000173235.2_HyaAraEmoy2_2.0_genomic.fna.busco/run_stramenopiles_odb10/hmmer_output/6933at33634.out --cpu 1 /data/djs217/PROJECTS/36_Hpa_genome_assembly/hpa-genome-assembly/final_assemblies/busco_downloads/lineages/stramenopiles_odb10/hmms/6933at33634.hmm /data/djs217/PROJECTS/36_Hpa_genome_assembly/hpa-genome-assembly/final_assemblies/GCA_000173235.2_HyaAraEmoy2_2.0_genomic.fna.busco/run_stramenopiles_odb10/miniprot_output/translated_proteins/6933at33634.faa
2025-07-19 09:49:03 INFO:busco.busco_tools.Toolset	[hmmsearch]	80 of 99 task(s) completed
2025-07-19 09:49:03 DEBUG:busco.busco_tools.Toolset	cmd call: hmmsearch --domtblout /data/djs217/PROJECTS/36_Hpa_genome_assembly/hpa-genome-assembly/final_assemblies/GCA_000173235.2_HyaAraEmoy2_2.0_genomic.fna.busco/run_stramenopiles_odb10/hmmer_output/5144at33634.out --cpu 1 /data/djs217/PROJECTS/36_Hpa_genome_assembly/hpa-genome-assembly/final_assemblies/busco_downloads/lineages/stramenopiles_odb10/hmms/5144at33634.hmm /data/djs217/PROJECTS/36_Hpa_genome_assembly/hpa-genome-assembly/final_assemblies/GCA_000173235.2_HyaAraEmoy2_2.0_genomic.fna.busco/run_stramenopiles_odb10/miniprot_output/translated_proteins/5144at33634.faa
2025-07-19 09:49:03 DEBUG:busco.busco_tools.Toolset	cmd call: hmmsearch --domtblout /data/djs217/PROJECTS/36_Hpa_genome_assembly/hpa-genome-assembly/final_assemblies/GCA_000173235.2_HyaAraEmoy2_2.0_genomic.fna.busco/run_stramenopiles_odb10/hmmer_output/9297at33634.out --cpu 1 /data/djs217/PROJECTS/36_Hpa_genome_assembly/hpa-genome-assembly/final_assemblies/busco_downloads/lineages/stramenopiles_odb10/hmms/9297at33634.hmm /data/djs217/PROJECTS/36_Hpa_genome_assembly/hpa-genome-assembly/final_assemblies/GCA_000173235.2_HyaAraEmoy2_2.0_genomic.fna.busco/run_stramenopiles_odb10/miniprot_output/translated_proteins/9297at33634.faa
2025-07-19 09:49:03 DEBUG:busco.busco_tools.Toolset	cmd call: hmmsearch --domtblout /data/djs217/PROJECTS/36_Hpa_genome_assembly/hpa-genome-assembly/final_assemblies/GCA_000173235.2_HyaAraEmoy2_2.0_genomic.fna.busco/run_stramenopiles_odb10/hmmer_output/971at33634.out --cpu 1 /data/djs217/PROJECTS/36_Hpa_genome_assembly/hpa-genome-assembly/final_assemblies/busco_downloads/lineages/stramenopiles_odb10/hmms/971at33634.hmm /data/djs217/PROJECTS/36_Hpa_genome_assembly/hpa-genome-assembly/final_assemblies/GCA_000173235.2_HyaAraEmoy2_2.0_genomic.fna.busco/run_stramenopiles_odb10/miniprot_output/translated_proteins/971at33634.faa
2025-07-19 09:49:03 DEBUG:busco.busco_tools.Toolset	cmd call: hmmsearch --domtblout /data/djs217/PROJECTS/36_Hpa_genome_assembly/hpa-genome-assembly/final_assemblies/GCA_000173235.2_HyaAraEmoy2_2.0_genomic.fna.busco/run_stramenopiles_odb10/hmmer_output/9413at33634.out --cpu 1 /data/djs217/PROJECTS/36_Hpa_genome_assembly/hpa-genome-assembly/final_assemblies/busco_downloads/lineages/stramenopiles_odb10/hmms/9413at33634.hmm /data/djs217/PROJECTS/36_Hpa_genome_assembly/hpa-genome-assembly/final_assemblies/GCA_000173235.2_HyaAraEmoy2_2.0_genomic.fna.busco/run_stramenopiles_odb10/miniprot_output/translated_proteins/9413at33634.faa
2025-07-19 09:49:03 DEBUG:busco.busco_tools.Toolset	cmd call: hmmsearch --domtblout /data/djs217/PROJECTS/36_Hpa_genome_assembly/hpa-genome-assembly/final_assemblies/GCA_000173235.2_HyaAraEmoy2_2.0_genomic.fna.busco/run_stramenopiles_odb10/hmmer_output/6989at33634.out --cpu 1 /data/djs217/PROJECTS/36_Hpa_genome_assembly/hpa-genome-assembly/final_assemblies/busco_downloads/lineages/stramenopiles_odb10/hmms/6989at33634.hmm /data/djs217/PROJECTS/36_Hpa_genome_assembly/hpa-genome-assembly/final_assemblies/GCA_000173235.2_HyaAraEmoy2_2.0_genomic.fna.busco/run_stramenopiles_odb10/miniprot_output/translated_proteins/6989at33634.faa
2025-07-19 09:49:03 DEBUG:busco.busco_tools.Toolset	cmd call: hmmsearch --domtblout /data/djs217/PROJECTS/36_Hpa_genome_assembly/hpa-genome-assembly/final_assemblies/GCA_000173235.2_HyaAraEmoy2_2.0_genomic.fna.busco/run_stramenopiles_odb10/hmmer_output/8842at33634.out --cpu 1 /data/djs217/PROJECTS/36_Hpa_genome_assembly/hpa-genome-assembly/final_assemblies/busco_downloads/lineages/stramenopiles_odb10/hmms/8842at33634.hmm /data/djs217/PROJECTS/36_Hpa_genome_assembly/hpa-genome-assembly/final_assemblies/GCA_000173235.2_HyaAraEmoy2_2.0_genomic.fna.busco/run_stramenopiles_odb10/miniprot_output/translated_proteins/8842at33634.faa
2025-07-19 09:49:03 INFO:busco.busco_tools.Toolset	[hmmsearch]	90 of 99 task(s) completed
2025-07-19 09:49:03 DEBUG:busco.busco_tools.Toolset	cmd call: hmmsearch --domtblout /data/djs217/PROJECTS/36_Hpa_genome_assembly/hpa-genome-assembly/final_assemblies/GCA_000173235.2_HyaAraEmoy2_2.0_genomic.fna.busco/run_stramenopiles_odb10/hmmer_output/31838at33634.out --cpu 1 /data/djs217/PROJECTS/36_Hpa_genome_assembly/hpa-genome-assembly/final_assemblies/busco_downloads/lineages/stramenopiles_odb10/hmms/31838at33634.hmm /data/djs217/PROJECTS/36_Hpa_genome_assembly/hpa-genome-assembly/final_assemblies/GCA_000173235.2_HyaAraEmoy2_2.0_genomic.fna.busco/run_stramenopiles_odb10/miniprot_output/translated_proteins/31838at33634.faa
2025-07-19 09:49:03 DEBUG:busco.busco_tools.Toolset	cmd call: hmmsearch --domtblout /data/djs217/PROJECTS/36_Hpa_genome_assembly/hpa-genome-assembly/final_assemblies/GCA_000173235.2_HyaAraEmoy2_2.0_genomic.fna.busco/run_stramenopiles_odb10/hmmer_output/3405at33634.out --cpu 1 /data/djs217/PROJECTS/36_Hpa_genome_assembly/hpa-genome-assembly/final_assemblies/busco_downloads/lineages/stramenopiles_odb10/hmms/3405at33634.hmm /data/djs217/PROJECTS/36_Hpa_genome_assembly/hpa-genome-assembly/final_assemblies/GCA_000173235.2_HyaAraEmoy2_2.0_genomic.fna.busco/run_stramenopiles_odb10/miniprot_output/translated_proteins/3405at33634.faa
2025-07-19 09:49:03 DEBUG:busco.busco_tools.Toolset	cmd call: hmmsearch --domtblout /data/djs217/PROJECTS/36_Hpa_genome_assembly/hpa-genome-assembly/final_assemblies/GCA_000173235.2_HyaAraEmoy2_2.0_genomic.fna.busco/run_stramenopiles_odb10/hmmer_output/9731at33634.out --cpu 1 /data/djs217/PROJECTS/36_Hpa_genome_assembly/hpa-genome-assembly/final_assemblies/busco_downloads/lineages/stramenopiles_odb10/hmms/9731at33634.hmm /data/djs217/PROJECTS/36_Hpa_genome_assembly/hpa-genome-assembly/final_assemblies/GCA_000173235.2_HyaAraEmoy2_2.0_genomic.fna.busco/run_stramenopiles_odb10/miniprot_output/translated_proteins/9731at33634.faa
2025-07-19 09:49:03 DEBUG:busco.busco_tools.Toolset	cmd call: hmmsearch --domtblout /data/djs217/PROJECTS/36_Hpa_genome_assembly/hpa-genome-assembly/final_assemblies/GCA_000173235.2_HyaAraEmoy2_2.0_genomic.fna.busco/run_stramenopiles_odb10/hmmer_output/723at33634.out --cpu 1 /data/djs217/PROJECTS/36_Hpa_genome_assembly/hpa-genome-assembly/final_assemblies/busco_downloads/lineages/stramenopiles_odb10/hmms/723at33634.hmm /data/djs217/PROJECTS/36_Hpa_genome_assembly/hpa-genome-assembly/final_assemblies/GCA_000173235.2_HyaAraEmoy2_2.0_genomic.fna.busco/run_stramenopiles_odb10/miniprot_output/translated_proteins/723at33634.faa
2025-07-19 09:49:03 DEBUG:busco.busco_tools.Toolset	cmd call: hmmsearch --domtblout /data/djs217/PROJECTS/36_Hpa_genome_assembly/hpa-genome-assembly/final_assemblies/GCA_000173235.2_HyaAraEmoy2_2.0_genomic.fna.busco/run_stramenopiles_odb10/hmmer_output/3528at33634.out --cpu 1 /data/djs217/PROJECTS/36_Hpa_genome_assembly/hpa-genome-assembly/final_assemblies/busco_downloads/lineages/stramenopiles_odb10/hmms/3528at33634.hmm /data/djs217/PROJECTS/36_Hpa_genome_assembly/hpa-genome-assembly/final_assemblies/GCA_000173235.2_HyaAraEmoy2_2.0_genomic.fna.busco/run_stramenopiles_odb10/miniprot_output/translated_proteins/3528at33634.faa
2025-07-19 09:49:03 DEBUG:busco.busco_tools.Toolset	cmd call: hmmsearch --domtblout /data/djs217/PROJECTS/36_Hpa_genome_assembly/hpa-genome-assembly/final_assemblies/GCA_000173235.2_HyaAraEmoy2_2.0_genomic.fna.busco/run_stramenopiles_odb10/hmmer_output/9939at33634.out --cpu 1 /data/djs217/PROJECTS/36_Hpa_genome_assembly/hpa-genome-assembly/final_assemblies/busco_downloads/lineages/stramenopiles_odb10/hmms/9939at33634.hmm /data/djs217/PROJECTS/36_Hpa_genome_assembly/hpa-genome-assembly/final_assemblies/GCA_000173235.2_HyaAraEmoy2_2.0_genomic.fna.busco/run_stramenopiles_odb10/miniprot_output/translated_proteins/9939at33634.faa
2025-07-19 09:49:04 INFO:busco.busco_tools.Toolset	[hmmsearch]	99 of 99 task(s) completed
2025-07-19 09:49:04 INFO:busco.analysis.GenomeAnalysis	244 exons in total
2025-07-19 09:49:04 WARNING:busco.busco_tools.hmmer	25 of 98 Complete matches (25.5%) contain internal stop codons in Miniprot gene predictions
2025-07-19 09:49:04 DEBUG:busco.busco_tools.hmmer	***** Results: *****

 C:98.0%[S:98.0%,D:0.0%],F:0.0%,M:2.0%,n:100,E:25.5%	   
 98	Complete BUSCOs (C)	(of which 25 contain internal stop codons)		   
 98	Complete and single-copy BUSCOs (S)	   
 0	Complete and duplicated BUSCOs (D)	   
 0	Fragmented BUSCOs (F)			   
 2	Missing BUSCOs (M)			   
 100	Total BUSCO groups searched		   

2025-07-19 09:49:04 INFO:busco.BuscoRunner	

    -------------------------------------------------------------------------------------------
    |Results from dataset stramenopiles_odb10                                                  |
    -------------------------------------------------------------------------------------------
    |C:98.0%[S:98.0%,D:0.0%],F:0.0%,M:2.0%,n:100,E:25.5%                                       |
    |98    Complete BUSCOs (C)    (of which 25 contain internal stop codons)                   |
    |98    Complete and single-copy BUSCOs (S)                                                 |
    |0    Complete and duplicated BUSCOs (D)                                                   |
    |0    Fragmented BUSCOs (F)                                                                |
    |2    Missing BUSCOs (M)                                                                   |
    |100    Total BUSCO groups searched                                                        |
    -------------------------------------------------------------------------------------------
2025-07-19 09:49:04 INFO:busco.BuscoRunner	BUSCO analysis done with WARNING(s). Total running time: 10 seconds

***** Summary of warnings: *****
2025-07-19 09:49:04 INFO:busco.BuscoRunner	Results written in /data/djs217/PROJECTS/36_Hpa_genome_assembly/hpa-genome-assembly/final_assemblies/GCA_000173235.2_HyaAraEmoy2_2.0_genomic.fna.busco
2025-07-19 09:49:04 INFO:busco.BuscoRunner	For assistance with interpreting the results, please consult the userguide: https://busco.ezlab.org/busco_userguide.html

2025-07-19 09:49:04 INFO:busco.BuscoRunner	Visit this page https://gitlab.com/ezlab/busco#how-to-cite-busco to see how to cite BUSCO
2025-07-19 09:49:04 INFO:busco.run_BUSCO	Thank you for using BUSCO! Anonymous usage data is gathered to improve the tool. You may opt out with --opt-out-run-stats.
2025-07-19 09:49:04 DEBUG:urllib3.connectionpool	Starting new HTTPS connection (1): ipinfo.io:443
2025-07-19 09:49:04 DEBUG:urllib3.connectionpool	Starting new HTTPS connection (1): ipinfo.io:443
2025-07-19 09:49:04 DEBUG:urllib3.connectionpool	https://ipinfo.io:443 "GET /10.121.4.120/json HTTP/1.1" 200 None
2025-07-19 09:49:04 DEBUG:urllib3.connectionpool	https://ipinfo.io:443 "GET /10.121.4.120/json HTTP/1.1" 200 None
2025-07-19 09:49:04 DEBUG:urllib3.connectionpool	Starting new HTTPS connection (1): busco-data.ezlab.org:443
2025-07-19 09:49:04 DEBUG:urllib3.connectionpool	Starting new HTTPS connection (1): busco-data.ezlab.org:443
2025-07-19 09:49:04 DEBUG:urllib3.connectionpool	https://busco-data.ezlab.org:443 "POST /uploaddb HTTP/1.1" 200 64
2025-07-19 09:49:04 DEBUG:urllib3.connectionpool	https://busco-data.ezlab.org:443 "POST /uploaddb HTTP/1.1" 200 64
2025-07-19 09:49:04 DEBUG:busco.run_BUSCO	Data uploaded successfully.
