/data/djs217/miniconda3/envs/quast_env/bin/quast.py assembly_01.fasta assembly_02.fasta assembly_03.fasta assembly_04.fasta assembly_05.fasta assembly_06.fasta assembly_07.fasta assembly_08.fasta assembly_09.fasta assembly_10.fasta assembly_11.fasta assembly_12.fasta

Version: 5.3.0

System information:
  OS: Linux-5.15.0-143-generic-x86_64-with-glibc2.35 (linux_64)
  Python version: 3.12.7
  CPUs number: 32

Started: 2025-07-17 09:07:34

Logging to /data/djs217/PROJECTS/36_Hpa_genome_assembly/hpa-genome-assembly/Noks1.assemblies/quast_results/results_2025_07_17_09_07_34/quast.log
NOTICE: Maximum number of threads is set to 8 (use --threads option to set it manually)

CWD: /data/djs217/PROJECTS/36_Hpa_genome_assembly/hpa-genome-assembly/Noks1.assemblies
Main parameters: 
  MODE: default, threads: 8, min contig length: 500, min alignment length: 65, min alignment IDY: 95.0, \
  ambiguity: one, min local misassembly length: 200, min extensive misassembly length: 1000

Contigs:
  Pre-processing...
  1  assembly_01.fasta ==> assembly_01
  2  assembly_02.fasta ==> assembly_02
  3  assembly_03.fasta ==> assembly_03
  4  assembly_04.fasta ==> assembly_04
  5  assembly_05.fasta ==> assembly_05
  6  assembly_06.fasta ==> assembly_06
  7  assembly_07.fasta ==> assembly_07
  8  assembly_08.fasta ==> assembly_08
  9  assembly_09.fasta ==> assembly_09
  10 assembly_10.fasta ==> assembly_10
  11 assembly_11.fasta ==> assembly_11
  12 assembly_12.fasta ==> assembly_12

2025-07-17 09:07:55
Running Basic statistics processor...
  Contig files: 
    1  assembly_01
    2  assembly_02
    3  assembly_03
    4  assembly_04
    5  assembly_05
    6  assembly_06
    7  assembly_07
    8  assembly_08
    9  assembly_09
    10 assembly_10
    11 assembly_11
    12 assembly_12
  Calculating N50 and L50...
    1  assembly_01, N50 = 1192887, L50 = 25, auN = 1847700.9, Total length = 111536113, GC % = 51.26, # N's per 100 kbp =  0.00
    2  assembly_02, N50 = 1159849, L50 = 24, auN = 1815724.5, Total length = 107928903, GC % = 50.46, # N's per 100 kbp =  0.00
    3  assembly_03, N50 = 1213661, L50 = 25, auN = 1827228.3, Total length = 111208100, GC % = 51.14, # N's per 100 kbp =  0.00
    4  assembly_04, N50 = 1137406, L50 = 25, auN = 1897904.1, Total length = 111400137, GC % = 51.09, # N's per 100 kbp =  0.00
    5  assembly_05, N50 = 1224521, L50 = 22, auN = 1946094.5, Total length = 109698808, GC % = 50.87, # N's per 100 kbp =  0.00
    6  assembly_06, N50 = 1239311, L50 = 21, auN = 2086745.6, Total length = 111015065, GC % = 51.03, # N's per 100 kbp =  0.00
    7  assembly_07, N50 = 1120981, L50 = 28, auN = 1709406.8, Total length = 112713585, GC % = 51.50, # N's per 100 kbp =  0.00
    8  assembly_08, N50 = 1179203, L50 = 24, auN = 1792534.7, Total length = 108768499, GC % = 50.91, # N's per 100 kbp =  0.00
    9  assembly_09, N50 = 1134557, L50 = 27, auN = 1714459.6, Total length = 108530077, GC % = 50.73, # N's per 100 kbp =  0.00
    10 assembly_10, N50 = 1210654, L50 = 23, auN = 1995675.3, Total length = 108256542, GC % = 50.86, # N's per 100 kbp =  0.00
    11 assembly_11, N50 = 1061377, L50 = 25, auN = 1794511.8, Total length = 104406416, GC % = 50.26, # N's per 100 kbp =  0.00
    12 assembly_12, N50 = 1229494, L50 = 22, auN = 2042064.1, Total length = 112160031, GC % = 51.09, # N's per 100 kbp =  0.00
  Drawing Nx plot...
    saved to /data/djs217/PROJECTS/36_Hpa_genome_assembly/hpa-genome-assembly/Noks1.assemblies/quast_results/results_2025_07_17_09_07_34/basic_stats/Nx_plot.pdf
  Drawing cumulative plot...
    saved to /data/djs217/PROJECTS/36_Hpa_genome_assembly/hpa-genome-assembly/Noks1.assemblies/quast_results/results_2025_07_17_09_07_34/basic_stats/cumulative_plot.pdf
  Drawing GC content plot...
    saved to /data/djs217/PROJECTS/36_Hpa_genome_assembly/hpa-genome-assembly/Noks1.assemblies/quast_results/results_2025_07_17_09_07_34/basic_stats/GC_content_plot.pdf
  Drawing assembly_01 GC content plot...
    saved to /data/djs217/PROJECTS/36_Hpa_genome_assembly/hpa-genome-assembly/Noks1.assemblies/quast_results/results_2025_07_17_09_07_34/basic_stats/assembly_01_GC_content_plot.pdf
  Drawing assembly_02 GC content plot...
    saved to /data/djs217/PROJECTS/36_Hpa_genome_assembly/hpa-genome-assembly/Noks1.assemblies/quast_results/results_2025_07_17_09_07_34/basic_stats/assembly_02_GC_content_plot.pdf
  Drawing assembly_03 GC content plot...
    saved to /data/djs217/PROJECTS/36_Hpa_genome_assembly/hpa-genome-assembly/Noks1.assemblies/quast_results/results_2025_07_17_09_07_34/basic_stats/assembly_03_GC_content_plot.pdf
  Drawing assembly_04 GC content plot...
    saved to /data/djs217/PROJECTS/36_Hpa_genome_assembly/hpa-genome-assembly/Noks1.assemblies/quast_results/results_2025_07_17_09_07_34/basic_stats/assembly_04_GC_content_plot.pdf
  Drawing assembly_05 GC content plot...
    saved to /data/djs217/PROJECTS/36_Hpa_genome_assembly/hpa-genome-assembly/Noks1.assemblies/quast_results/results_2025_07_17_09_07_34/basic_stats/assembly_05_GC_content_plot.pdf
  Drawing assembly_06 GC content plot...
    saved to /data/djs217/PROJECTS/36_Hpa_genome_assembly/hpa-genome-assembly/Noks1.assemblies/quast_results/results_2025_07_17_09_07_34/basic_stats/assembly_06_GC_content_plot.pdf
  Drawing assembly_07 GC content plot...
    saved to /data/djs217/PROJECTS/36_Hpa_genome_assembly/hpa-genome-assembly/Noks1.assemblies/quast_results/results_2025_07_17_09_07_34/basic_stats/assembly_07_GC_content_plot.pdf
  Drawing assembly_08 GC content plot...
    saved to /data/djs217/PROJECTS/36_Hpa_genome_assembly/hpa-genome-assembly/Noks1.assemblies/quast_results/results_2025_07_17_09_07_34/basic_stats/assembly_08_GC_content_plot.pdf
  Drawing assembly_09 GC content plot...
    saved to /data/djs217/PROJECTS/36_Hpa_genome_assembly/hpa-genome-assembly/Noks1.assemblies/quast_results/results_2025_07_17_09_07_34/basic_stats/assembly_09_GC_content_plot.pdf
  Drawing assembly_10 GC content plot...
    saved to /data/djs217/PROJECTS/36_Hpa_genome_assembly/hpa-genome-assembly/Noks1.assemblies/quast_results/results_2025_07_17_09_07_34/basic_stats/assembly_10_GC_content_plot.pdf
  Drawing assembly_11 GC content plot...
    saved to /data/djs217/PROJECTS/36_Hpa_genome_assembly/hpa-genome-assembly/Noks1.assemblies/quast_results/results_2025_07_17_09_07_34/basic_stats/assembly_11_GC_content_plot.pdf
  Drawing assembly_12 GC content plot...
    saved to /data/djs217/PROJECTS/36_Hpa_genome_assembly/hpa-genome-assembly/Noks1.assemblies/quast_results/results_2025_07_17_09_07_34/basic_stats/assembly_12_GC_content_plot.pdf
Done.

NOTICE: Genes are not predicted by default. Use --gene-finding or --glimmer option to enable it.

2025-07-17 09:08:34
Creating large visual summaries...
This may take a while: press Ctrl-C to skip this step..
  1 of 2: Creating PDF with all tables and plots...
  2 of 2: Creating Icarus viewers...
Done

2025-07-17 09:08:40
RESULTS:
  Text versions of total report are saved to /data/djs217/PROJECTS/36_Hpa_genome_assembly/hpa-genome-assembly/Noks1.assemblies/quast_results/results_2025_07_17_09_07_34/report.txt, report.tsv, and report.tex
  Text versions of transposed total report are saved to /data/djs217/PROJECTS/36_Hpa_genome_assembly/hpa-genome-assembly/Noks1.assemblies/quast_results/results_2025_07_17_09_07_34/transposed_report.txt, transposed_report.tsv, and transposed_report.tex
  HTML version (interactive tables and plots) is saved to /data/djs217/PROJECTS/36_Hpa_genome_assembly/hpa-genome-assembly/Noks1.assemblies/quast_results/results_2025_07_17_09_07_34/report.html
  PDF version (tables and plots) is saved to /data/djs217/PROJECTS/36_Hpa_genome_assembly/hpa-genome-assembly/Noks1.assemblies/quast_results/results_2025_07_17_09_07_34/report.pdf
  Icarus (contig browser) is saved to /data/djs217/PROJECTS/36_Hpa_genome_assembly/hpa-genome-assembly/Noks1.assemblies/quast_results/results_2025_07_17_09_07_34/icarus.html
  Log is saved to /data/djs217/PROJECTS/36_Hpa_genome_assembly/hpa-genome-assembly/Noks1.assemblies/quast_results/results_2025_07_17_09_07_34/quast.log

Finished: 2025-07-17 09:08:41
Elapsed time: 0:01:06.456396
NOTICEs: 2; WARNINGs: 0; non-fatal ERRORs: 0

Thank you for using QUAST!
