/data/djs217/miniconda3/envs/quast_env/bin/quast.py GCA_000173235.2_HyaAraEmoy2_2.0_genomic.fna GCA_001414265.1_Cala2_v1_genomic.fna GCA_001414525.1_Noks1_v1_genomic.fna GCA_019297655.1_ASM1929765v1_genomic.fna GCA_019297675.1_ASM1929767v1_genomic.fna GCA_029452305.1_CAASIVF_Hyap_BJ2020_genomic.fna GCA_947650285.1_Hp1_genomic.fna Cala2.assembly.cleaned.fasta Noks1.assembly.cleaned.fasta

Version: 5.3.0

System information:
  OS: Linux-5.15.0-143-generic-x86_64-with-glibc2.35 (linux_64)
  Python version: 3.12.7
  CPUs number: 32

Started: 2025-07-19 13:30:09

Logging to /data/djs217/PROJECTS/36_Hpa_genome_assembly/hpa-genome-assembly/final_assemblies/quast_results/results_2025_07_19_13_30_09/quast.log
NOTICE: Maximum number of threads is set to 8 (use --threads option to set it manually)

CWD: /data/djs217/PROJECTS/36_Hpa_genome_assembly/hpa-genome-assembly/final_assemblies
Main parameters: 
  MODE: default, threads: 8, min contig length: 500, min alignment length: 65, min alignment IDY: 95.0, \
  ambiguity: one, min local misassembly length: 200, min extensive misassembly length: 1000

Contigs:
  Pre-processing...
  1  GCA_000173235.2_HyaAraEmoy2_2.0_genomic.fna ==> GCA_000173235.2_HyaAraEmoy2_2.0_genomic
  2  GCA_001414265.1_Cala2_v1_genomic.fna ==> GCA_001414265.1_Cala2_v1_genomic
  3  GCA_001414525.1_Noks1_v1_genomic.fna ==> GCA_001414525.1_Noks1_v1_genomic
  4  GCA_019297655.1_ASM1929765v1_genomic.fna ==> GCA_019297655.1_ASM1929765v1_genomic
  5  GCA_019297675.1_ASM1929767v1_genomic.fna ==> GCA_019297675.1_ASM1929767v1_genomic
  6  GCA_029452305.1_CAASIVF_Hyap_BJ2020_genomic.fna ==> GCA_029452305.1_CAASIVF_Hyap_BJ2020_genomic
  7  GCA_947650285.1_Hp1_genomic.fna ==> GCA_947650285.1_Hp1_genomic
  8  Cala2.assembly.cleaned.fasta ==> Cala2.assembly.cleaned
  9  Noks1.assembly.cleaned.fasta ==> Noks1.assembly.cleaned

2025-07-19 13:30:12
Running Basic statistics processor...
  Contig files: 
    1  GCA_000173235.2_HyaAraEmoy2_2.0_genomic
    2  GCA_001414265.1_Cala2_v1_genomic
    3  GCA_001414525.1_Noks1_v1_genomic
    4  GCA_019297655.1_ASM1929765v1_genomic
    5  GCA_019297675.1_ASM1929767v1_genomic
    6  GCA_029452305.1_CAASIVF_Hyap_BJ2020_genomic
    7  GCA_947650285.1_Hp1_genomic
    8  Cala2.assembly.cleaned
    9  Noks1.assembly.cleaned
  Calculating N50 and L50...
    1  GCA_000173235.2_HyaAraEmoy2_2.0_genomic, N50 = 339722, L50 = 69, auN = 405477.9, Total length = 78128240, GC % = 47.22, # N's per 100 kbp =  10231.40
    2  GCA_001414265.1_Cala2_v1_genomic, N50 = 23816, L50 = 804, auN = 31774.2, Total length = 70255090, GC % = 47.32, # N's per 100 kbp =  15.72
    3  GCA_001414525.1_Noks1_v1_genomic, N50 = 19328, L50 = 993, auN = 26879.8, Total length = 74456230, GC % = 47.84, # N's per 100 kbp =  24.81
    4  GCA_019297655.1_ASM1929765v1_genomic, N50 = 24471, L50 = 857, auN = 34216.4, Total length = 76948046, GC % = 47.84, # N's per 100 kbp =  863.94
    5  GCA_019297675.1_ASM1929767v1_genomic, N50 = 23534, L50 = 851, auN = 31457.9, Total length = 72155539, GC % = 47.84, # N's per 100 kbp =  1079.67
    6  GCA_029452305.1_CAASIVF_Hyap_BJ2020_genomic, N50 = 20443, L50 = 521, auN = 25905.6, Total length = 36740689, GC % = 51.32, # N's per 100 kbp =  19.93
    7  GCA_947650285.1_Hp1_genomic, N50 = 268188, L50 = 110, auN = 349954.0, Total length = 102623141, GC % = 48.43, # N's per 100 kbp =  0.68
    8  Cala2.assembly.cleaned, N50 = 646952, L50 = 30, auN = 934731.8, Total length = 72288042, GC % = 47.30, # N's per 100 kbp =  0.00
    9  Noks1.assembly.cleaned, N50 = 746920, L50 = 29, auN = 905764.0, Total length = 72073663, GC % = 47.34, # N's per 100 kbp =  0.00
  Drawing Nx plot...
    saved to /data/djs217/PROJECTS/36_Hpa_genome_assembly/hpa-genome-assembly/final_assemblies/quast_results/results_2025_07_19_13_30_09/basic_stats/Nx_plot.pdf
  Drawing cumulative plot...
    saved to /data/djs217/PROJECTS/36_Hpa_genome_assembly/hpa-genome-assembly/final_assemblies/quast_results/results_2025_07_19_13_30_09/basic_stats/cumulative_plot.pdf
  Drawing GC content plot...
    saved to /data/djs217/PROJECTS/36_Hpa_genome_assembly/hpa-genome-assembly/final_assemblies/quast_results/results_2025_07_19_13_30_09/basic_stats/GC_content_plot.pdf
  Drawing GCA_000173235.2_HyaAraEmoy2_2.0_genomic GC content plot...
    saved to /data/djs217/PROJECTS/36_Hpa_genome_assembly/hpa-genome-assembly/final_assemblies/quast_results/results_2025_07_19_13_30_09/basic_stats/GCA_000173235.2_HyaAraEmoy2_2.0_genomic_GC_content_plot.pdf
  Drawing GCA_001414265.1_Cala2_v1_genomic GC content plot...
    saved to /data/djs217/PROJECTS/36_Hpa_genome_assembly/hpa-genome-assembly/final_assemblies/quast_results/results_2025_07_19_13_30_09/basic_stats/GCA_001414265.1_Cala2_v1_genomic_GC_content_plot.pdf
  Drawing GCA_001414525.1_Noks1_v1_genomic GC content plot...
    saved to /data/djs217/PROJECTS/36_Hpa_genome_assembly/hpa-genome-assembly/final_assemblies/quast_results/results_2025_07_19_13_30_09/basic_stats/GCA_001414525.1_Noks1_v1_genomic_GC_content_plot.pdf
  Drawing GCA_019297655.1_ASM1929765v1_genomic GC content plot...
    saved to /data/djs217/PROJECTS/36_Hpa_genome_assembly/hpa-genome-assembly/final_assemblies/quast_results/results_2025_07_19_13_30_09/basic_stats/GCA_019297655.1_ASM1929765v1_genomic_GC_content_plot.pdf
  Drawing GCA_019297675.1_ASM1929767v1_genomic GC content plot...
    saved to /data/djs217/PROJECTS/36_Hpa_genome_assembly/hpa-genome-assembly/final_assemblies/quast_results/results_2025_07_19_13_30_09/basic_stats/GCA_019297675.1_ASM1929767v1_genomic_GC_content_plot.pdf
  Drawing GCA_029452305.1_CAASIVF_Hyap_BJ2020_genomic GC content plot...
    saved to /data/djs217/PROJECTS/36_Hpa_genome_assembly/hpa-genome-assembly/final_assemblies/quast_results/results_2025_07_19_13_30_09/basic_stats/GCA_029452305.1_CAASIVF_Hyap_BJ2020_genomic_GC_content_plot.pdf
  Drawing GCA_947650285.1_Hp1_genomic GC content plot...
    saved to /data/djs217/PROJECTS/36_Hpa_genome_assembly/hpa-genome-assembly/final_assemblies/quast_results/results_2025_07_19_13_30_09/basic_stats/GCA_947650285.1_Hp1_genomic_GC_content_plot.pdf
  Drawing Cala2.assembly.cleaned GC content plot...
    saved to /data/djs217/PROJECTS/36_Hpa_genome_assembly/hpa-genome-assembly/final_assemblies/quast_results/results_2025_07_19_13_30_09/basic_stats/Cala2.assembly.cleaned_GC_content_plot.pdf
  Drawing Noks1.assembly.cleaned GC content plot...
    saved to /data/djs217/PROJECTS/36_Hpa_genome_assembly/hpa-genome-assembly/final_assemblies/quast_results/results_2025_07_19_13_30_09/basic_stats/Noks1.assembly.cleaned_GC_content_plot.pdf
Done.

NOTICE: Genes are not predicted by default. Use --gene-finding or --glimmer option to enable it.

2025-07-19 13:30:30
Creating large visual summaries...
This may take a while: press Ctrl-C to skip this step..
  1 of 2: Creating PDF with all tables and plots...
  2 of 2: Creating Icarus viewers...
Done

2025-07-19 13:30:34
RESULTS:
  Text versions of total report are saved to /data/djs217/PROJECTS/36_Hpa_genome_assembly/hpa-genome-assembly/final_assemblies/quast_results/results_2025_07_19_13_30_09/report.txt, report.tsv, and report.tex
  Text versions of transposed total report are saved to /data/djs217/PROJECTS/36_Hpa_genome_assembly/hpa-genome-assembly/final_assemblies/quast_results/results_2025_07_19_13_30_09/transposed_report.txt, transposed_report.tsv, and transposed_report.tex
  HTML version (interactive tables and plots) is saved to /data/djs217/PROJECTS/36_Hpa_genome_assembly/hpa-genome-assembly/final_assemblies/quast_results/results_2025_07_19_13_30_09/report.html
  PDF version (tables and plots) is saved to /data/djs217/PROJECTS/36_Hpa_genome_assembly/hpa-genome-assembly/final_assemblies/quast_results/results_2025_07_19_13_30_09/report.pdf
  Icarus (contig browser) is saved to /data/djs217/PROJECTS/36_Hpa_genome_assembly/hpa-genome-assembly/final_assemblies/quast_results/results_2025_07_19_13_30_09/icarus.html
  Log is saved to /data/djs217/PROJECTS/36_Hpa_genome_assembly/hpa-genome-assembly/final_assemblies/quast_results/results_2025_07_19_13_30_09/quast.log

Finished: 2025-07-19 13:30:34
Elapsed time: 0:00:25.078673
NOTICEs: 2; WARNINGs: 0; non-fatal ERRORs: 0

Thank you for using QUAST!
