#                                                                                                      --- full sequence --- -------------- this domain -------------   hmm coord   ali coord   env coord
# target name                                  accession   tlen query name           accession   qlen   E-value  score  bias   #  of  c-Evalue  i-Evalue  score  bias  from    to  from    to  from    to  acc description of target
#                          ------------------- ---------- ----- -------------------- ---------- ----- --------- ------ ----- --- --- --------- --------- ------ ----- ----- ----- ----- ----- ----- ----- ---- ---------------------
13102at33634_5|JAPPWB010000015.1:27523-30060|- -            608 13102at33634         -            407  1.3e-178  581.5  23.7   1   3   2.2e-87   2.2e-87  281.0   9.1     1   224    12   269    12   275 0.87 <unknown description>
13102at33634_5|JAPPWB010000015.1:27523-30060|- -            608 13102at33634         -            407  1.3e-178  581.5  23.7   2   3   2.2e-91   2.2e-91  294.2   1.0   221   381   326   500   315   504 0.93 <unknown description>
13102at33634_5|JAPPWB010000015.1:27523-30060|- -            608 13102at33634         -            407  1.3e-178  581.5  23.7   3   3   1.4e-05   1.4e-05   11.6   0.4   384   407   561   584   554   584 0.89 <unknown description>
13102at33634_6|JAPPWB010000015.1:24469-29730|- -            516 13102at33634         -            407  7.3e-166  539.5  16.6   1   2   1.5e-76   1.5e-76  245.3   8.4    44   224     1   205     1   211 0.90 <unknown description>
13102at33634_6|JAPPWB010000015.1:24469-29730|- -            516 13102at33634         -            407  7.3e-166  539.5  16.6   2   2   1.5e-91   1.5e-91  294.7   1.1   221   381   262   436   254   449 0.93 <unknown description>
13102at33634_3|JAPPWB010000015.1:27700-29516|- -            440 13102at33634         -            407  1.2e-156  509.1  11.4   1   2   3.4e-68   3.4e-68  217.8   3.0    76   224     1   160     1   166 0.91 <unknown description>
13102at33634_3|JAPPWB010000015.1:27700-29516|- -            440 13102at33634         -            407  1.2e-156  509.1  11.4   2   2   1.4e-91   1.4e-91  294.9   1.4   221   381   217   391   205   396 0.93 <unknown description>
#
# Program:         hmmsearch
# Version:         3.4 (Aug 2023)
# Pipeline mode:   SEARCH
# Query file:      /data/djs217/PROJECTS/36_Hpa_genome_assembly/hpa-genome-assembly/final_assemblies/busco_downloads/lineages/stramenopiles_odb10/hmms/13102at33634.hmm
# Target file:     /data/djs217/PROJECTS/36_Hpa_genome_assembly/hpa-genome-assembly/final_assemblies/GCA_029452305.1_CAASIVF_Hyap_BJ2020_genomic.fna.busco/run_stramenopiles_odb10/miniprot_output/translated_proteins/13102at33634.faa
# Option settings: hmmsearch --domtblout /data/djs217/PROJECTS/36_Hpa_genome_assembly/hpa-genome-assembly/final_assemblies/GCA_029452305.1_CAASIVF_Hyap_BJ2020_genomic.fna.busco/run_stramenopiles_odb10/hmmer_output/13102at33634.out --cpu 1 /data/djs217/PROJECTS/36_Hpa_genome_assembly/hpa-genome-assembly/final_assemblies/busco_downloads/lineages/stramenopiles_odb10/hmms/13102at33634.hmm /data/djs217/PROJECTS/36_Hpa_genome_assembly/hpa-genome-assembly/final_assemblies/GCA_029452305.1_CAASIVF_Hyap_BJ2020_genomic.fna.busco/run_stramenopiles_odb10/miniprot_output/translated_proteins/13102at33634.faa 
# Current dir:     /data/djs217/PROJECTS/36_Hpa_genome_assembly/hpa-genome-assembly/final_assemblies
# Date:            Sat Jul 19 09:42:40 2025
# [ok]
