#                                                                                                   --- full sequence --- -------------- this domain -------------   hmm coord   ali coord   env coord
# target name                               accession   tlen query name           accession   qlen   E-value  score  bias   #  of  c-Evalue  i-Evalue  score  bias  from    to  from    to  from    to  acc description of target
#                       ------------------- ---------- ----- -------------------- ---------- ----- --------- ------ ----- --- --- --------- --------- ------ ----- ----- ----- ----- ----- ----- ----- ---- ---------------------
1326at33634_1|JAPPWB010000889.1:1311-5130|+ -           1274 1326at33634          -            744  4.2e-236  772.5  36.3   1   6   5.2e-27   5.2e-27   81.1   3.2     6   112    47   184    41   193 0.82 <unknown description>
1326at33634_1|JAPPWB010000889.1:1311-5130|+ -           1274 1326at33634          -            744  4.2e-236  772.5  36.3   2   6    0.0012    0.0012    3.9   0.0   110   130   214   235   210   248 0.86 <unknown description>
1326at33634_1|JAPPWB010000889.1:1311-5130|+ -           1274 1326at33634          -            744  4.2e-236  772.5  36.3   3   6   1.2e-42   1.2e-42  132.8   0.1   140   266   279   421   252   446 0.79 <unknown description>
1326at33634_1|JAPPWB010000889.1:1311-5130|+ -           1274 1326at33634          -            744  4.2e-236  772.5  36.3   4   6  1.7e-125  1.7e-125  406.8   5.6   262   559   496   836   487   841 0.90 <unknown description>
1326at33634_1|JAPPWB010000889.1:1311-5130|+ -           1274 1326at33634          -            744  4.2e-236  772.5  36.3   5   6   4.8e-24   4.8e-24   71.3   0.0   535   652   842   987   837   997 0.82 <unknown description>
1326at33634_1|JAPPWB010000889.1:1311-5130|+ -           1274 1326at33634          -            744  4.2e-236  772.5  36.3   6   6   1.3e-26   1.3e-26   79.8   5.3   643   735  1084  1205  1068  1210 0.78 <unknown description>
1326at33634_0|JAPPWB010000889.1:2379-5130|+ -            838 1326at33634          -            744  6.3e-187  609.9  21.4   1   5   3.2e-17   3.2e-17   48.8   0.0   218   266    17    65     3    90 0.75 <unknown description>
1326at33634_0|JAPPWB010000889.1:2379-5130|+ -            838 1326at33634          -            744  6.3e-187  609.9  21.4   2   5  6.9e-126  6.9e-126  408.1   5.6   262   559   140   480   131   488 0.90 <unknown description>
1326at33634_0|JAPPWB010000889.1:2379-5130|+ -            838 1326at33634          -            744  6.3e-187  609.9  21.4   3   5   2.8e-24   2.8e-24   72.1   0.0   535   652   486   631   482   639 0.82 <unknown description>
1326at33634_0|JAPPWB010000889.1:2379-5130|+ -            838 1326at33634          -            744  6.3e-187  609.9  21.4   4   5   2.6e-08   2.6e-08   19.3   0.2   643   682   648   696   636   701 0.79 <unknown description>
1326at33634_0|JAPPWB010000889.1:2379-5130|+ -            838 1326at33634          -            744  6.3e-187  609.9  21.4   5   5   2.5e-23   2.5e-23   68.9   0.2   680   735   714   769   706   774 0.94 <unknown description>
#
# Program:         hmmsearch
# Version:         3.4 (Aug 2023)
# Pipeline mode:   SEARCH
# Query file:      /data/djs217/PROJECTS/36_Hpa_genome_assembly/hpa-genome-assembly/final_assemblies/busco_downloads/lineages/stramenopiles_odb10/hmms/1326at33634.hmm
# Target file:     /data/djs217/PROJECTS/36_Hpa_genome_assembly/hpa-genome-assembly/final_assemblies/GCA_029452305.1_CAASIVF_Hyap_BJ2020_genomic.fna.busco/run_stramenopiles_odb10/miniprot_output/translated_proteins/1326at33634.faa
# Option settings: hmmsearch --domtblout /data/djs217/PROJECTS/36_Hpa_genome_assembly/hpa-genome-assembly/final_assemblies/GCA_029452305.1_CAASIVF_Hyap_BJ2020_genomic.fna.busco/run_stramenopiles_odb10/hmmer_output/1326at33634.out --cpu 1 /data/djs217/PROJECTS/36_Hpa_genome_assembly/hpa-genome-assembly/final_assemblies/busco_downloads/lineages/stramenopiles_odb10/hmms/1326at33634.hmm /data/djs217/PROJECTS/36_Hpa_genome_assembly/hpa-genome-assembly/final_assemblies/GCA_029452305.1_CAASIVF_Hyap_BJ2020_genomic.fna.busco/run_stramenopiles_odb10/miniprot_output/translated_proteins/1326at33634.faa 
# Current dir:     /data/djs217/PROJECTS/36_Hpa_genome_assembly/hpa-genome-assembly/final_assemblies
# Date:            Sat Jul 19 13:20:20 2025
# [ok]
