#                                                                                                      --- full sequence --- -------------- this domain -------------   hmm coord   ali coord   env coord
# target name                                  accession   tlen query name           accession   qlen   E-value  score  bias   #  of  c-Evalue  i-Evalue  score  bias  from    to  from    to  from    to  acc description of target
#                          ------------------- ---------- ----- -------------------- ---------- ----- --------- ------ ----- --- --- --------- --------- ------ ----- ----- ----- ----- ----- ----- ----- ---- ---------------------
13832at33634_4|JAPPWB010000384.1:21323-22226|+ -            248 13832at33634         -            209   6.2e-41  128.9   7.4   1   2   8.3e-05   8.3e-05   10.9   0.1    28    46     1    19     1    54 0.84 <unknown description>
13832at33634_4|JAPPWB010000384.1:21323-22226|+ -            248 13832at33634         -            209   6.2e-41  128.9   7.4   2   2   1.2e-37   1.2e-37  118.2   3.8    56   208    69   247    47   248 0.80 <unknown description>
13832at33634_0|JAPPWB010000320.1:13664-14804|+ -            278 13832at33634         -            209   1.5e-38  121.1   0.8   1   2   4.6e-06   4.6e-06   15.0   0.0     7    70     6    88     1    97 0.60 <unknown description>
13832at33634_0|JAPPWB010000320.1:13664-14804|+ -            278 13832at33634         -            209   1.5e-38  121.1   0.8   2   2   4.7e-33   4.7e-33  103.2   0.2    53   207    91   274    80   276 0.76 <unknown description>
13832at33634_3|JAPPWB010000384.1:21710-22250|+ -            181 13832at33634         -            209   5.1e-37  116.1   3.8   1   1   2.4e-36   2.4e-36  114.0   3.8    63   208     1   172     1   173 0.81 <unknown description>
13832at33634|JAPPWB010001203.1:4646-5504|-     -            287 13832at33634         -            209   8.2e-34  105.7   6.6   1   2   1.3e-05   1.3e-05   13.5   0.3    25    44    43    62     9    74 0.79 <unknown description>
13832at33634|JAPPWB010001203.1:4646-5504|-     -            287 13832at33634         -            209   8.2e-34  105.7   6.6   2   2   1.6e-30   1.6e-30   94.9   1.6    51   206   111   287    75   287 0.78 <unknown description>
13832at33634_3|JAPPWB010000161.1:29123-30025|+ -            251 13832at33634         -            209   3.5e-26   80.8   1.3   1   2   1.3e-05   1.3e-05   13.6   0.1    24    53    22    51     8    81 0.75 <unknown description>
13832at33634_3|JAPPWB010000161.1:29123-30025|+ -            251 13832at33634         -            209   3.5e-26   80.8   1.3   2   2   4.2e-21   4.2e-21   64.2   0.3    59   182    99   248    56   250 0.73 <unknown description>
13832at33634_2|JAPPWB010000161.1:29492-30275|+ -            182 13832at33634         -            209   6.1e-21   63.6   0.2   1   1   3.6e-20   3.6e-20   61.1   0.2    72   193     3   152     1   176 0.66 <unknown description>
#
# Program:         hmmsearch
# Version:         3.4 (Aug 2023)
# Pipeline mode:   SEARCH
# Query file:      /data/djs217/PROJECTS/36_Hpa_genome_assembly/hpa-genome-assembly/final_assemblies/busco_downloads/lineages/stramenopiles_odb10/hmms/13832at33634.hmm
# Target file:     /data/djs217/PROJECTS/36_Hpa_genome_assembly/hpa-genome-assembly/final_assemblies/GCA_029452305.1_CAASIVF_Hyap_BJ2020_genomic.fna.busco/run_stramenopiles_odb10/miniprot_output/translated_proteins/13832at33634.faa
# Option settings: hmmsearch --domtblout /data/djs217/PROJECTS/36_Hpa_genome_assembly/hpa-genome-assembly/final_assemblies/GCA_029452305.1_CAASIVF_Hyap_BJ2020_genomic.fna.busco/run_stramenopiles_odb10/hmmer_output/13832at33634.out --cpu 1 /data/djs217/PROJECTS/36_Hpa_genome_assembly/hpa-genome-assembly/final_assemblies/busco_downloads/lineages/stramenopiles_odb10/hmms/13832at33634.hmm /data/djs217/PROJECTS/36_Hpa_genome_assembly/hpa-genome-assembly/final_assemblies/GCA_029452305.1_CAASIVF_Hyap_BJ2020_genomic.fna.busco/run_stramenopiles_odb10/miniprot_output/translated_proteins/13832at33634.faa 
# Current dir:     /data/djs217/PROJECTS/36_Hpa_genome_assembly/hpa-genome-assembly/final_assemblies
# Date:            Sat Jul 19 09:50:32 2025
# [ok]
