#                                                                                                      --- full sequence --- -------------- this domain -------------   hmm coord   ali coord   env coord
# target name                                  accession   tlen query name           accession   qlen   E-value  score  bias   #  of  c-Evalue  i-Evalue  score  bias  from    to  from    to  from    to  acc description of target
#                          ------------------- ---------- ----- -------------------- ---------- ----- --------- ------ ----- --- --- --------- --------- ------ ----- ----- ----- ----- ----- ----- ----- ---- ---------------------
14113at33634_7|JAPPWB010000091.1:32203-39910|- -            484 14113at33634         -            336   3.5e-97  313.9   1.0   1   3   2.5e-91   3.8e-91  294.0   0.3    18   219    33   250    23   272 0.90 <unknown description>
14113at33634_7|JAPPWB010000091.1:32203-39910|- -            484 14113at33634         -            336   3.5e-97  313.9   1.0   2   3   7.1e-05   0.00011    9.8   0.0   214   277   280   347   273   357 0.73 <unknown description>
14113at33634_7|JAPPWB010000091.1:32203-39910|- -            484 14113at33634         -            336   3.5e-97  313.9   1.0   3   3   0.00046    0.0007    7.2   0.0   268   331   400   471   372   476 0.77 <unknown description>
14113at33634_6|JAPPWB010000091.1:38362-39811|- -            448 14113at33634         -            336   3.5e-96  310.6   2.0   1   3   7.1e-91   1.1e-90  292.6   0.3    19   218     1   216     1   234 0.90 <unknown description>
14113at33634_6|JAPPWB010000091.1:38362-39811|- -            448 14113at33634         -            336   3.5e-96  310.6   2.0   2   3   6.9e-05    0.0001    9.9   0.0   214   276   247   313   243   323 0.72 <unknown description>
14113at33634_6|JAPPWB010000091.1:38362-39811|- -            448 14113at33634         -            336   3.5e-96  310.6   2.0   3   3   0.00092    0.0014    6.2   0.0   271   330   380   447   359   448 0.77 <unknown description>
14113at33634_8|JAPPWB010000091.1:38686-39892|- -            403 14113at33634         -            336   8.6e-95  306.0   1.2   1   2   1.6e-91   2.4e-91  294.7   0.3    18   219    27   244    20   266 0.90 <unknown description>
14113at33634_8|JAPPWB010000091.1:38686-39892|- -            403 14113at33634         -            336   8.6e-95  306.0   1.2   2   2   5.2e-05   7.7e-05   10.3   0.0   214   277   274   341   261   352 0.75 <unknown description>
14113at33634_4|JAPPWB010000091.1:38857-39811|- -            319 14113at33634         -            336   1.6e-94  305.1   1.4   1   2   2.7e-91   4.1e-91  293.9   0.3    19   218     1   216     1   235 0.90 <unknown description>
14113at33634_4|JAPPWB010000091.1:38857-39811|- -            319 14113at33634         -            336   1.6e-94  305.1   1.4   2   2   4.9e-05   7.4e-05   10.4   0.0   214   274   247   311   242   318 0.71 <unknown description>
#
# Program:         hmmsearch
# Version:         3.4 (Aug 2023)
# Pipeline mode:   SEARCH
# Query file:      /data/djs217/PROJECTS/36_Hpa_genome_assembly/hpa-genome-assembly/final_assemblies/busco_downloads/lineages/stramenopiles_odb10/hmms/14113at33634.hmm
# Target file:     /data/djs217/PROJECTS/36_Hpa_genome_assembly/hpa-genome-assembly/final_assemblies/GCA_029452305.1_CAASIVF_Hyap_BJ2020_genomic.fna.busco/run_stramenopiles_odb10/miniprot_output/translated_proteins/14113at33634.faa
# Option settings: hmmsearch --domtblout /data/djs217/PROJECTS/36_Hpa_genome_assembly/hpa-genome-assembly/final_assemblies/GCA_029452305.1_CAASIVF_Hyap_BJ2020_genomic.fna.busco/run_stramenopiles_odb10/hmmer_output/14113at33634.out --cpu 1 /data/djs217/PROJECTS/36_Hpa_genome_assembly/hpa-genome-assembly/final_assemblies/busco_downloads/lineages/stramenopiles_odb10/hmms/14113at33634.hmm /data/djs217/PROJECTS/36_Hpa_genome_assembly/hpa-genome-assembly/final_assemblies/GCA_029452305.1_CAASIVF_Hyap_BJ2020_genomic.fna.busco/run_stramenopiles_odb10/miniprot_output/translated_proteins/14113at33634.faa 
# Current dir:     /data/djs217/PROJECTS/36_Hpa_genome_assembly/hpa-genome-assembly/final_assemblies
# Date:            Sat Jul 19 13:20:20 2025
# [ok]
