#                                                                                                     --- full sequence --- -------------- this domain -------------   hmm coord   ali coord   env coord
# target name                                 accession   tlen query name           accession   qlen   E-value  score  bias   #  of  c-Evalue  i-Evalue  score  bias  from    to  from    to  from    to  acc description of target
#                         ------------------- ---------- ----- -------------------- ---------- ----- --------- ------ ----- --- --- --------- --------- ------ ----- ----- ----- ----- ----- ----- ----- ---- ---------------------
4406at33634_1|JAPPWB010000303.1:13118-16057|+ -            857 4406at33634          -            435  3.5e-212  693.0   8.7   1   2   3.4e-87   3.4e-87  281.1   0.4     1   233   205   509   205   548 0.84 <unknown description>
4406at33634_1|JAPPWB010000303.1:13118-16057|+ -            857 4406at33634          -            435  3.5e-212  693.0   8.7   2   2  7.2e-128  7.2e-128  415.1   2.7   220   435   634   855   621   855 0.95 <unknown description>
4406at33634_7|JAPPWB010000303.1:7361-16057|+  -            986 4406at33634          -            435  6.7e-212  692.1   8.8   1   2   4.7e-87   4.7e-87  280.7   0.4     1   233   334   638   334   676 0.84 <unknown description>
4406at33634_7|JAPPWB010000303.1:7361-16057|+  -            986 4406at33634          -            435  6.7e-212  692.1   8.8   2   2  9.3e-128  9.3e-128  414.8   2.7   220   435   763   984   750   984 0.95 <unknown description>
4406at33634_5|JAPPWB010000303.1:13787-16045|+ -            659 4406at33634          -            435  1.3e-210  687.8  12.5   1   2   6.3e-87   6.3e-87  280.2   2.0     1   233    11   315    11   346 0.84 <unknown description>
4406at33634_5|JAPPWB010000303.1:13787-16045|+ -            659 4406at33634          -            435  1.3e-210  687.8  12.5   2   2  4.6e-127  4.6e-127  412.5   3.1   220   433   440   659   427   659 0.95 <unknown description>
4406at33634_0|JAPPWB010000303.1:13118-14204|+ -            216 4406at33634          -            435   1.2e-30   94.8   1.3   1   1   1.9e-30   1.9e-30   94.1   1.3     1    84   111   216   111   216 0.85 <unknown description>
#
# Program:         hmmsearch
# Version:         3.4 (Aug 2023)
# Pipeline mode:   SEARCH
# Query file:      /data/djs217/PROJECTS/36_Hpa_genome_assembly/hpa-genome-assembly/final_assemblies/busco_downloads/lineages/stramenopiles_odb10/hmms/4406at33634.hmm
# Target file:     /data/djs217/PROJECTS/36_Hpa_genome_assembly/hpa-genome-assembly/final_assemblies/GCA_029452305.1_CAASIVF_Hyap_BJ2020_genomic.fna.busco/run_stramenopiles_odb10/miniprot_output/translated_proteins/4406at33634.faa
# Option settings: hmmsearch --domtblout /data/djs217/PROJECTS/36_Hpa_genome_assembly/hpa-genome-assembly/final_assemblies/GCA_029452305.1_CAASIVF_Hyap_BJ2020_genomic.fna.busco/run_stramenopiles_odb10/hmmer_output/4406at33634.out --cpu 1 /data/djs217/PROJECTS/36_Hpa_genome_assembly/hpa-genome-assembly/final_assemblies/busco_downloads/lineages/stramenopiles_odb10/hmms/4406at33634.hmm /data/djs217/PROJECTS/36_Hpa_genome_assembly/hpa-genome-assembly/final_assemblies/GCA_029452305.1_CAASIVF_Hyap_BJ2020_genomic.fna.busco/run_stramenopiles_odb10/miniprot_output/translated_proteins/4406at33634.faa 
# Current dir:     /data/djs217/PROJECTS/36_Hpa_genome_assembly/hpa-genome-assembly/final_assemblies
# Date:            Sat Jul 19 09:50:32 2025
# [ok]
