A	C	G	T	N	IUPAC	Other	GC	GC_stdev
0.2438	0.2559	0.2567	0.2436	0.0000	0.0000	0.0000	0.5126	0.0820

Main genome scaffold total:         	452
Main genome contig total:           	452
Main genome scaffold sequence total:	111539353
Main genome contig sequence total:  	111539353  	0.000% gap
Main genome scaffold N/L50:         	25/1192887
Main genome contig N/L50:           	25/1192887
Main genome scaffold N/L90:         	107/230901
Main genome contig N/L90:           	107/230901
Max scaffold length:                	6259940
Max contig length:                  	6259940
Number of scaffolds > 50 KB:        	176
% main genome in scaffolds > 50 KB: 	97.20%


Minimum 	Number        	Number        	Total         	Total         	Scaffold
Scaffold	of            	of            	Scaffold      	Contig        	Contig  
Length  	Scaffolds     	Contigs       	Length        	Length        	Coverage
--------	--------------	--------------	--------------	--------------	--------
    All 	           452	           452	     111539353	     111539353	 100.00%
    250 	           452	           452	     111539353	     111539353	 100.00%
    500 	           445	           445	     111536113	     111536113	 100.00%
   1000 	           383	           383	     111492131	     111492131	 100.00%
   2500 	           341	           341	     111420892	     111420892	 100.00%
   5000 	           307	           307	     111299676	     111299676	 100.00%
  10000 	           272	           272	     111043834	     111043834	 100.00%
  25000 	           226	           226	     110221320	     110221320	 100.00%
  50000 	           176	           176	     108416951	     108416951	 100.00%
 100000 	           146	           146	     106200911	     106200911	 100.00%
 250000 	           101	           101	      99074836	      99074836	 100.00%
 500000 	            65	            65	      85962210	      85962210	 100.00%
1000000 	            30	            30	      62096479	      62096479	 100.00%
2500000 	             6	             6	      27313931	      27313931	 100.00%
5000000 	             2	             2	      11562454	      11562454	 100.00%

