/data/djs217/miniconda3/envs/quast_env/bin/quast.py assembly_01.fasta assembly_02.fasta assembly_03.fasta assembly_04.fasta assembly_06.fasta assembly_07.fasta assembly_09.fasta assembly_10.fasta

Version: 5.3.0

System information:
  OS: Linux-5.15.0-143-generic-x86_64-with-glibc2.35 (linux_64)
  Python version: 3.12.7
  CPUs number: 32

Started: 2025-07-15 12:40:09

Logging to /data/djs217/PROJECTS/36_Hpa_genome_assembly/hpa-genome-assembly/01_reads/Noks1.assemblies/quast_results/results_2025_07_15_12_40_09/quast.log
NOTICE: Maximum number of threads is set to 8 (use --threads option to set it manually)

CWD: /data/djs217/PROJECTS/36_Hpa_genome_assembly/hpa-genome-assembly/01_reads/Noks1.assemblies
Main parameters: 
  MODE: default, threads: 8, min contig length: 500, min alignment length: 65, min alignment IDY: 95.0, \
  ambiguity: one, min local misassembly length: 200, min extensive misassembly length: 1000

Contigs:
  Pre-processing...
  1  assembly_01.fasta ==> assembly_01
  2  assembly_02.fasta ==> assembly_02
  3  assembly_03.fasta ==> assembly_03
  4  assembly_04.fasta ==> assembly_04
  5  assembly_06.fasta ==> assembly_06
  6  assembly_07.fasta ==> assembly_07
  7  assembly_09.fasta ==> assembly_09
  8  assembly_10.fasta ==> assembly_10

2025-07-15 12:40:31
Running Basic statistics processor...
  Contig files: 
    1  assembly_01
    2  assembly_02
    3  assembly_03
    4  assembly_04
    5  assembly_06
    6  assembly_07
    7  assembly_09
    8  assembly_10
  Calculating N50 and L50...
    1  assembly_01, N50 = 1192887, L50 = 25, auN = 1847700.9, Total length = 111536113, GC % = 51.26, # N's per 100 kbp =  0.00
    2  assembly_02, N50 = 458766, L50 = 62, auN = 900402.0, Total length = 123141099, GC % = 50.60, # N's per 100 kbp =  0.00
    3  assembly_03, N50 = 1213661, L50 = 25, auN = 1827228.3, Total length = 111208100, GC % = 51.14, # N's per 100 kbp =  0.00
    4  assembly_04, N50 = 504441, L50 = 63, auN = 873939.0, Total length = 123216912, GC % = 50.62, # N's per 100 kbp =  0.00
    5  assembly_06, N50 = 502458, L50 = 62, auN = 878344.5, Total length = 121935474, GC % = 50.61, # N's per 100 kbp =  0.00
    6  assembly_07, N50 = 1120981, L50 = 28, auN = 1709406.8, Total length = 112713585, GC % = 51.50, # N's per 100 kbp =  0.00
    7  assembly_09, N50 = 1134557, L50 = 27, auN = 1714459.6, Total length = 108530077, GC % = 50.73, # N's per 100 kbp =  0.00
    8  assembly_10, N50 = 519903, L50 = 60, auN = 924347.8, Total length = 122258652, GC % = 50.57, # N's per 100 kbp =  0.00
  Drawing Nx plot...
    saved to /data/djs217/PROJECTS/36_Hpa_genome_assembly/hpa-genome-assembly/01_reads/Noks1.assemblies/quast_results/results_2025_07_15_12_40_09/basic_stats/Nx_plot.pdf
  Drawing cumulative plot...
    saved to /data/djs217/PROJECTS/36_Hpa_genome_assembly/hpa-genome-assembly/01_reads/Noks1.assemblies/quast_results/results_2025_07_15_12_40_09/basic_stats/cumulative_plot.pdf
  Drawing GC content plot...
    saved to /data/djs217/PROJECTS/36_Hpa_genome_assembly/hpa-genome-assembly/01_reads/Noks1.assemblies/quast_results/results_2025_07_15_12_40_09/basic_stats/GC_content_plot.pdf
  Drawing assembly_01 GC content plot...
    saved to /data/djs217/PROJECTS/36_Hpa_genome_assembly/hpa-genome-assembly/01_reads/Noks1.assemblies/quast_results/results_2025_07_15_12_40_09/basic_stats/assembly_01_GC_content_plot.pdf
  Drawing assembly_02 GC content plot...
    saved to /data/djs217/PROJECTS/36_Hpa_genome_assembly/hpa-genome-assembly/01_reads/Noks1.assemblies/quast_results/results_2025_07_15_12_40_09/basic_stats/assembly_02_GC_content_plot.pdf
  Drawing assembly_03 GC content plot...
    saved to /data/djs217/PROJECTS/36_Hpa_genome_assembly/hpa-genome-assembly/01_reads/Noks1.assemblies/quast_results/results_2025_07_15_12_40_09/basic_stats/assembly_03_GC_content_plot.pdf
  Drawing assembly_04 GC content plot...
    saved to /data/djs217/PROJECTS/36_Hpa_genome_assembly/hpa-genome-assembly/01_reads/Noks1.assemblies/quast_results/results_2025_07_15_12_40_09/basic_stats/assembly_04_GC_content_plot.pdf
  Drawing assembly_06 GC content plot...
    saved to /data/djs217/PROJECTS/36_Hpa_genome_assembly/hpa-genome-assembly/01_reads/Noks1.assemblies/quast_results/results_2025_07_15_12_40_09/basic_stats/assembly_06_GC_content_plot.pdf
  Drawing assembly_07 GC content plot...
    saved to /data/djs217/PROJECTS/36_Hpa_genome_assembly/hpa-genome-assembly/01_reads/Noks1.assemblies/quast_results/results_2025_07_15_12_40_09/basic_stats/assembly_07_GC_content_plot.pdf
  Drawing assembly_09 GC content plot...
    saved to /data/djs217/PROJECTS/36_Hpa_genome_assembly/hpa-genome-assembly/01_reads/Noks1.assemblies/quast_results/results_2025_07_15_12_40_09/basic_stats/assembly_09_GC_content_plot.pdf
  Drawing assembly_10 GC content plot...
    saved to /data/djs217/PROJECTS/36_Hpa_genome_assembly/hpa-genome-assembly/01_reads/Noks1.assemblies/quast_results/results_2025_07_15_12_40_09/basic_stats/assembly_10_GC_content_plot.pdf
Done.

NOTICE: Genes are not predicted by default. Use --gene-finding or --glimmer option to enable it.

2025-07-15 12:41:05
Creating large visual summaries...
This may take a while: press Ctrl-C to skip this step..
  1 of 2: Creating PDF with all tables and plots...
  2 of 2: Creating Icarus viewers...
Done

2025-07-15 12:41:10
RESULTS:
  Text versions of total report are saved to /data/djs217/PROJECTS/36_Hpa_genome_assembly/hpa-genome-assembly/01_reads/Noks1.assemblies/quast_results/results_2025_07_15_12_40_09/report.txt, report.tsv, and report.tex
  Text versions of transposed total report are saved to /data/djs217/PROJECTS/36_Hpa_genome_assembly/hpa-genome-assembly/01_reads/Noks1.assemblies/quast_results/results_2025_07_15_12_40_09/transposed_report.txt, transposed_report.tsv, and transposed_report.tex
  HTML version (interactive tables and plots) is saved to /data/djs217/PROJECTS/36_Hpa_genome_assembly/hpa-genome-assembly/01_reads/Noks1.assemblies/quast_results/results_2025_07_15_12_40_09/report.html
  PDF version (tables and plots) is saved to /data/djs217/PROJECTS/36_Hpa_genome_assembly/hpa-genome-assembly/01_reads/Noks1.assemblies/quast_results/results_2025_07_15_12_40_09/report.pdf
  Icarus (contig browser) is saved to /data/djs217/PROJECTS/36_Hpa_genome_assembly/hpa-genome-assembly/01_reads/Noks1.assemblies/quast_results/results_2025_07_15_12_40_09/icarus.html
  Log is saved to /data/djs217/PROJECTS/36_Hpa_genome_assembly/hpa-genome-assembly/01_reads/Noks1.assemblies/quast_results/results_2025_07_15_12_40_09/quast.log

Finished: 2025-07-15 12:41:10
Elapsed time: 0:01:00.953656
NOTICEs: 2; WARNINGs: 0; non-fatal ERRORs: 0

Thank you for using QUAST!
