#                                                                                                --- full sequence --- -------------- this domain -------------   hmm coord   ali coord   env coord
# target name                            accession   tlen query name           accession   qlen   E-value  score  bias   #  of  c-Evalue  i-Evalue  score  bias  from    to  from    to  from    to  acc description of target
#                    ------------------- ---------- ----- -------------------- ---------- ----- --------- ------ ----- --- --- --------- --------- ------ ----- ----- ----- ----- ----- ----- ----- ---- ---------------------
1326at33634_1|contig_255:142829-146603|- -           1259 1326at33634          -            744  1.6e-233  764.0  40.0   1   6   7.8e-27   7.8e-27   80.6   3.3     4   111    41   180    38   184 0.81 <unknown description>
1326at33634_1|contig_255:142829-146603|- -           1259 1326at33634          -            744  1.6e-233  764.0  40.0   2   6   0.00058   0.00058    4.9   0.0   106   130   199   224   187   243 0.81 <unknown description>
1326at33634_1|contig_255:142829-146603|- -           1259 1326at33634          -            744  1.6e-233  764.0  40.0   3   6   4.5e-43   4.5e-43  134.2   0.1   140   264   268   405   226   430 0.80 <unknown description>
1326at33634_1|contig_255:142829-146603|- -           1259 1326at33634          -            744  1.6e-233  764.0  40.0   4   6  5.3e-124  5.3e-124  401.8   6.9   262   560   482   823   471   838 0.90 <unknown description>
1326at33634_1|contig_255:142829-146603|- -           1259 1326at33634          -            744  1.6e-233  764.0  40.0   5   6   5.4e-23   5.4e-23   67.8   0.0   542   652   835   973   826   983 0.80 <unknown description>
1326at33634_1|contig_255:142829-146603|- -           1259 1326at33634          -            744  1.6e-233  764.0  40.0   6   6   1.3e-26   1.3e-26   79.8   6.6   643   735  1069  1190  1051  1195 0.79 <unknown description>
1326at33634_0|contig_255:142829-145568|- -            836 1326at33634          -            744  9.4e-184  599.4  24.9   1   4   2.3e-17   2.3e-17   49.2   0.0   218   264    14    60     2    85 0.73 <unknown description>
1326at33634_0|contig_255:142829-145568|- -            836 1326at33634          -            744  9.4e-184  599.4  24.9   2   4  2.9e-124  2.9e-124  402.7   7.3   262   560   137   478   126   496 0.90 <unknown description>
1326at33634_0|contig_255:142829-145568|- -            836 1326at33634          -            744  9.4e-184  599.4  24.9   3   4   2.9e-23   2.9e-23   68.8   0.0   542   653   490   629   482   643 0.80 <unknown description>
1326at33634_0|contig_255:142829-145568|- -            836 1326at33634          -            744  9.4e-184  599.4  24.9   4   4     5e-27     5e-27   81.2   5.1   644   735   647   767   634   772 0.81 <unknown description>
#
# Program:         hmmsearch
# Version:         3.4 (Aug 2023)
# Pipeline mode:   SEARCH
# Query file:      /data/djs217/PROJECTS/36_Hpa_genome_assembly/hpa-genome-assembly/busco_downloads/lineages/stramenopiles_odb10/hmms/1326at33634.hmm
# Target file:     /data/djs217/PROJECTS/36_Hpa_genome_assembly/hpa-genome-assembly/Cala2.06.busco/run_stramenopiles_odb10/miniprot_output/translated_proteins/1326at33634.faa
# Option settings: hmmsearch --domtblout /data/djs217/PROJECTS/36_Hpa_genome_assembly/hpa-genome-assembly/Cala2.06.busco/run_stramenopiles_odb10/hmmer_output/1326at33634.out --cpu 1 /data/djs217/PROJECTS/36_Hpa_genome_assembly/hpa-genome-assembly/busco_downloads/lineages/stramenopiles_odb10/hmms/1326at33634.hmm /data/djs217/PROJECTS/36_Hpa_genome_assembly/hpa-genome-assembly/Cala2.06.busco/run_stramenopiles_odb10/miniprot_output/translated_proteins/1326at33634.faa 
# Current dir:     /data/djs217/PROJECTS/36_Hpa_genome_assembly/hpa-genome-assembly
# Date:            Fri Jul 18 20:15:17 2025
# [ok]
