#                                                                                                   --- full sequence --- -------------- this domain -------------   hmm coord   ali coord   env coord
# target name                               accession   tlen query name           accession   qlen   E-value  score  bias   #  of  c-Evalue  i-Evalue  score  bias  from    to  from    to  from    to  acc description of target
#                       ------------------- ---------- ----- -------------------- ---------- ----- --------- ------ ----- --- --- --------- --------- ------ ----- ----- ----- ----- ----- ----- ----- ---- ---------------------
20044at33634_1|contig_236:1225676-1228664|+ -            780 20044at33634         -            503  2.1e-196  641.4  15.4   1   4  2.1e-143  2.1e-143  466.6   2.3     1   309     6   361     6   387 0.86 <unknown description>
20044at33634_1|contig_236:1225676-1228664|+ -            780 20044at33634         -            503  2.1e-196  641.4  15.4   2   4   3.6e-06   3.6e-06   13.8   0.0   287   334   419   466   413   476 0.85 <unknown description>
20044at33634_1|contig_236:1225676-1228664|+ -            780 20044at33634         -            503  2.1e-196  641.4  15.4   3   4   1.9e-14   1.9e-14   41.2   0.3   331   385   552   609   526   617 0.82 <unknown description>
20044at33634_1|contig_236:1225676-1228664|+ -            780 20044at33634         -            503  2.1e-196  641.4  15.4   4   4   5.9e-39   5.9e-39  122.0   0.3   397   503   654   779   643   779 0.87 <unknown description>
20044at33634_3|contig_236:1225775-1232366|+ -            720 20044at33634         -            503    2e-170  555.7   6.4   1   3  2.3e-123  2.3e-123  400.5   0.0    29   309     1   314     1   340 0.85 <unknown description>
20044at33634_3|contig_236:1225775-1232366|+ -            720 20044at33634         -            503    2e-170  555.7   6.4   2   3   1.6e-12   1.6e-12   34.8   0.3   339   385   466   515   425   523 0.85 <unknown description>
20044at33634_3|contig_236:1225775-1232366|+ -            720 20044at33634         -            503    2e-170  555.7   6.4   3   3   5.2e-39   5.2e-39  122.2   0.3   397   503   560   685   549   685 0.87 <unknown description>
20044at33634_5|contig_236:1225673-1226238|+ -            161 20044at33634         -            503   1.3e-82  266.0   0.0   1   1   1.5e-82   1.5e-82  265.8   0.0     1   145     7   159     7   161 0.95 <unknown description>
20044at33634_7|contig_236:1227277-1227794|+ -            147 20044at33634         -            503   2.1e-07   17.9   0.0   1   1   2.5e-07   2.5e-07   17.6   0.0   287   334    32    79    25    90 0.85 <unknown description>
#
# Program:         hmmsearch
# Version:         3.4 (Aug 2023)
# Pipeline mode:   SEARCH
# Query file:      /data/djs217/PROJECTS/36_Hpa_genome_assembly/hpa-genome-assembly/busco_downloads/lineages/stramenopiles_odb10/hmms/20044at33634.hmm
# Target file:     /data/djs217/PROJECTS/36_Hpa_genome_assembly/hpa-genome-assembly/Cala2.06.busco/run_stramenopiles_odb10/miniprot_output/translated_proteins/20044at33634.faa
# Option settings: hmmsearch --domtblout /data/djs217/PROJECTS/36_Hpa_genome_assembly/hpa-genome-assembly/Cala2.06.busco/run_stramenopiles_odb10/hmmer_output/20044at33634.out --cpu 1 /data/djs217/PROJECTS/36_Hpa_genome_assembly/hpa-genome-assembly/busco_downloads/lineages/stramenopiles_odb10/hmms/20044at33634.hmm /data/djs217/PROJECTS/36_Hpa_genome_assembly/hpa-genome-assembly/Cala2.06.busco/run_stramenopiles_odb10/miniprot_output/translated_proteins/20044at33634.faa 
# Current dir:     /data/djs217/PROJECTS/36_Hpa_genome_assembly/hpa-genome-assembly
# Date:            Fri Jul 18 20:15:17 2025
# [ok]
