#                                                                                                --- full sequence --- -------------- this domain -------------   hmm coord   ali coord   env coord
# target name                            accession   tlen query name           accession   qlen   E-value  score  bias   #  of  c-Evalue  i-Evalue  score  bias  from    to  from    to  from    to  acc description of target
#                    ------------------- ---------- ----- -------------------- ---------- ----- --------- ------ ----- --- --- --------- --------- ------ ----- ----- ----- ----- ----- ----- ----- ---- ---------------------
9939at33634_1|contig_685:75762-77610|-   -            617 9939at33634          -            388  9.7e-162  525.8   7.4   1   3  1.5e-127  1.5e-127  413.2   2.4     1   295    86   457    86   470 0.87 <unknown description>
9939at33634_1|contig_685:75762-77610|-   -            617 9939at33634          -            388  9.7e-162  525.8   7.4   2   3   1.7e-10   1.7e-10   27.9   0.0   284   324   487   527   478   530 0.86 <unknown description>
9939at33634_1|contig_685:75762-77610|-   -            617 9939at33634          -            388  9.7e-162  525.8   7.4   3   3   1.7e-27   1.7e-27   83.9   0.0   318   388   539   613   536   613 0.90 <unknown description>
9939at33634_6|contig_685:75771-77016|-   -            416 9939at33634          -            388  3.2e-124  402.3   7.4   1   3   1.8e-89   1.8e-89  287.9   2.5    89   295     8   259     3   273 0.86 <unknown description>
9939at33634_6|contig_685:75771-77016|-   -            416 9939at33634          -            388  3.2e-124  402.3   7.4   2   3     1e-10     1e-10   28.7   0.0   284   324   289   329   280   332 0.86 <unknown description>
9939at33634_6|contig_685:75771-77016|-   -            416 9939at33634          -            388  3.2e-124  402.3   7.4   3   3   9.6e-28   9.6e-28   84.7   0.0   318   388   341   415   338   415 0.90 <unknown description>
9939at33634_7|contig_748:167047-168570|- -            505 9939at33634          -            388   7.2e-85  272.8   0.1   1   3   3.2e-21   3.2e-21   63.2   0.0     1    65    15    85    15   104 0.89 <unknown description>
9939at33634_7|contig_748:167047-168570|- -            505 9939at33634          -            388   7.2e-85  272.8   0.1   2   3     3e-54     3e-54  171.9   0.0    95   290   135   378   122   385 0.83 <unknown description>
9939at33634_7|contig_748:167047-168570|- -            505 9939at33634          -            388   7.2e-85  272.8   0.1   3   3   1.9e-11   1.9e-11   31.1   0.0   323   374   438   490   408   504 0.82 <unknown description>
9939at33634_0|contig_685:76638-77610|-   -            325 9939at33634          -            388   8.3e-85  272.5   0.4   1   1   1.4e-84   1.4e-84  271.8   0.4     1   195    86   323    86   325 0.90 <unknown description>
#
# Program:         hmmsearch
# Version:         3.4 (Aug 2023)
# Pipeline mode:   SEARCH
# Query file:      /data/djs217/PROJECTS/36_Hpa_genome_assembly/hpa-genome-assembly/busco_downloads/lineages/stramenopiles_odb10/hmms/9939at33634.hmm
# Target file:     /data/djs217/PROJECTS/36_Hpa_genome_assembly/hpa-genome-assembly/Cala2.06.busco/run_stramenopiles_odb10/miniprot_output/translated_proteins/9939at33634.faa
# Option settings: hmmsearch --domtblout /data/djs217/PROJECTS/36_Hpa_genome_assembly/hpa-genome-assembly/Cala2.06.busco/run_stramenopiles_odb10/hmmer_output/9939at33634.out --cpu 1 /data/djs217/PROJECTS/36_Hpa_genome_assembly/hpa-genome-assembly/busco_downloads/lineages/stramenopiles_odb10/hmms/9939at33634.hmm /data/djs217/PROJECTS/36_Hpa_genome_assembly/hpa-genome-assembly/Cala2.06.busco/run_stramenopiles_odb10/miniprot_output/translated_proteins/9939at33634.faa 
# Current dir:     /data/djs217/PROJECTS/36_Hpa_genome_assembly/hpa-genome-assembly
# Date:            Fri Jul 18 20:15:17 2025
# [ok]
