#                                                                                                  --- full sequence --- -------------- this domain -------------   hmm coord   ali coord   env coord
# target name                              accession   tlen query name           accession   qlen   E-value  score  bias   #  of  c-Evalue  i-Evalue  score  bias  from    to  from    to  from    to  acc description of target
#                      ------------------- ---------- ----- -------------------- ---------- ----- --------- ------ ----- --- --- --------- --------- ------ ----- ----- ----- ----- ----- ----- ----- ---- ---------------------
1803at33634_4|contig_171:111808-114637|-   -            920 1803at33634          -            592  4.3e-224  732.8  25.4   1   5    2e-169    2e-169  552.2   4.8     7   374    54   499    48   511 0.86 <unknown description>
1803at33634_4|contig_171:111808-114637|-   -            920 1803at33634          -            592  4.3e-224  732.8  25.4   2   5   6.1e-33   6.1e-33  101.5   2.9   378   453   530   629   523   635 0.85 <unknown description>
1803at33634_4|contig_171:111808-114637|-   -            920 1803at33634          -            592  4.3e-224  732.8  25.4   3   5   2.2e-15   2.2e-15   43.6   0.0   452   500   666   722   657   737 0.84 <unknown description>
1803at33634_4|contig_171:111808-114637|-   -            920 1803at33634          -            592  4.3e-224  732.8  25.4   4   5   8.8e-12   8.8e-12   31.7   0.1   482   552   733   819   725   833 0.79 <unknown description>
1803at33634_4|contig_171:111808-114637|-   -            920 1803at33634          -            592  4.3e-224  732.8  25.4   5   5   0.00045   0.00045    6.2   0.4   548   572   846   870   834   904 0.74 <unknown description>
1803at33634_9|contig_528:1984302-1986990|- -            897 1803at33634          -            592  8.2e-175  570.0  11.9   1   3  5.6e-164  5.6e-164  534.3   5.5    10   453    55   612    50   630 0.81 <unknown description>
1803at33634_9|contig_528:1984302-1986990|- -            897 1803at33634          -            592  8.2e-175  570.0  11.9   2   3   2.5e-09   2.5e-09   23.5   0.0   440   499   642   710   638   760 0.78 <unknown description>
1803at33634_9|contig_528:1984302-1986990|- -            897 1803at33634          -            592  8.2e-175  570.0  11.9   3   3    0.0011    0.0011    4.9   0.8   548   584   833   868   733   887 0.83 <unknown description>
1803at33634_9|contig_756:565349-568284|+   -            837 1803at33634          -            592  1.6e-152  496.4   5.3   1   4   1.5e-74   1.5e-74  238.9   0.2     9   209    20   236     1   239 0.88 <unknown description>
1803at33634_9|contig_756:565349-568284|+   -            837 1803at33634          -            592  1.6e-152  496.4   5.3   2   4   8.1e-42   8.1e-42  130.9   0.0   209   373   257   464   251   470 0.75 <unknown description>
1803at33634_9|contig_756:565349-568284|+   -            837 1803at33634          -            592  1.6e-152  496.4   5.3   3   4   1.5e-36   1.5e-36  113.4   0.0   385   494   508   655   496   678 0.77 <unknown description>
1803at33634_9|contig_756:565349-568284|+   -            837 1803at33634          -            592  1.6e-152  496.4   5.3   4   4   8.9e-06   8.9e-06   11.8   0.1   501   550   686   747   675   753 0.72 <unknown description>
#
# Program:         hmmsearch
# Version:         3.4 (Aug 2023)
# Pipeline mode:   SEARCH
# Query file:      /data/djs217/PROJECTS/36_Hpa_genome_assembly/hpa-genome-assembly/busco_downloads/lineages/stramenopiles_odb10/hmms/1803at33634.hmm
# Target file:     /data/djs217/PROJECTS/36_Hpa_genome_assembly/hpa-genome-assembly/Cala2.09.busco/run_stramenopiles_odb10/miniprot_output/translated_proteins/1803at33634.faa
# Option settings: hmmsearch --domtblout /data/djs217/PROJECTS/36_Hpa_genome_assembly/hpa-genome-assembly/Cala2.09.busco/run_stramenopiles_odb10/hmmer_output/1803at33634.out --cpu 1 /data/djs217/PROJECTS/36_Hpa_genome_assembly/hpa-genome-assembly/busco_downloads/lineages/stramenopiles_odb10/hmms/1803at33634.hmm /data/djs217/PROJECTS/36_Hpa_genome_assembly/hpa-genome-assembly/Cala2.09.busco/run_stramenopiles_odb10/miniprot_output/translated_proteins/1803at33634.faa 
# Current dir:     /data/djs217/PROJECTS/36_Hpa_genome_assembly/hpa-genome-assembly
# Date:            Fri Jul 18 20:16:34 2025
# [ok]
