#                                                                                                  --- full sequence --- -------------- this domain -------------   hmm coord   ali coord   env coord
# target name                              accession   tlen query name           accession   qlen   E-value  score  bias   #  of  c-Evalue  i-Evalue  score  bias  from    to  from    to  from    to  acc description of target
#                      ------------------- ---------- ----- -------------------- ---------- ----- --------- ------ ----- --- --- --------- --------- ------ ----- ----- ----- ----- ----- ----- ----- ---- ---------------------
1803at33634_4|contig_196:123649-126478|-   -            920 1803at33634          -            592  5.8e-224  733.3  24.7   1   5    4e-169    4e-169  552.2   4.8     7   374    54   499    48   511 0.86 <unknown description>
1803at33634_4|contig_196:123649-126478|-   -            920 1803at33634          -            592  5.8e-224  733.3  24.7   2   5   1.2e-32   1.2e-32  101.5   2.9   378   453   530   629   523   635 0.85 <unknown description>
1803at33634_4|contig_196:123649-126478|-   -            920 1803at33634          -            592  5.8e-224  733.3  24.7   3   5   4.8e-15   4.8e-15   43.4   0.0   452   499   666   721   657   730 0.83 <unknown description>
1803at33634_4|contig_196:123649-126478|-   -            920 1803at33634          -            592  5.8e-224  733.3  24.7   4   5   2.2e-11   2.2e-11   31.3   0.1   483   551   734   818   725   824 0.78 <unknown description>
1803at33634_4|contig_196:123649-126478|-   -            920 1803at33634          -            592  5.8e-224  733.3  24.7   5   5   0.00085   0.00085    6.3   0.3   548   572   846   870   833   904 0.74 <unknown description>
1803at33634_2|contig_635:3824100-3826578|- -            827 1803at33634          -            592  1.7e-182  596.4   5.7   1   4  1.5e-169  1.5e-169  553.6   0.2    11   468    10   577     4   581 0.83 <unknown description>
1803at33634_2|contig_635:3824100-3826578|- -            827 1803at33634          -            592  1.7e-182  596.4   5.7   2   4   3.4e-10   3.4e-10   27.4   0.0   440   499   591   659   587   673 0.72 <unknown description>
1803at33634_2|contig_635:3824100-3826578|- -            827 1803at33634          -            592  1.7e-182  596.4   5.7   3   4   0.00023   0.00023    8.2   0.3   487   534   678   727   660   758 0.74 <unknown description>
1803at33634_2|contig_635:3824100-3826578|- -            827 1803at33634          -            592  1.7e-182  596.4   5.7   4   4     0.032     0.032    1.1   0.0   549   570   785   806   772   823 0.82 <unknown description>
1803at33634_2|contig_753:2258917-2261404|+ -            830 1803at33634          -            592  1.3e-174  570.3  12.2   1   4  1.3e-163  1.3e-163  534.1   5.8    10   453    18   575    14   593 0.81 <unknown description>
1803at33634_2|contig_753:2258917-2261404|+ -            830 1803at33634          -            592  1.3e-174  570.3  12.2   2   4   4.9e-09   4.9e-09   23.6   0.0   440   498   605   672   600   707 0.77 <unknown description>
1803at33634_2|contig_753:2258917-2261404|+ -            830 1803at33634          -            592  1.3e-174  570.3  12.2   3   4     0.067     0.067    0.0   0.1   506   535   708   739   690   778 0.67 <unknown description>
1803at33634_2|contig_753:2258917-2261404|+ -            830 1803at33634          -            592  1.3e-174  570.3  12.2   4   4    0.0044    0.0044    3.9   0.1   548   572   796   820   767   830 0.81 <unknown description>
1803at33634_2|contig_436:2055892-2058286|+ -            799 1803at33634          -            592  7.7e-169  551.3   1.3   1   3  3.2e-156  3.2e-156  509.6   0.1    16   454     1   544     1   554 0.82 <unknown description>
1803at33634_2|contig_436:2055892-2058286|+ -            799 1803at33634          -            592  7.7e-169  551.3   1.3   2   3   1.6e-10   1.6e-10   28.5   0.1   453   550   582   719   576   725 0.76 <unknown description>
1803at33634_2|contig_436:2055892-2058286|+ -            799 1803at33634          -            592  7.7e-169  551.3   1.3   3   3     0.019     0.019    1.8   0.0   548   571   745   768   737   779 0.88 <unknown description>
1803at33634_9|contig_506:882841-885883|+   -            844 1803at33634          -            592  1.1e-158  517.8   1.0   1   3  9.8e-117  9.8e-117  379.2   0.1     9   374    20   462     1   468 0.83 <unknown description>
1803at33634_9|contig_506:882841-885883|+   -            844 1803at33634          -            592  1.1e-158  517.8   1.0   2   3     5e-25     5e-25   76.4   0.0   385   455   504   595   489   601 0.82 <unknown description>
1803at33634_9|contig_506:882841-885883|+   -            844 1803at33634          -            592  1.1e-158  517.8   1.0   3   3   5.7e-16   5.7e-16   46.5   0.0   447   551   612   757   607   763 0.75 <unknown description>
1803at33634_9|contig_894:32289-35129|-     -            861 1803at33634          -            592  2.4e-154  503.4   4.0   1   3  4.9e-113  4.9e-113  367.0   0.3     9   373    20   462     1   468 0.80 <unknown description>
1803at33634_9|contig_894:32289-35129|-     -            861 1803at33634          -            592  2.4e-154  503.4   4.0   2   3   2.8e-25   2.8e-25   77.2   0.1   385   452   505   593   496   618 0.84 <unknown description>
1803at33634_9|contig_894:32289-35129|-     -            861 1803at33634          -            592  2.4e-154  503.4   4.0   3   3   5.5e-16   5.5e-16   46.5   0.0   446   551   628   774   616   783 0.76 <unknown description>
#
# Program:         hmmsearch
# Version:         3.4 (Aug 2023)
# Pipeline mode:   SEARCH
# Query file:      /data/djs217/PROJECTS/36_Hpa_genome_assembly/hpa-genome-assembly/busco_downloads/lineages/stramenopiles_odb10/hmms/1803at33634.hmm
# Target file:     /data/djs217/PROJECTS/36_Hpa_genome_assembly/hpa-genome-assembly/Noks1.04.busco/run_stramenopiles_odb10/miniprot_output/translated_proteins/1803at33634.faa
# Option settings: hmmsearch --domtblout /data/djs217/PROJECTS/36_Hpa_genome_assembly/hpa-genome-assembly/Noks1.04.busco/run_stramenopiles_odb10/hmmer_output/1803at33634.out --cpu 1 /data/djs217/PROJECTS/36_Hpa_genome_assembly/hpa-genome-assembly/busco_downloads/lineages/stramenopiles_odb10/hmms/1803at33634.hmm /data/djs217/PROJECTS/36_Hpa_genome_assembly/hpa-genome-assembly/Noks1.04.busco/run_stramenopiles_odb10/miniprot_output/translated_proteins/1803at33634.faa 
# Current dir:     /data/djs217/PROJECTS/36_Hpa_genome_assembly/hpa-genome-assembly
# Date:            Thu Jul 17 10:07:48 2025
# [ok]
