#                                                                                                  --- full sequence --- -------------- this domain -------------   hmm coord   ali coord   env coord
# target name                              accession   tlen query name           accession   qlen   E-value  score  bias   #  of  c-Evalue  i-Evalue  score  bias  from    to  from    to  from    to  acc description of target
#                      ------------------- ---------- ----- -------------------- ---------- ----- --------- ------ ----- --- --- --------- --------- ------ ----- ----- ----- ----- ----- ----- ----- ---- ---------------------
9939at33634_1|contig_576:367656-369504|+   -            617 9939at33634          -            388  1.2e-161  525.8   7.4   1   3  1.9e-127  1.9e-127  413.2   2.4     1   295    86   457    86   470 0.87 <unknown description>
9939at33634_1|contig_576:367656-369504|+   -            617 9939at33634          -            388  1.2e-161  525.8   7.4   2   3   2.1e-10   2.1e-10   27.9   0.0   284   324   487   527   478   530 0.86 <unknown description>
9939at33634_1|contig_576:367656-369504|+   -            617 9939at33634          -            388  1.2e-161  525.8   7.4   3   3   2.1e-27   2.1e-27   83.9   0.0   318   388   539   613   536   613 0.90 <unknown description>
9939at33634_6|contig_576:368250-369495|+   -            416 9939at33634          -            388  4.1e-124  402.3   7.4   1   3   2.2e-89   2.2e-89  287.9   2.5    89   295     8   259     3   273 0.86 <unknown description>
9939at33634_6|contig_576:368250-369495|+   -            416 9939at33634          -            388  4.1e-124  402.3   7.4   2   3   1.3e-10   1.3e-10   28.7   0.0   284   324   289   329   280   332 0.86 <unknown description>
9939at33634_6|contig_576:368250-369495|+   -            416 9939at33634          -            388  4.1e-124  402.3   7.4   3   3   1.2e-27   1.2e-27   84.7   0.0   318   388   341   415   338   415 0.90 <unknown description>
9939at33634_7|contig_343:739237-740737|-   -            501 9939at33634          -            388   1.8e-93  301.4   0.1   1   2   1.6e-80   1.6e-80  258.7   0.1     1   289    14   374    14   380 0.80 <unknown description>
9939at33634_7|contig_343:739237-740737|-   -            501 9939at33634          -            388   1.8e-93  301.4   0.1   2   2   8.9e-13   8.9e-13   35.7   0.0   304   376   410   489   384   499 0.82 <unknown description>
9939at33634_7|contig_228:4699473-4700982|+ -            504 9939at33634          -            388   4.6e-92  296.8   0.0   1   2   1.1e-80   1.1e-80  259.3   0.0     1   291    15   378    15   397 0.81 <unknown description>
9939at33634_7|contig_228:4699473-4700982|+ -            504 9939at33634          -            388   4.6e-92  296.8   0.0   2   2   2.2e-11   2.2e-11   31.1   0.0   323   374   437   489   403   503 0.82 <unknown description>
9939at33634_0|contig_576:367656-368628|+   -            325 9939at33634          -            388     1e-84  272.5   0.4   1   1   1.8e-84   1.8e-84  271.8   0.4     1   195    86   323    86   325 0.90 <unknown description>
#
# Program:         hmmsearch
# Version:         3.4 (Aug 2023)
# Pipeline mode:   SEARCH
# Query file:      /data/djs217/PROJECTS/36_Hpa_genome_assembly/hpa-genome-assembly/busco_downloads/lineages/stramenopiles_odb10/hmms/9939at33634.hmm
# Target file:     /data/djs217/PROJECTS/36_Hpa_genome_assembly/hpa-genome-assembly/Noks1.04.busco/run_stramenopiles_odb10/miniprot_output/translated_proteins/9939at33634.faa
# Option settings: hmmsearch --domtblout /data/djs217/PROJECTS/36_Hpa_genome_assembly/hpa-genome-assembly/Noks1.04.busco/run_stramenopiles_odb10/hmmer_output/9939at33634.out --cpu 1 /data/djs217/PROJECTS/36_Hpa_genome_assembly/hpa-genome-assembly/busco_downloads/lineages/stramenopiles_odb10/hmms/9939at33634.hmm /data/djs217/PROJECTS/36_Hpa_genome_assembly/hpa-genome-assembly/Noks1.04.busco/run_stramenopiles_odb10/miniprot_output/translated_proteins/9939at33634.faa 
# Current dir:     /data/djs217/PROJECTS/36_Hpa_genome_assembly/hpa-genome-assembly
# Date:            Thu Jul 17 10:07:48 2025
# [ok]
