#                                                                                                       --- full sequence --- -------------- this domain -------------   hmm coord   ali coord   env coord
# target name                                   accession   tlen query name           accession   qlen   E-value  score  bias   #  of  c-Evalue  i-Evalue  score  bias  from    to  from    to  from    to  acc description of target
#                           ------------------- ---------- ----- -------------------- ---------- ----- --------- ------ ----- --- --- --------- --------- ------ ----- ----- ----- ----- ----- ----- ----- ---- ---------------------
1326at33634_8|CANTFL010001052.1:102732-110096|+ -           1269 1326at33634          -            744  6.4e-236  772.8  35.9   1   6     1e-26     1e-26   81.1   3.0     6   113    25   163    19   187 0.82 <unknown description>
1326at33634_8|CANTFL010001052.1:102732-110096|+ -           1269 1326at33634          -            744  6.4e-236  772.8  35.9   2   6    0.0024    0.0024    3.9   0.0   110   130   193   214   190   227 0.86 <unknown description>
1326at33634_8|CANTFL010001052.1:102732-110096|+ -           1269 1326at33634          -            744  6.4e-236  772.8  35.9   3   6   1.9e-42   1.9e-42  133.2   0.1   140   266   258   400   231   425 0.79 <unknown description>
1326at33634_8|CANTFL010001052.1:102732-110096|+ -           1269 1326at33634          -            744  6.4e-236  772.8  35.9   4   6  3.4e-125  3.4e-125  406.8   5.6   262   559   475   815   466   820 0.90 <unknown description>
1326at33634_8|CANTFL010001052.1:102732-110096|+ -           1269 1326at33634          -            744  6.4e-236  772.8  35.9   5   6   9.5e-24   9.5e-24   71.3   0.0   535   652   821   966   816   976 0.82 <unknown description>
1326at33634_8|CANTFL010001052.1:102732-110096|+ -           1269 1326at33634          -            744  6.4e-236  772.8  35.9   6   6   2.6e-26   2.6e-26   79.8   5.3   643   735  1063  1184  1047  1189 0.78 <unknown description>
1326at33634_1|CANTFL010001052.1:102666-106488|+ -           1275 1326at33634          -            744  6.7e-236  772.8  35.9   1   6   1.1e-26   1.1e-26   81.1   3.0     6   113    47   185    41   209 0.82 <unknown description>
1326at33634_1|CANTFL010001052.1:102666-106488|+ -           1275 1326at33634          -            744  6.7e-236  772.8  35.9   2   6    0.0025    0.0025    3.9   0.0   110   130   215   236   212   249 0.86 <unknown description>
1326at33634_1|CANTFL010001052.1:102666-106488|+ -           1275 1326at33634          -            744  6.7e-236  772.8  35.9   3   6   1.9e-42   1.9e-42  133.2   0.1   140   266   280   422   253   447 0.79 <unknown description>
1326at33634_1|CANTFL010001052.1:102666-106488|+ -           1275 1326at33634          -            744  6.7e-236  772.8  35.9   4   6  3.4e-125  3.4e-125  406.8   5.6   262   559   497   837   488   842 0.90 <unknown description>
1326at33634_1|CANTFL010001052.1:102666-106488|+ -           1275 1326at33634          -            744  6.7e-236  772.8  35.9   5   6   9.6e-24   9.6e-24   71.3   0.0   535   652   843   988   838   998 0.82 <unknown description>
1326at33634_1|CANTFL010001052.1:102666-106488|+ -           1275 1326at33634          -            744  6.7e-236  772.8  35.9   6   6   2.6e-26   2.6e-26   79.8   5.3   643   735  1085  1206  1069  1211 0.78 <unknown description>
1326at33634_7|CANTFL010001052.1:102732-114196|+ -           1211 1326at33634          -            744  2.6e-220  721.2  34.1   1   6   9.8e-27   9.8e-27   81.2   3.0     6   113    25   163    19   187 0.82 <unknown description>
1326at33634_7|CANTFL010001052.1:102732-114196|+ -           1211 1326at33634          -            744  2.6e-220  721.2  34.1   2   6    0.0023    0.0023    3.9   0.0   110   130   193   214   190   227 0.86 <unknown description>
1326at33634_7|CANTFL010001052.1:102732-114196|+ -           1211 1326at33634          -            744  2.6e-220  721.2  34.1   3   6   1.7e-42   1.7e-42  133.4   0.1   140   266   258   400   231   427 0.79 <unknown description>
1326at33634_7|CANTFL010001052.1:102732-114196|+ -           1211 1326at33634          -            744  2.6e-220  721.2  34.1   4   6  3.3e-109  3.3e-109  353.9   4.3   300   559   463   763   445   768 0.89 <unknown description>
1326at33634_7|CANTFL010001052.1:102732-114196|+ -           1211 1326at33634          -            744  2.6e-220  721.2  34.1   5   6   8.8e-24   8.8e-24   71.5   0.0   535   653   769   915   764   926 0.83 <unknown description>
1326at33634_7|CANTFL010001052.1:102732-114196|+ -           1211 1326at33634          -            744  2.6e-220  721.2  34.1   6   6   2.4e-26   2.4e-26   79.9   5.3   643   735  1011  1132   995  1137 0.78 <unknown description>
1326at33634_0|CANTFL010001052.1:103737-106488|+ -            838 1326at33634          -            744  1.3e-186  609.9  21.4   1   5   6.4e-17   6.4e-17   48.8   0.0   218   266    17    65     3    90 0.75 <unknown description>
1326at33634_0|CANTFL010001052.1:103737-106488|+ -            838 1326at33634          -            744  1.3e-186  609.9  21.4   2   5  1.4e-125  1.4e-125  408.1   5.6   262   559   140   480   131   488 0.90 <unknown description>
1326at33634_0|CANTFL010001052.1:103737-106488|+ -            838 1326at33634          -            744  1.3e-186  609.9  21.4   3   5   5.6e-24   5.6e-24   72.1   0.0   535   652   486   631   482   639 0.82 <unknown description>
1326at33634_0|CANTFL010001052.1:103737-106488|+ -            838 1326at33634          -            744  1.3e-186  609.9  21.4   4   5   5.2e-08   5.2e-08   19.3   0.2   643   682   648   696   636   701 0.79 <unknown description>
1326at33634_0|CANTFL010001052.1:103737-106488|+ -            838 1326at33634          -            744  1.3e-186  609.9  21.4   5   5   5.1e-23   5.1e-23   68.9   0.2   680   735   714   769   706   774 0.94 <unknown description>
#
# Program:         hmmsearch
# Version:         3.4 (Aug 2023)
# Pipeline mode:   SEARCH
# Query file:      /data/djs217/PROJECTS/36_Hpa_genome_assembly/hpa-genome-assembly/final_assemblies/busco_downloads/lineages/stramenopiles_odb10/hmms/1326at33634.hmm
# Target file:     /data/djs217/PROJECTS/36_Hpa_genome_assembly/hpa-genome-assembly/final_assemblies/GCA_947650285.1_Hp1_genomic.fna.busco/run_stramenopiles_odb10/miniprot_output/translated_proteins/1326at33634.faa
# Option settings: hmmsearch --domtblout /data/djs217/PROJECTS/36_Hpa_genome_assembly/hpa-genome-assembly/final_assemblies/GCA_947650285.1_Hp1_genomic.fna.busco/run_stramenopiles_odb10/hmmer_output/1326at33634.out --cpu 1 /data/djs217/PROJECTS/36_Hpa_genome_assembly/hpa-genome-assembly/final_assemblies/busco_downloads/lineages/stramenopiles_odb10/hmms/1326at33634.hmm /data/djs217/PROJECTS/36_Hpa_genome_assembly/hpa-genome-assembly/final_assemblies/GCA_947650285.1_Hp1_genomic.fna.busco/run_stramenopiles_odb10/miniprot_output/translated_proteins/1326at33634.faa 
# Current dir:     /data/djs217/PROJECTS/36_Hpa_genome_assembly/hpa-genome-assembly/final_assemblies
# Date:            Sat Jul 19 09:50:52 2025
# [ok]
