#                                                                                                        --- full sequence --- -------------- this domain -------------   hmm coord   ali coord   env coord
# target name                                    accession   tlen query name           accession   qlen   E-value  score  bias   #  of  c-Evalue  i-Evalue  score  bias  from    to  from    to  from    to  acc description of target
#                            ------------------- ---------- ----- -------------------- ---------- ----- --------- ------ ----- --- --- --------- --------- ------ ----- ----- ----- ----- ----- ----- ----- ---- ---------------------
15827at33634_0|CANTFL010001059.1:21043-22334|+   -            397 15827at33634         -            287  5.3e-138  447.4  19.1   1   2   1.3e-16   1.3e-16   49.1   0.1     2    44    48    90    47    92 0.95 <unknown description>
15827at33634_0|CANTFL010001059.1:21043-22334|+   -            397 15827at33634         -            287  5.3e-138  447.4  19.1   2   2  3.7e-123  3.7e-123  398.7  14.9    35   286    98   388    95   389 0.88 <unknown description>
15827at33634_0|CANTFL010001451.1:679519-680811|- -            397 15827at33634         -            287  1.1e-137  446.3  18.5   1   2   4.2e-16   4.2e-16   47.4   0.1     3    44    49    90    47    92 0.95 <unknown description>
15827at33634_0|CANTFL010001451.1:679519-680811|- -            397 15827at33634         -            287  1.1e-137  446.3  18.5   2   2  3.7e-123  3.7e-123  398.7  14.9    35   286    98   388    95   389 0.88 <unknown description>
15827at33634_8|CANTFL010001059.1:19598-22334|+   -            730 15827at33634         -            287  2.8e-137  445.1  17.9   1   2   2.8e-16   2.8e-16   48.0   0.1     2    44   381   423   380   425 0.95 <unknown description>
15827at33634_8|CANTFL010001059.1:19598-22334|+   -            730 15827at33634         -            287  2.8e-137  445.1  17.9   2   2  8.2e-123  8.2e-123  397.6  13.7    35   286   431   721   428   722 0.88 <unknown description>
15827at33634_1|CANTFL010001059.1:21470-22319|+   -            284 15827at33634         -            287  3.3e-120  389.0  13.0   1   1  1.8e-119  1.8e-119  386.6  13.0    46   286     1   280     1   281 0.88 <unknown description>
15827at33634_1|CANTFL010001451.1:679534-680383|- -            284 15827at33634         -            287  3.3e-120  389.0  13.0   1   1  1.8e-119  1.8e-119  386.6  13.0    46   286     1   280     1   281 0.88 <unknown description>
#
# Program:         hmmsearch
# Version:         3.4 (Aug 2023)
# Pipeline mode:   SEARCH
# Query file:      /data/djs217/PROJECTS/36_Hpa_genome_assembly/hpa-genome-assembly/final_assemblies/busco_downloads/lineages/stramenopiles_odb10/hmms/15827at33634.hmm
# Target file:     /data/djs217/PROJECTS/36_Hpa_genome_assembly/hpa-genome-assembly/final_assemblies/GCA_947650285.1_Hp1_genomic.fna.busco/run_stramenopiles_odb10/miniprot_output/translated_proteins/15827at33634.faa
# Option settings: hmmsearch --domtblout /data/djs217/PROJECTS/36_Hpa_genome_assembly/hpa-genome-assembly/final_assemblies/GCA_947650285.1_Hp1_genomic.fna.busco/run_stramenopiles_odb10/hmmer_output/15827at33634.out --cpu 1 /data/djs217/PROJECTS/36_Hpa_genome_assembly/hpa-genome-assembly/final_assemblies/busco_downloads/lineages/stramenopiles_odb10/hmms/15827at33634.hmm /data/djs217/PROJECTS/36_Hpa_genome_assembly/hpa-genome-assembly/final_assemblies/GCA_947650285.1_Hp1_genomic.fna.busco/run_stramenopiles_odb10/miniprot_output/translated_proteins/15827at33634.faa 
# Current dir:     /data/djs217/PROJECTS/36_Hpa_genome_assembly/hpa-genome-assembly/final_assemblies
# Date:            Sat Jul 19 09:50:52 2025
# [ok]
