#                                                                                                        --- full sequence --- -------------- this domain -------------   hmm coord   ali coord   env coord
# target name                                    accession   tlen query name           accession   qlen   E-value  score  bias   #  of  c-Evalue  i-Evalue  score  bias  from    to  from    to  from    to  acc description of target
#                            ------------------- ---------- ----- -------------------- ---------- ----- --------- ------ ----- --- --- --------- --------- ------ ----- ----- ----- ----- ----- ----- ----- ---- ---------------------
18615at33634_1|CANTFL010001005.1:107643-109929|+ -            656 18615at33634         -            377  4.1e-129  418.2  10.1   1   5   3.2e-27   3.2e-27   82.8   0.0     2    58     8    64     7    77 0.93 <unknown description>
18615at33634_1|CANTFL010001005.1:107643-109929|+ -            656 18615at33634         -            377  4.1e-129  418.2  10.1   2   5   2.6e-16   2.6e-16   46.9   0.0    57   101   121   165   109   171 0.92 <unknown description>
18615at33634_1|CANTFL010001005.1:107643-109929|+ -            656 18615at33634         -            377  4.1e-129  418.2  10.1   3   5   7.1e-68   7.1e-68  216.6   1.0   100   250   185   365   176   373 0.88 <unknown description>
18615at33634_1|CANTFL010001005.1:107643-109929|+ -            656 18615at33634         -            377  4.1e-129  418.2  10.1   4   5   7.3e-08   7.3e-08   19.1   0.0   255   304   409   471   401   502 0.79 <unknown description>
18615at33634_1|CANTFL010001005.1:107643-109929|+ -            656 18615at33634         -            377  4.1e-129  418.2  10.1   5   5   1.1e-17   1.1e-17   51.4   0.7   322   377   588   645   577   645 0.89 <unknown description>
18615at33634_9|CANTFL010001005.1:107643-112176|+ -            682 18615at33634         -            377  3.2e-127  411.9   7.2   1   5   3.4e-27   3.4e-27   82.7   0.0     2    58     8    64     7    77 0.93 <unknown description>
18615at33634_9|CANTFL010001005.1:107643-112176|+ -            682 18615at33634         -            377  3.2e-127  411.9   7.2   2   5   2.8e-16   2.8e-16   46.8   0.0    57   101   121   165   109   171 0.92 <unknown description>
18615at33634_9|CANTFL010001005.1:107643-112176|+ -            682 18615at33634         -            377  3.2e-127  411.9   7.2   3   5   7.5e-68   7.5e-68  216.5   1.0   100   250   185   365   172   373 0.88 <unknown description>
18615at33634_9|CANTFL010001005.1:107643-112176|+ -            682 18615at33634         -            377  3.2e-127  411.9   7.2   4   5   9.3e-08   9.3e-08   18.7   0.0   255   304   409   471   401   490 0.80 <unknown description>
18615at33634_9|CANTFL010001005.1:107643-112176|+ -            682 18615at33634         -            377  3.2e-127  411.9   7.2   5   5   3.1e-15   3.1e-15   43.4   0.2   322   364   576   618   565   629 0.88 <unknown description>
18615at33634_0|CANTFL010001005.1:109155-110046|+ -            192 18615at33634         -            377   7.2e-24   71.8   4.1   1   2   7.1e-08   7.1e-08   19.1   0.1   267   323     2    61     1    72 0.81 <unknown description>
18615at33634_0|CANTFL010001005.1:109155-110046|+ -            192 18615at33634         -            377   7.2e-24   71.8   4.1   2   2   1.9e-18   1.9e-18   53.9   1.0   322   377    85   142    71   142 0.88 <unknown description>
#
# Program:         hmmsearch
# Version:         3.4 (Aug 2023)
# Pipeline mode:   SEARCH
# Query file:      /data/djs217/PROJECTS/36_Hpa_genome_assembly/hpa-genome-assembly/final_assemblies/busco_downloads/lineages/stramenopiles_odb10/hmms/18615at33634.hmm
# Target file:     /data/djs217/PROJECTS/36_Hpa_genome_assembly/hpa-genome-assembly/final_assemblies/GCA_947650285.1_Hp1_genomic.fna.busco/run_stramenopiles_odb10/miniprot_output/translated_proteins/18615at33634.faa
# Option settings: hmmsearch --domtblout /data/djs217/PROJECTS/36_Hpa_genome_assembly/hpa-genome-assembly/final_assemblies/GCA_947650285.1_Hp1_genomic.fna.busco/run_stramenopiles_odb10/hmmer_output/18615at33634.out --cpu 1 /data/djs217/PROJECTS/36_Hpa_genome_assembly/hpa-genome-assembly/final_assemblies/busco_downloads/lineages/stramenopiles_odb10/hmms/18615at33634.hmm /data/djs217/PROJECTS/36_Hpa_genome_assembly/hpa-genome-assembly/final_assemblies/GCA_947650285.1_Hp1_genomic.fna.busco/run_stramenopiles_odb10/miniprot_output/translated_proteins/18615at33634.faa 
# Current dir:     /data/djs217/PROJECTS/36_Hpa_genome_assembly/hpa-genome-assembly/final_assemblies
# Date:            Sat Jul 19 13:20:40 2025
# [ok]
