#                                                                                                       --- full sequence --- -------------- this domain -------------   hmm coord   ali coord   env coord
# target name                                   accession   tlen query name           accession   qlen   E-value  score  bias   #  of  c-Evalue  i-Evalue  score  bias  from    to  from    to  from    to  acc description of target
#                           ------------------- ---------- ----- -------------------- ---------- ----- --------- ------ ----- --- --- --------- --------- ------ ----- ----- ----- ----- ----- ----- ----- ---- ---------------------
8760at33634_9|CANTFL010000617.1:142334-152836|+ -            461 8760at33634          -            277  1.6e-117  380.4  13.8   1   3  4.6e-100  4.6e-100  323.1   4.9     1   218     7   260     7   269 0.87 <unknown description>
8760at33634_9|CANTFL010000617.1:142334-152836|+ -            461 8760at33634          -            277  1.6e-117  380.4  13.8   2   3   1.2e-06   1.2e-06   16.7   0.0   202   235   272   305   257   326 0.78 <unknown description>
8760at33634_9|CANTFL010000617.1:142334-152836|+ -            461 8760at33634          -            277  1.6e-117  380.4  13.8   3   3   8.1e-12   8.1e-12   33.6   2.5   224   276   341   410   316   411 0.80 <unknown description>
8760at33634_0|CANTFL010000617.1:142220-144438|+ -            592 8760at33634          -            277  1.4e-110  357.6  22.0   1   5   8.4e-12   8.4e-12   33.6   0.2     1    35    45    79    45    84 0.90 <unknown description>
8760at33634_0|CANTFL010000617.1:142220-144438|+ -            592 8760at33634          -            277  1.4e-110  357.6  22.0   2   5   8.3e-84   8.3e-84  269.7   2.9    30   196   131   319   125   340 0.87 <unknown description>
8760at33634_0|CANTFL010000617.1:142220-144438|+ -            592 8760at33634          -            277  1.4e-110  357.6  22.0   3   5    0.0036    0.0036    5.2   0.2   190   221   360   393   341   402 0.69 <unknown description>
8760at33634_0|CANTFL010000617.1:142220-144438|+ -            592 8760at33634          -            277  1.4e-110  357.6  22.0   4   5   2.2e-06   2.2e-06   15.8   0.0   203   235   403   435   391   441 0.76 <unknown description>
8760at33634_0|CANTFL010000617.1:142220-144438|+ -            592 8760at33634          -            277  1.4e-110  357.6  22.0   5   5   1.6e-11   1.6e-11   32.6   2.7   225   276   472   540   462   541 0.79 <unknown description>
8760at33634|CANTFL010000617.1:142244-157095|+   -            901 8760at33634          -            277  1.6e-105  341.0  13.9   1   3   1.4e-11   1.4e-11   32.9   0.2     1    35    37    71    37    76 0.90 <unknown description>
8760at33634|CANTFL010000617.1:142244-157095|+   -            901 8760at33634          -            277  1.6e-105  341.0  13.9   2   3   6.2e-84   6.2e-84  270.2   0.5    30   235   123   368   117   388 0.79 <unknown description>
8760at33634|CANTFL010000617.1:142244-157095|+   -            901 8760at33634          -            277  1.6e-105  341.0  13.9   3   3   2.6e-11   2.6e-11   32.0   2.7   224   276   404   473   382   474 0.80 <unknown description>
8760at33634_2|CANTFL010000617.1:142334-143591|+ -            328 8760at33634          -            277   1.7e-95  308.1   7.9   1   2     4e-12     4e-12   34.6   0.2     1    35     7    41     7    46 0.90 <unknown description>
8760at33634_2|CANTFL010000617.1:142334-143591|+ -            328 8760at33634          -            277   1.7e-95  308.1   7.9   2   2   2.1e-84   2.1e-84  271.7   3.0    30   196    93   281    86   302 0.87 <unknown description>
8760at33634_6|CANTFL010000617.1:142610-143905|+ -            341 8760at33634          -            277   9.2e-92  295.8   5.5   1   3   2.7e-83   2.7e-83  268.0   2.8    33   196     4   190     1   211 0.87 <unknown description>
8760at33634_6|CANTFL010000617.1:142610-143905|+ -            341 8760at33634          -            277   9.2e-92  295.8   5.5   2   3    0.0021    0.0021    6.0   0.1   190   219   259   290   230   298 0.77 <unknown description>
8760at33634_6|CANTFL010000617.1:142610-143905|+ -            341 8760at33634          -            277   9.2e-92  295.8   5.5   3   3   1.2e-06   1.2e-06   16.7   0.0   203   235   302   334   291   339 0.76 <unknown description>
8760at33634_1|CANTFL010000617.1:144027-145074|+ -            304 8760at33634          -            277   3.7e-14   41.3   3.0   1   1   7.5e-12   7.5e-12   33.7   3.0   225   276    18    86    11    87 0.79 <unknown description>
#
# Program:         hmmsearch
# Version:         3.4 (Aug 2023)
# Pipeline mode:   SEARCH
# Query file:      /data/djs217/PROJECTS/36_Hpa_genome_assembly/hpa-genome-assembly/final_assemblies/busco_downloads/lineages/stramenopiles_odb10/hmms/8760at33634.hmm
# Target file:     /data/djs217/PROJECTS/36_Hpa_genome_assembly/hpa-genome-assembly/final_assemblies/GCA_947650285.1_Hp1_genomic.fna.busco/run_stramenopiles_odb10/miniprot_output/translated_proteins/8760at33634.faa
# Option settings: hmmsearch --domtblout /data/djs217/PROJECTS/36_Hpa_genome_assembly/hpa-genome-assembly/final_assemblies/GCA_947650285.1_Hp1_genomic.fna.busco/run_stramenopiles_odb10/hmmer_output/8760at33634.out --cpu 1 /data/djs217/PROJECTS/36_Hpa_genome_assembly/hpa-genome-assembly/final_assemblies/busco_downloads/lineages/stramenopiles_odb10/hmms/8760at33634.hmm /data/djs217/PROJECTS/36_Hpa_genome_assembly/hpa-genome-assembly/final_assemblies/GCA_947650285.1_Hp1_genomic.fna.busco/run_stramenopiles_odb10/miniprot_output/translated_proteins/8760at33634.faa 
# Current dir:     /data/djs217/PROJECTS/36_Hpa_genome_assembly/hpa-genome-assembly/final_assemblies
# Date:            Sat Jul 19 09:42:56 2025
# [ok]
