#                                                                                                       --- full sequence --- -------------- this domain -------------   hmm coord   ali coord   env coord
# target name                                   accession   tlen query name           accession   qlen   E-value  score  bias   #  of  c-Evalue  i-Evalue  score  bias  from    to  from    to  from    to  acc description of target
#                           ------------------- ---------- ----- -------------------- ---------- ----- --------- ------ ----- --- --- --------- --------- ------ ----- ----- ----- ----- ----- ----- ----- ---- ---------------------
9731at33634_7|CANTFL010001315.1:183457-186760|- -           1024 9731at33634          -            562  2.3e-257  843.1  16.7   1   4  3.4e-232  3.4e-232  760.0   4.3     1   416     1   427     1   434 0.97 <unknown description>
9731at33634_7|CANTFL010001315.1:183457-186760|- -           1024 9731at33634          -            562  2.3e-257  843.1  16.7   2   4   2.2e-13   2.2e-13   37.6   0.1   410   460   463   524   458   531 0.86 <unknown description>
9731at33634_7|CANTFL010001315.1:183457-186760|- -           1024 9731at33634          -            562  2.3e-257  843.1  16.7   3   4   2.4e-12   2.4e-12   34.2   0.5   459   526   554   633   548   655 0.77 <unknown description>
9731at33634_7|CANTFL010001315.1:183457-186760|- -           1024 9731at33634          -            562  2.3e-257  843.1  16.7   4   4   2.1e-07   2.1e-07   17.9   0.0   517   554   659   696   637   702 0.81 <unknown description>
9731at33634_5|CANTFL010001315.1:183457-187739|- -           1101 9731at33634          -            562  3.4e-257  842.5  16.7   1   4  3.9e-232  3.9e-232  759.8   4.3     1   416    78   504    78   511 0.97 <unknown description>
9731at33634_5|CANTFL010001315.1:183457-187739|- -           1101 9731at33634          -            562  3.4e-257  842.5  16.7   2   4   2.4e-13   2.4e-13   37.5   0.1   410   460   540   601   535   608 0.86 <unknown description>
9731at33634_5|CANTFL010001315.1:183457-187739|- -           1101 9731at33634          -            562  3.4e-257  842.5  16.7   3   4   2.7e-12   2.7e-12   34.0   0.5   459   526   631   710   625   732 0.77 <unknown description>
9731at33634_5|CANTFL010001315.1:183457-187739|- -           1101 9731at33634          -            562  3.4e-257  842.5  16.7   4   4   2.2e-07   2.2e-07   17.8   0.0   517   554   736   773   714   779 0.81 <unknown description>
9731at33634_8|CANTFL010001315.1:184035-186223|- -            658 9731at33634          -            562    1e-157  514.1  13.4   1   4  1.1e-131  1.1e-131  428.2   1.5   175   416     1   248     1   255 0.96 <unknown description>
9731at33634_8|CANTFL010001315.1:184035-186223|- -            658 9731at33634          -            562    1e-157  514.1  13.4   2   4   1.3e-13   1.3e-13   38.4   0.1   410   460   284   345   279   352 0.86 <unknown description>
9731at33634_8|CANTFL010001315.1:184035-186223|- -            658 9731at33634          -            562    1e-157  514.1  13.4   3   4   1.4e-12   1.4e-12   35.0   0.5   459   526   375   454   369   476 0.76 <unknown description>
9731at33634_8|CANTFL010001315.1:184035-186223|- -            658 9731at33634          -            562    1e-157  514.1  13.4   4   4   1.2e-07   1.2e-07   18.7   0.0   517   554   480   517   458   523 0.81 <unknown description>
9731at33634_0|CANTFL010001315.1:186256-186760|- -            169 9731at33634          -            562   7.1e-92  296.8   0.8   1   1   7.9e-92   7.9e-92  296.6   0.8     1   164     1   169     1   169 0.97 <unknown description>
#
# Program:         hmmsearch
# Version:         3.4 (Aug 2023)
# Pipeline mode:   SEARCH
# Query file:      /data/djs217/PROJECTS/36_Hpa_genome_assembly/hpa-genome-assembly/final_assemblies/busco_downloads/lineages/stramenopiles_odb10/hmms/9731at33634.hmm
# Target file:     /data/djs217/PROJECTS/36_Hpa_genome_assembly/hpa-genome-assembly/final_assemblies/GCA_947650285.1_Hp1_genomic.fna.busco/run_stramenopiles_odb10/miniprot_output/translated_proteins/9731at33634.faa
# Option settings: hmmsearch --domtblout /data/djs217/PROJECTS/36_Hpa_genome_assembly/hpa-genome-assembly/final_assemblies/GCA_947650285.1_Hp1_genomic.fna.busco/run_stramenopiles_odb10/hmmer_output/9731at33634.out --cpu 1 /data/djs217/PROJECTS/36_Hpa_genome_assembly/hpa-genome-assembly/final_assemblies/busco_downloads/lineages/stramenopiles_odb10/hmms/9731at33634.hmm /data/djs217/PROJECTS/36_Hpa_genome_assembly/hpa-genome-assembly/final_assemblies/GCA_947650285.1_Hp1_genomic.fna.busco/run_stramenopiles_odb10/miniprot_output/translated_proteins/9731at33634.faa 
# Current dir:     /data/djs217/PROJECTS/36_Hpa_genome_assembly/hpa-genome-assembly/final_assemblies
# Date:            Sat Jul 19 13:20:41 2025
# [ok]
