#                                                                                                  --- full sequence --- -------------- this domain -------------   hmm coord   ali coord   env coord
# target name                              accession   tlen query name           accession   qlen   E-value  score  bias   #  of  c-Evalue  i-Evalue  score  bias  from    to  from    to  from    to  acc description of target
#                      ------------------- ---------- ----- -------------------- ---------- ----- --------- ------ ----- --- --- --------- --------- ------ ----- ----- ----- ----- ----- ----- ----- ---- ---------------------
1803at33634_4|contig_253:140747-143576|-   -            920 1803at33634          -            592  3.9e-224  733.3  24.7   1   5  2.7e-169  2.7e-169  552.2   4.8     7   374    54   499    48   511 0.86 <unknown description>
1803at33634_4|contig_253:140747-143576|-   -            920 1803at33634          -            592  3.9e-224  733.3  24.7   2   5   8.1e-33   8.1e-33  101.5   2.9   378   453   530   629   523   635 0.85 <unknown description>
1803at33634_4|contig_253:140747-143576|-   -            920 1803at33634          -            592  3.9e-224  733.3  24.7   3   5   3.2e-15   3.2e-15   43.4   0.0   452   499   666   721   657   730 0.83 <unknown description>
1803at33634_4|contig_253:140747-143576|-   -            920 1803at33634          -            592  3.9e-224  733.3  24.7   4   5   1.5e-11   1.5e-11   31.3   0.1   483   551   734   818   725   824 0.78 <unknown description>
1803at33634_4|contig_253:140747-143576|-   -            920 1803at33634          -            592  3.9e-224  733.3  24.7   5   5   0.00057   0.00057    6.3   0.3   548   572   846   870   833   904 0.74 <unknown description>
1803at33634_2|contig_494:4293879-4296357|- -            827 1803at33634          -            592  1.1e-182  596.4   5.7   1   4    1e-169    1e-169  553.6   0.2    11   468    10   577     4   581 0.83 <unknown description>
1803at33634_2|contig_494:4293879-4296357|- -            827 1803at33634          -            592  1.1e-182  596.4   5.7   2   4   2.2e-10   2.2e-10   27.4   0.0   440   499   591   659   587   673 0.72 <unknown description>
1803at33634_2|contig_494:4293879-4296357|- -            827 1803at33634          -            592  1.1e-182  596.4   5.7   3   4   0.00015   0.00015    8.2   0.3   487   534   678   727   660   758 0.74 <unknown description>
1803at33634_2|contig_494:4293879-4296357|- -            827 1803at33634          -            592  1.1e-182  596.4   5.7   4   4     0.021     0.021    1.1   0.0   549   570   785   806   772   823 0.82 <unknown description>
1803at33634_2|contig_817:2258917-2261404|+ -            830 1803at33634          -            592    9e-175  570.3  12.2   1   4  8.4e-164  8.4e-164  534.1   5.8    10   453    18   575    14   593 0.81 <unknown description>
1803at33634_2|contig_817:2258917-2261404|+ -            830 1803at33634          -            592    9e-175  570.3  12.2   2   4   3.3e-09   3.3e-09   23.6   0.0   440   498   605   672   600   707 0.77 <unknown description>
1803at33634_2|contig_817:2258917-2261404|+ -            830 1803at33634          -            592    9e-175  570.3  12.2   3   4     0.045     0.045    0.0   0.1   506   535   708   739   690   778 0.67 <unknown description>
1803at33634_2|contig_817:2258917-2261404|+ -            830 1803at33634          -            592    9e-175  570.3  12.2   4   4     0.003     0.003    3.9   0.1   548   572   796   820   767   830 0.81 <unknown description>
1803at33634_9|contig_393:2707165-2710234|- -            845 1803at33634          -            592  7.3e-158  514.5   2.0   1   4  6.1e-104  6.1e-104  336.4   0.1     9   298    20   353     1   363 0.86 <unknown description>
1803at33634_9|contig_393:2707165-2710234|- -            845 1803at33634          -            592  7.3e-158  514.5   2.0   2   4   2.1e-15   2.1e-15   44.0   0.0   308   374   387   463   379   469 0.84 <unknown description>
1803at33634_9|contig_393:2707165-2710234|- -            845 1803at33634          -            592  7.3e-158  514.5   2.0   3   4   5.9e-25   5.9e-25   75.6   0.1   385   454   505   595   495   601 0.82 <unknown description>
1803at33634_9|contig_393:2707165-2710234|- -            845 1803at33634          -            592  7.3e-158  514.5   2.0   4   4   2.2e-16   2.2e-16   47.2   0.0   447   551   613   758   608   764 0.75 <unknown description>
#
# Program:         hmmsearch
# Version:         3.4 (Aug 2023)
# Pipeline mode:   SEARCH
# Query file:      /data/djs217/PROJECTS/36_Hpa_genome_assembly/hpa-genome-assembly/busco_downloads/lineages/stramenopiles_odb10/hmms/1803at33634.hmm
# Target file:     /data/djs217/PROJECTS/36_Hpa_genome_assembly/hpa-genome-assembly/Noks1.10.busco/run_stramenopiles_odb10/miniprot_output/translated_proteins/1803at33634.faa
# Option settings: hmmsearch --domtblout /data/djs217/PROJECTS/36_Hpa_genome_assembly/hpa-genome-assembly/Noks1.10.busco/run_stramenopiles_odb10/hmmer_output/1803at33634.out --cpu 1 /data/djs217/PROJECTS/36_Hpa_genome_assembly/hpa-genome-assembly/busco_downloads/lineages/stramenopiles_odb10/hmms/1803at33634.hmm /data/djs217/PROJECTS/36_Hpa_genome_assembly/hpa-genome-assembly/Noks1.10.busco/run_stramenopiles_odb10/miniprot_output/translated_proteins/1803at33634.faa 
# Current dir:     /data/djs217/PROJECTS/36_Hpa_genome_assembly/hpa-genome-assembly
# Date:            Thu Jul 17 10:10:21 2025
# [ok]
